[2024-02-01T17:06:48.210+0100] {processor.py:161} INFO - Started process (PID=43351) to work on /home/ubuntu/.local/lib/python3.10/site-packages/airflow/example_dags/example_sensor_decorator.py
[2024-02-01T17:06:48.212+0100] {processor.py:830} INFO - Processing file /home/ubuntu/.local/lib/python3.10/site-packages/airflow/example_dags/example_sensor_decorator.py for tasks to queue
[2024-02-01T17:06:48.217+0100] {logging_mixin.py:188} INFO - [2024-02-01T17:06:48.216+0100] {dagbag.py:538} INFO - Filling up the DagBag from /home/ubuntu/.local/lib/python3.10/site-packages/airflow/example_dags/example_sensor_decorator.py
[2024-02-01T17:06:48.258+0100] {processor.py:840} INFO - DAG(s) 'example_sensor_decorator' retrieved from /home/ubuntu/.local/lib/python3.10/site-packages/airflow/example_dags/example_sensor_decorator.py
[2024-02-01T17:06:48.578+0100] {logging_mixin.py:188} INFO - [2024-02-01T17:06:48.578+0100] {dag.py:3033} INFO - Sync 1 DAGs
[2024-02-01T17:06:48.605+0100] {logging_mixin.py:188} INFO - [2024-02-01T17:06:48.604+0100] {dag.py:3820} INFO - Setting next_dagrun for example_sensor_decorator to None, run_after=None
[2024-02-01T17:06:48.712+0100] {processor.py:183} INFO - Processing /home/ubuntu/.local/lib/python3.10/site-packages/airflow/example_dags/example_sensor_decorator.py took 0.506 seconds
[2024-02-01T17:08:31.506+0100] {processor.py:161} INFO - Started process (PID=43430) to work on /home/ubuntu/.local/lib/python3.10/site-packages/airflow/example_dags/example_sensor_decorator.py
[2024-02-01T17:08:31.511+0100] {processor.py:830} INFO - Processing file /home/ubuntu/.local/lib/python3.10/site-packages/airflow/example_dags/example_sensor_decorator.py for tasks to queue
[2024-02-01T17:08:31.513+0100] {logging_mixin.py:188} INFO - [2024-02-01T17:08:31.512+0100] {dagbag.py:538} INFO - Filling up the DagBag from /home/ubuntu/.local/lib/python3.10/site-packages/airflow/example_dags/example_sensor_decorator.py
[2024-02-01T17:08:31.528+0100] {processor.py:840} INFO - DAG(s) 'example_sensor_decorator' retrieved from /home/ubuntu/.local/lib/python3.10/site-packages/airflow/example_dags/example_sensor_decorator.py
[2024-02-01T17:08:31.581+0100] {logging_mixin.py:188} INFO - [2024-02-01T17:08:31.580+0100] {dag.py:3033} INFO - Sync 1 DAGs
[2024-02-01T17:08:31.604+0100] {logging_mixin.py:188} INFO - [2024-02-01T17:08:31.603+0100] {dag.py:3820} INFO - Setting next_dagrun for example_sensor_decorator to None, run_after=None
[2024-02-01T17:08:31.743+0100] {processor.py:183} INFO - Processing /home/ubuntu/.local/lib/python3.10/site-packages/airflow/example_dags/example_sensor_decorator.py took 0.242 seconds
[2024-02-01T17:10:03.369+0100] {processor.py:161} INFO - Started process (PID=43505) to work on /home/ubuntu/.local/lib/python3.10/site-packages/airflow/example_dags/example_sensor_decorator.py
[2024-02-01T17:10:03.374+0100] {processor.py:830} INFO - Processing file /home/ubuntu/.local/lib/python3.10/site-packages/airflow/example_dags/example_sensor_decorator.py for tasks to queue
[2024-02-01T17:10:03.377+0100] {logging_mixin.py:188} INFO - [2024-02-01T17:10:03.375+0100] {dagbag.py:538} INFO - Filling up the DagBag from /home/ubuntu/.local/lib/python3.10/site-packages/airflow/example_dags/example_sensor_decorator.py
[2024-02-01T17:10:03.395+0100] {processor.py:840} INFO - DAG(s) 'example_sensor_decorator' retrieved from /home/ubuntu/.local/lib/python3.10/site-packages/airflow/example_dags/example_sensor_decorator.py
[2024-02-01T17:10:03.490+0100] {logging_mixin.py:188} INFO - [2024-02-01T17:10:03.490+0100] {dag.py:3033} INFO - Sync 1 DAGs
[2024-02-01T17:10:03.507+0100] {logging_mixin.py:188} INFO - [2024-02-01T17:10:03.507+0100] {dag.py:3820} INFO - Setting next_dagrun for example_sensor_decorator to None, run_after=None
[2024-02-01T17:10:03.595+0100] {processor.py:183} INFO - Processing /home/ubuntu/.local/lib/python3.10/site-packages/airflow/example_dags/example_sensor_decorator.py took 0.238 seconds
[2024-02-01T17:11:35.044+0100] {processor.py:161} INFO - Started process (PID=43582) to work on /home/ubuntu/.local/lib/python3.10/site-packages/airflow/example_dags/example_sensor_decorator.py
[2024-02-01T17:11:35.053+0100] {processor.py:830} INFO - Processing file /home/ubuntu/.local/lib/python3.10/site-packages/airflow/example_dags/example_sensor_decorator.py for tasks to queue
[2024-02-01T17:11:35.056+0100] {logging_mixin.py:188} INFO - [2024-02-01T17:11:35.055+0100] {dagbag.py:538} INFO - Filling up the DagBag from /home/ubuntu/.local/lib/python3.10/site-packages/airflow/example_dags/example_sensor_decorator.py
[2024-02-01T17:11:35.151+0100] {processor.py:840} INFO - DAG(s) 'example_sensor_decorator' retrieved from /home/ubuntu/.local/lib/python3.10/site-packages/airflow/example_dags/example_sensor_decorator.py
[2024-02-01T17:11:35.222+0100] {logging_mixin.py:188} INFO - [2024-02-01T17:11:35.222+0100] {dag.py:3033} INFO - Sync 1 DAGs
[2024-02-01T17:11:35.500+0100] {logging_mixin.py:188} INFO - [2024-02-01T17:11:35.500+0100] {dag.py:3820} INFO - Setting next_dagrun for example_sensor_decorator to None, run_after=None
[2024-02-01T17:11:35.536+0100] {processor.py:183} INFO - Processing /home/ubuntu/.local/lib/python3.10/site-packages/airflow/example_dags/example_sensor_decorator.py took 0.501 seconds
[2024-02-01T17:13:05.408+0100] {processor.py:161} INFO - Started process (PID=43665) to work on /home/ubuntu/.local/lib/python3.10/site-packages/airflow/example_dags/example_sensor_decorator.py
[2024-02-01T17:13:05.411+0100] {processor.py:830} INFO - Processing file /home/ubuntu/.local/lib/python3.10/site-packages/airflow/example_dags/example_sensor_decorator.py for tasks to queue
[2024-02-01T17:13:05.412+0100] {logging_mixin.py:188} INFO - [2024-02-01T17:13:05.411+0100] {dagbag.py:538} INFO - Filling up the DagBag from /home/ubuntu/.local/lib/python3.10/site-packages/airflow/example_dags/example_sensor_decorator.py
[2024-02-01T17:13:05.419+0100] {processor.py:840} INFO - DAG(s) 'example_sensor_decorator' retrieved from /home/ubuntu/.local/lib/python3.10/site-packages/airflow/example_dags/example_sensor_decorator.py
[2024-02-01T17:13:05.434+0100] {logging_mixin.py:188} INFO - [2024-02-01T17:13:05.434+0100] {dag.py:3033} INFO - Sync 1 DAGs
[2024-02-01T17:13:05.444+0100] {logging_mixin.py:188} INFO - [2024-02-01T17:13:05.444+0100] {dag.py:3820} INFO - Setting next_dagrun for example_sensor_decorator to None, run_after=None
[2024-02-01T17:13:05.475+0100] {processor.py:183} INFO - Processing /home/ubuntu/.local/lib/python3.10/site-packages/airflow/example_dags/example_sensor_decorator.py took 0.070 seconds
[2024-02-01T17:14:00.094+0100] {processor.py:161} INFO - Started process (PID=43727) to work on /home/ubuntu/.local/lib/python3.10/site-packages/airflow/example_dags/example_sensor_decorator.py
[2024-02-01T17:14:00.101+0100] {processor.py:830} INFO - Processing file /home/ubuntu/.local/lib/python3.10/site-packages/airflow/example_dags/example_sensor_decorator.py for tasks to queue
[2024-02-01T17:14:00.103+0100] {logging_mixin.py:188} INFO - [2024-02-01T17:14:00.102+0100] {dagbag.py:538} INFO - Filling up the DagBag from /home/ubuntu/.local/lib/python3.10/site-packages/airflow/example_dags/example_sensor_decorator.py
[2024-02-01T17:14:00.119+0100] {processor.py:840} INFO - DAG(s) 'example_sensor_decorator' retrieved from /home/ubuntu/.local/lib/python3.10/site-packages/airflow/example_dags/example_sensor_decorator.py
[2024-02-01T17:14:00.193+0100] {logging_mixin.py:188} INFO - [2024-02-01T17:14:00.193+0100] {dag.py:3033} INFO - Sync 1 DAGs
[2024-02-01T17:14:00.229+0100] {logging_mixin.py:188} INFO - [2024-02-01T17:14:00.228+0100] {dag.py:3820} INFO - Setting next_dagrun for example_sensor_decorator to None, run_after=None
[2024-02-01T17:14:00.333+0100] {processor.py:183} INFO - Processing /home/ubuntu/.local/lib/python3.10/site-packages/airflow/example_dags/example_sensor_decorator.py took 0.245 seconds
