[2024-02-01T17:07:16.185+0100] {processor.py:161} INFO - Started process (PID=43368) to work on /home/ubuntu/.local/lib/python3.10/site-packages/airflow/example_dags/example_setup_teardown.py
[2024-02-01T17:07:16.196+0100] {processor.py:830} INFO - Processing file /home/ubuntu/.local/lib/python3.10/site-packages/airflow/example_dags/example_setup_teardown.py for tasks to queue
[2024-02-01T17:07:16.221+0100] {logging_mixin.py:188} INFO - [2024-02-01T17:07:16.220+0100] {dagbag.py:538} INFO - Filling up the DagBag from /home/ubuntu/.local/lib/python3.10/site-packages/airflow/example_dags/example_setup_teardown.py
[2024-02-01T17:07:16.268+0100] {processor.py:840} INFO - DAG(s) 'example_setup_teardown' retrieved from /home/ubuntu/.local/lib/python3.10/site-packages/airflow/example_dags/example_setup_teardown.py
[2024-02-01T17:07:16.791+0100] {logging_mixin.py:188} INFO - [2024-02-01T17:07:16.790+0100] {dag.py:3033} INFO - Sync 1 DAGs
[2024-02-01T17:07:16.843+0100] {logging_mixin.py:188} INFO - [2024-02-01T17:07:16.841+0100] {dag.py:3820} INFO - Setting next_dagrun for example_setup_teardown to 2024-01-31T00:00:00+00:00, run_after=2024-02-01T00:00:00+00:00
[2024-02-01T17:07:17.072+0100] {processor.py:183} INFO - Processing /home/ubuntu/.local/lib/python3.10/site-packages/airflow/example_dags/example_setup_teardown.py took 0.896 seconds
[2024-02-01T17:08:53.195+0100] {processor.py:161} INFO - Started process (PID=43447) to work on /home/ubuntu/.local/lib/python3.10/site-packages/airflow/example_dags/example_setup_teardown.py
[2024-02-01T17:08:53.208+0100] {processor.py:830} INFO - Processing file /home/ubuntu/.local/lib/python3.10/site-packages/airflow/example_dags/example_setup_teardown.py for tasks to queue
[2024-02-01T17:08:53.210+0100] {logging_mixin.py:188} INFO - [2024-02-01T17:08:53.209+0100] {dagbag.py:538} INFO - Filling up the DagBag from /home/ubuntu/.local/lib/python3.10/site-packages/airflow/example_dags/example_setup_teardown.py
[2024-02-01T17:08:53.262+0100] {processor.py:840} INFO - DAG(s) 'example_setup_teardown' retrieved from /home/ubuntu/.local/lib/python3.10/site-packages/airflow/example_dags/example_setup_teardown.py
[2024-02-01T17:08:53.337+0100] {logging_mixin.py:188} INFO - [2024-02-01T17:08:53.333+0100] {dag.py:3033} INFO - Sync 1 DAGs
[2024-02-01T17:08:53.401+0100] {logging_mixin.py:188} INFO - [2024-02-01T17:08:53.401+0100] {dag.py:3820} INFO - Setting next_dagrun for example_setup_teardown to 2024-01-31T00:00:00+00:00, run_after=2024-02-01T00:00:00+00:00
[2024-02-01T17:08:53.558+0100] {processor.py:183} INFO - Processing /home/ubuntu/.local/lib/python3.10/site-packages/airflow/example_dags/example_setup_teardown.py took 0.368 seconds
[2024-02-01T17:10:25.069+0100] {processor.py:161} INFO - Started process (PID=43522) to work on /home/ubuntu/.local/lib/python3.10/site-packages/airflow/example_dags/example_setup_teardown.py
[2024-02-01T17:10:25.096+0100] {processor.py:830} INFO - Processing file /home/ubuntu/.local/lib/python3.10/site-packages/airflow/example_dags/example_setup_teardown.py for tasks to queue
[2024-02-01T17:10:25.097+0100] {logging_mixin.py:188} INFO - [2024-02-01T17:10:25.096+0100] {dagbag.py:538} INFO - Filling up the DagBag from /home/ubuntu/.local/lib/python3.10/site-packages/airflow/example_dags/example_setup_teardown.py
[2024-02-01T17:10:25.116+0100] {processor.py:840} INFO - DAG(s) 'example_setup_teardown' retrieved from /home/ubuntu/.local/lib/python3.10/site-packages/airflow/example_dags/example_setup_teardown.py
[2024-02-01T17:10:25.152+0100] {logging_mixin.py:188} INFO - [2024-02-01T17:10:25.152+0100] {dag.py:3033} INFO - Sync 1 DAGs
[2024-02-01T17:10:25.220+0100] {logging_mixin.py:188} INFO - [2024-02-01T17:10:25.220+0100] {dag.py:3820} INFO - Setting next_dagrun for example_setup_teardown to 2024-01-31T00:00:00+00:00, run_after=2024-02-01T00:00:00+00:00
[2024-02-01T17:10:25.362+0100] {processor.py:183} INFO - Processing /home/ubuntu/.local/lib/python3.10/site-packages/airflow/example_dags/example_setup_teardown.py took 0.296 seconds
[2024-02-01T17:12:00.043+0100] {processor.py:161} INFO - Started process (PID=43600) to work on /home/ubuntu/.local/lib/python3.10/site-packages/airflow/example_dags/example_setup_teardown.py
[2024-02-01T17:12:00.065+0100] {processor.py:830} INFO - Processing file /home/ubuntu/.local/lib/python3.10/site-packages/airflow/example_dags/example_setup_teardown.py for tasks to queue
[2024-02-01T17:12:00.066+0100] {logging_mixin.py:188} INFO - [2024-02-01T17:12:00.065+0100] {dagbag.py:538} INFO - Filling up the DagBag from /home/ubuntu/.local/lib/python3.10/site-packages/airflow/example_dags/example_setup_teardown.py
[2024-02-01T17:12:00.122+0100] {processor.py:840} INFO - DAG(s) 'example_setup_teardown' retrieved from /home/ubuntu/.local/lib/python3.10/site-packages/airflow/example_dags/example_setup_teardown.py
[2024-02-01T17:12:00.493+0100] {logging_mixin.py:188} INFO - [2024-02-01T17:12:00.493+0100] {dag.py:3033} INFO - Sync 1 DAGs
[2024-02-01T17:12:00.510+0100] {logging_mixin.py:188} INFO - [2024-02-01T17:12:00.510+0100] {dag.py:3820} INFO - Setting next_dagrun for example_setup_teardown to 2024-01-31T00:00:00+00:00, run_after=2024-02-01T00:00:00+00:00
[2024-02-01T17:12:00.610+0100] {processor.py:183} INFO - Processing /home/ubuntu/.local/lib/python3.10/site-packages/airflow/example_dags/example_setup_teardown.py took 0.608 seconds
[2024-02-01T17:13:20.757+0100] {processor.py:161} INFO - Started process (PID=43682) to work on /home/ubuntu/.local/lib/python3.10/site-packages/airflow/example_dags/example_setup_teardown.py
[2024-02-01T17:13:20.759+0100] {processor.py:830} INFO - Processing file /home/ubuntu/.local/lib/python3.10/site-packages/airflow/example_dags/example_setup_teardown.py for tasks to queue
[2024-02-01T17:13:20.760+0100] {logging_mixin.py:188} INFO - [2024-02-01T17:13:20.760+0100] {dagbag.py:538} INFO - Filling up the DagBag from /home/ubuntu/.local/lib/python3.10/site-packages/airflow/example_dags/example_setup_teardown.py
[2024-02-01T17:13:20.768+0100] {processor.py:840} INFO - DAG(s) 'example_setup_teardown' retrieved from /home/ubuntu/.local/lib/python3.10/site-packages/airflow/example_dags/example_setup_teardown.py
[2024-02-01T17:13:20.786+0100] {logging_mixin.py:188} INFO - [2024-02-01T17:13:20.786+0100] {dag.py:3033} INFO - Sync 1 DAGs
[2024-02-01T17:13:20.808+0100] {logging_mixin.py:188} INFO - [2024-02-01T17:13:20.808+0100] {dag.py:3820} INFO - Setting next_dagrun for example_setup_teardown to 2024-01-31T00:00:00+00:00, run_after=2024-02-01T00:00:00+00:00
[2024-02-01T17:13:20.964+0100] {processor.py:183} INFO - Processing /home/ubuntu/.local/lib/python3.10/site-packages/airflow/example_dags/example_setup_teardown.py took 0.210 seconds
[2024-02-01T17:14:48.633+0100] {processor.py:161} INFO - Started process (PID=43801) to work on /home/ubuntu/.local/lib/python3.10/site-packages/airflow/example_dags/example_setup_teardown.py
[2024-02-01T17:14:48.636+0100] {processor.py:830} INFO - Processing file /home/ubuntu/.local/lib/python3.10/site-packages/airflow/example_dags/example_setup_teardown.py for tasks to queue
[2024-02-01T17:14:48.637+0100] {logging_mixin.py:188} INFO - [2024-02-01T17:14:48.637+0100] {dagbag.py:538} INFO - Filling up the DagBag from /home/ubuntu/.local/lib/python3.10/site-packages/airflow/example_dags/example_setup_teardown.py
[2024-02-01T17:14:48.648+0100] {processor.py:840} INFO - DAG(s) 'example_setup_teardown' retrieved from /home/ubuntu/.local/lib/python3.10/site-packages/airflow/example_dags/example_setup_teardown.py
[2024-02-01T17:14:48.665+0100] {logging_mixin.py:188} INFO - [2024-02-01T17:14:48.664+0100] {dag.py:3033} INFO - Sync 1 DAGs
[2024-02-01T17:14:48.694+0100] {logging_mixin.py:188} INFO - [2024-02-01T17:14:48.694+0100] {dag.py:3820} INFO - Setting next_dagrun for example_setup_teardown to 2024-01-31T00:00:00+00:00, run_after=2024-02-01T00:00:00+00:00
[2024-02-01T17:14:48.726+0100] {processor.py:183} INFO - Processing /home/ubuntu/.local/lib/python3.10/site-packages/airflow/example_dags/example_setup_teardown.py took 0.097 seconds
