[2024-02-01T17:06:20.869+0100] {processor.py:161} INFO - Started process (PID=43336) to work on /home/ubuntu/.local/lib/python3.10/site-packages/airflow/example_dags/example_short_circuit_operator.py
[2024-02-01T17:06:20.871+0100] {processor.py:830} INFO - Processing file /home/ubuntu/.local/lib/python3.10/site-packages/airflow/example_dags/example_short_circuit_operator.py for tasks to queue
[2024-02-01T17:06:20.872+0100] {logging_mixin.py:188} INFO - [2024-02-01T17:06:20.872+0100] {dagbag.py:538} INFO - Filling up the DagBag from /home/ubuntu/.local/lib/python3.10/site-packages/airflow/example_dags/example_short_circuit_operator.py
[2024-02-01T17:06:20.885+0100] {processor.py:840} INFO - DAG(s) 'example_short_circuit_operator' retrieved from /home/ubuntu/.local/lib/python3.10/site-packages/airflow/example_dags/example_short_circuit_operator.py
[2024-02-01T17:06:21.322+0100] {logging_mixin.py:188} INFO - [2024-02-01T17:06:21.321+0100] {dag.py:3033} INFO - Sync 1 DAGs
[2024-02-01T17:06:21.363+0100] {logging_mixin.py:188} INFO - [2024-02-01T17:06:21.363+0100] {dag.py:3820} INFO - Setting next_dagrun for example_short_circuit_operator to 2024-01-31T00:00:00+00:00, run_after=2024-02-01T00:00:00+00:00
[2024-02-01T17:06:21.518+0100] {processor.py:183} INFO - Processing /home/ubuntu/.local/lib/python3.10/site-packages/airflow/example_dags/example_short_circuit_operator.py took 0.657 seconds
[2024-02-01T17:07:42.037+0100] {processor.py:161} INFO - Started process (PID=43393) to work on /home/ubuntu/.local/lib/python3.10/site-packages/airflow/example_dags/example_short_circuit_operator.py
[2024-02-01T17:07:42.040+0100] {processor.py:830} INFO - Processing file /home/ubuntu/.local/lib/python3.10/site-packages/airflow/example_dags/example_short_circuit_operator.py for tasks to queue
[2024-02-01T17:07:42.041+0100] {logging_mixin.py:188} INFO - [2024-02-01T17:07:42.040+0100] {dagbag.py:538} INFO - Filling up the DagBag from /home/ubuntu/.local/lib/python3.10/site-packages/airflow/example_dags/example_short_circuit_operator.py
[2024-02-01T17:07:42.050+0100] {processor.py:840} INFO - DAG(s) 'example_short_circuit_operator' retrieved from /home/ubuntu/.local/lib/python3.10/site-packages/airflow/example_dags/example_short_circuit_operator.py
[2024-02-01T17:07:42.071+0100] {logging_mixin.py:188} INFO - [2024-02-01T17:07:42.071+0100] {dag.py:3033} INFO - Sync 1 DAGs
[2024-02-01T17:07:42.097+0100] {logging_mixin.py:188} INFO - [2024-02-01T17:07:42.097+0100] {dag.py:3820} INFO - Setting next_dagrun for example_short_circuit_operator to 2024-01-31T00:00:00+00:00, run_after=2024-02-01T00:00:00+00:00
[2024-02-01T17:07:42.148+0100] {processor.py:183} INFO - Processing /home/ubuntu/.local/lib/python3.10/site-packages/airflow/example_dags/example_short_circuit_operator.py took 0.115 seconds
[2024-02-01T17:09:17.728+0100] {processor.py:161} INFO - Started process (PID=43473) to work on /home/ubuntu/.local/lib/python3.10/site-packages/airflow/example_dags/example_short_circuit_operator.py
[2024-02-01T17:09:17.741+0100] {processor.py:830} INFO - Processing file /home/ubuntu/.local/lib/python3.10/site-packages/airflow/example_dags/example_short_circuit_operator.py for tasks to queue
[2024-02-01T17:09:17.743+0100] {logging_mixin.py:188} INFO - [2024-02-01T17:09:17.742+0100] {dagbag.py:538} INFO - Filling up the DagBag from /home/ubuntu/.local/lib/python3.10/site-packages/airflow/example_dags/example_short_circuit_operator.py
[2024-02-01T17:09:17.802+0100] {processor.py:840} INFO - DAG(s) 'example_short_circuit_operator' retrieved from /home/ubuntu/.local/lib/python3.10/site-packages/airflow/example_dags/example_short_circuit_operator.py
[2024-02-01T17:09:17.898+0100] {logging_mixin.py:188} INFO - [2024-02-01T17:09:17.898+0100] {dag.py:3033} INFO - Sync 1 DAGs
[2024-02-01T17:09:17.991+0100] {logging_mixin.py:188} INFO - [2024-02-01T17:09:17.986+0100] {dag.py:3820} INFO - Setting next_dagrun for example_short_circuit_operator to 2024-01-31T00:00:00+00:00, run_after=2024-02-01T00:00:00+00:00
[2024-02-01T17:09:18.146+0100] {processor.py:183} INFO - Processing /home/ubuntu/.local/lib/python3.10/site-packages/airflow/example_dags/example_short_circuit_operator.py took 0.425 seconds
[2024-02-01T17:10:47.062+0100] {processor.py:161} INFO - Started process (PID=43544) to work on /home/ubuntu/.local/lib/python3.10/site-packages/airflow/example_dags/example_short_circuit_operator.py
[2024-02-01T17:10:47.094+0100] {processor.py:830} INFO - Processing file /home/ubuntu/.local/lib/python3.10/site-packages/airflow/example_dags/example_short_circuit_operator.py for tasks to queue
[2024-02-01T17:10:47.101+0100] {logging_mixin.py:188} INFO - [2024-02-01T17:10:47.100+0100] {dagbag.py:538} INFO - Filling up the DagBag from /home/ubuntu/.local/lib/python3.10/site-packages/airflow/example_dags/example_short_circuit_operator.py
[2024-02-01T17:10:47.146+0100] {processor.py:840} INFO - DAG(s) 'example_short_circuit_operator' retrieved from /home/ubuntu/.local/lib/python3.10/site-packages/airflow/example_dags/example_short_circuit_operator.py
[2024-02-01T17:10:47.194+0100] {logging_mixin.py:188} INFO - [2024-02-01T17:10:47.194+0100] {dag.py:3033} INFO - Sync 1 DAGs
[2024-02-01T17:10:47.236+0100] {logging_mixin.py:188} INFO - [2024-02-01T17:10:47.235+0100] {dag.py:3820} INFO - Setting next_dagrun for example_short_circuit_operator to 2024-01-31T00:00:00+00:00, run_after=2024-02-01T00:00:00+00:00
[2024-02-01T17:10:47.317+0100] {processor.py:183} INFO - Processing /home/ubuntu/.local/lib/python3.10/site-packages/airflow/example_dags/example_short_circuit_operator.py took 0.259 seconds
[2024-02-01T17:12:31.492+0100] {processor.py:161} INFO - Started process (PID=43624) to work on /home/ubuntu/.local/lib/python3.10/site-packages/airflow/example_dags/example_short_circuit_operator.py
[2024-02-01T17:12:31.495+0100] {processor.py:830} INFO - Processing file /home/ubuntu/.local/lib/python3.10/site-packages/airflow/example_dags/example_short_circuit_operator.py for tasks to queue
[2024-02-01T17:12:31.497+0100] {logging_mixin.py:188} INFO - [2024-02-01T17:12:31.496+0100] {dagbag.py:538} INFO - Filling up the DagBag from /home/ubuntu/.local/lib/python3.10/site-packages/airflow/example_dags/example_short_circuit_operator.py
[2024-02-01T17:12:31.507+0100] {processor.py:840} INFO - DAG(s) 'example_short_circuit_operator' retrieved from /home/ubuntu/.local/lib/python3.10/site-packages/airflow/example_dags/example_short_circuit_operator.py
[2024-02-01T17:12:31.541+0100] {logging_mixin.py:188} INFO - [2024-02-01T17:12:31.541+0100] {dag.py:3033} INFO - Sync 1 DAGs
[2024-02-01T17:12:31.571+0100] {logging_mixin.py:188} INFO - [2024-02-01T17:12:31.570+0100] {dag.py:3820} INFO - Setting next_dagrun for example_short_circuit_operator to 2024-01-31T00:00:00+00:00, run_after=2024-02-01T00:00:00+00:00
[2024-02-01T17:12:31.611+0100] {processor.py:183} INFO - Processing /home/ubuntu/.local/lib/python3.10/site-packages/airflow/example_dags/example_short_circuit_operator.py took 0.123 seconds
[2024-02-01T17:13:33.652+0100] {processor.py:161} INFO - Started process (PID=43697) to work on /home/ubuntu/.local/lib/python3.10/site-packages/airflow/example_dags/example_short_circuit_operator.py
[2024-02-01T17:13:33.654+0100] {processor.py:830} INFO - Processing file /home/ubuntu/.local/lib/python3.10/site-packages/airflow/example_dags/example_short_circuit_operator.py for tasks to queue
[2024-02-01T17:13:33.655+0100] {logging_mixin.py:188} INFO - [2024-02-01T17:13:33.655+0100] {dagbag.py:538} INFO - Filling up the DagBag from /home/ubuntu/.local/lib/python3.10/site-packages/airflow/example_dags/example_short_circuit_operator.py
[2024-02-01T17:13:33.670+0100] {processor.py:840} INFO - DAG(s) 'example_short_circuit_operator' retrieved from /home/ubuntu/.local/lib/python3.10/site-packages/airflow/example_dags/example_short_circuit_operator.py
[2024-02-01T17:13:33.700+0100] {logging_mixin.py:188} INFO - [2024-02-01T17:13:33.700+0100] {dag.py:3033} INFO - Sync 1 DAGs
[2024-02-01T17:13:33.730+0100] {logging_mixin.py:188} INFO - [2024-02-01T17:13:33.729+0100] {dag.py:3820} INFO - Setting next_dagrun for example_short_circuit_operator to 2024-01-31T00:00:00+00:00, run_after=2024-02-01T00:00:00+00:00
[2024-02-01T17:13:33.777+0100] {processor.py:183} INFO - Processing /home/ubuntu/.local/lib/python3.10/site-packages/airflow/example_dags/example_short_circuit_operator.py took 0.130 seconds
[2024-02-01T17:14:29.706+0100] {processor.py:161} INFO - Started process (PID=43782) to work on /home/ubuntu/.local/lib/python3.10/site-packages/airflow/example_dags/example_short_circuit_operator.py
[2024-02-01T17:14:29.744+0100] {processor.py:830} INFO - Processing file /home/ubuntu/.local/lib/python3.10/site-packages/airflow/example_dags/example_short_circuit_operator.py for tasks to queue
[2024-02-01T17:14:29.752+0100] {logging_mixin.py:188} INFO - [2024-02-01T17:14:29.748+0100] {dagbag.py:538} INFO - Filling up the DagBag from /home/ubuntu/.local/lib/python3.10/site-packages/airflow/example_dags/example_short_circuit_operator.py
[2024-02-01T17:14:29.776+0100] {processor.py:840} INFO - DAG(s) 'example_short_circuit_operator' retrieved from /home/ubuntu/.local/lib/python3.10/site-packages/airflow/example_dags/example_short_circuit_operator.py
[2024-02-01T17:14:29.811+0100] {logging_mixin.py:188} INFO - [2024-02-01T17:14:29.811+0100] {dag.py:3033} INFO - Sync 1 DAGs
[2024-02-01T17:14:29.857+0100] {logging_mixin.py:188} INFO - [2024-02-01T17:14:29.856+0100] {dag.py:3820} INFO - Setting next_dagrun for example_short_circuit_operator to 2024-01-31T00:00:00+00:00, run_after=2024-02-01T00:00:00+00:00
[2024-02-01T17:14:29.887+0100] {processor.py:183} INFO - Processing /home/ubuntu/.local/lib/python3.10/site-packages/airflow/example_dags/example_short_circuit_operator.py took 0.201 seconds
