[2024-02-01T17:06:28.388+0100] {processor.py:161} INFO - Started process (PID=43341) to work on /home/ubuntu/.local/lib/python3.10/site-packages/airflow/example_dags/example_external_task_marker_dag.py
[2024-02-01T17:06:28.390+0100] {processor.py:830} INFO - Processing file /home/ubuntu/.local/lib/python3.10/site-packages/airflow/example_dags/example_external_task_marker_dag.py for tasks to queue
[2024-02-01T17:06:28.401+0100] {logging_mixin.py:188} INFO - [2024-02-01T17:06:28.400+0100] {dagbag.py:538} INFO - Filling up the DagBag from /home/ubuntu/.local/lib/python3.10/site-packages/airflow/example_dags/example_external_task_marker_dag.py
[2024-02-01T17:06:28.457+0100] {processor.py:840} INFO - DAG(s) 'example_external_task_marker_parent', 'example_external_task_marker_child' retrieved from /home/ubuntu/.local/lib/python3.10/site-packages/airflow/example_dags/example_external_task_marker_dag.py
[2024-02-01T17:06:28.883+0100] {logging_mixin.py:188} INFO - [2024-02-01T17:06:28.883+0100] {dag.py:3033} INFO - Sync 2 DAGs
[2024-02-01T17:06:28.900+0100] {logging_mixin.py:188} INFO - [2024-02-01T17:06:28.900+0100] {dag.py:3820} INFO - Setting next_dagrun for example_external_task_marker_child to None, run_after=None
[2024-02-01T17:06:28.908+0100] {logging_mixin.py:188} INFO - [2024-02-01T17:06:28.906+0100] {dag.py:3820} INFO - Setting next_dagrun for example_external_task_marker_parent to None, run_after=None
[2024-02-01T17:06:29.042+0100] {processor.py:183} INFO - Processing /home/ubuntu/.local/lib/python3.10/site-packages/airflow/example_dags/example_external_task_marker_dag.py took 0.672 seconds
[2024-02-01T17:07:49.261+0100] {processor.py:161} INFO - Started process (PID=43399) to work on /home/ubuntu/.local/lib/python3.10/site-packages/airflow/example_dags/example_external_task_marker_dag.py
[2024-02-01T17:07:49.268+0100] {processor.py:830} INFO - Processing file /home/ubuntu/.local/lib/python3.10/site-packages/airflow/example_dags/example_external_task_marker_dag.py for tasks to queue
[2024-02-01T17:07:49.271+0100] {logging_mixin.py:188} INFO - [2024-02-01T17:07:49.270+0100] {dagbag.py:538} INFO - Filling up the DagBag from /home/ubuntu/.local/lib/python3.10/site-packages/airflow/example_dags/example_external_task_marker_dag.py
[2024-02-01T17:07:49.319+0100] {processor.py:840} INFO - DAG(s) 'example_external_task_marker_child', 'example_external_task_marker_parent' retrieved from /home/ubuntu/.local/lib/python3.10/site-packages/airflow/example_dags/example_external_task_marker_dag.py
[2024-02-01T17:07:49.435+0100] {logging_mixin.py:188} INFO - [2024-02-01T17:07:49.434+0100] {dag.py:3033} INFO - Sync 2 DAGs
[2024-02-01T17:07:49.511+0100] {logging_mixin.py:188} INFO - [2024-02-01T17:07:49.510+0100] {dag.py:3820} INFO - Setting next_dagrun for example_external_task_marker_child to None, run_after=None
[2024-02-01T17:07:49.523+0100] {logging_mixin.py:188} INFO - [2024-02-01T17:07:49.523+0100] {dag.py:3820} INFO - Setting next_dagrun for example_external_task_marker_parent to None, run_after=None
[2024-02-01T17:07:49.640+0100] {processor.py:183} INFO - Processing /home/ubuntu/.local/lib/python3.10/site-packages/airflow/example_dags/example_external_task_marker_dag.py took 0.389 seconds
[2024-02-01T17:09:25.912+0100] {processor.py:161} INFO - Started process (PID=43478) to work on /home/ubuntu/.local/lib/python3.10/site-packages/airflow/example_dags/example_external_task_marker_dag.py
[2024-02-01T17:09:25.938+0100] {processor.py:830} INFO - Processing file /home/ubuntu/.local/lib/python3.10/site-packages/airflow/example_dags/example_external_task_marker_dag.py for tasks to queue
[2024-02-01T17:09:25.947+0100] {logging_mixin.py:188} INFO - [2024-02-01T17:09:25.946+0100] {dagbag.py:538} INFO - Filling up the DagBag from /home/ubuntu/.local/lib/python3.10/site-packages/airflow/example_dags/example_external_task_marker_dag.py
[2024-02-01T17:09:25.982+0100] {processor.py:840} INFO - DAG(s) 'example_external_task_marker_parent', 'example_external_task_marker_child' retrieved from /home/ubuntu/.local/lib/python3.10/site-packages/airflow/example_dags/example_external_task_marker_dag.py
[2024-02-01T17:09:26.062+0100] {logging_mixin.py:188} INFO - [2024-02-01T17:09:26.061+0100] {dag.py:3033} INFO - Sync 2 DAGs
[2024-02-01T17:09:26.158+0100] {logging_mixin.py:188} INFO - [2024-02-01T17:09:26.157+0100] {dag.py:3820} INFO - Setting next_dagrun for example_external_task_marker_child to None, run_after=None
[2024-02-01T17:09:26.195+0100] {logging_mixin.py:188} INFO - [2024-02-01T17:09:26.195+0100] {dag.py:3820} INFO - Setting next_dagrun for example_external_task_marker_parent to None, run_after=None
[2024-02-01T17:09:26.337+0100] {processor.py:183} INFO - Processing /home/ubuntu/.local/lib/python3.10/site-packages/airflow/example_dags/example_external_task_marker_dag.py took 0.437 seconds
[2024-02-01T17:10:54.512+0100] {processor.py:161} INFO - Started process (PID=43554) to work on /home/ubuntu/.local/lib/python3.10/site-packages/airflow/example_dags/example_external_task_marker_dag.py
[2024-02-01T17:10:54.536+0100] {processor.py:830} INFO - Processing file /home/ubuntu/.local/lib/python3.10/site-packages/airflow/example_dags/example_external_task_marker_dag.py for tasks to queue
[2024-02-01T17:10:54.538+0100] {logging_mixin.py:188} INFO - [2024-02-01T17:10:54.537+0100] {dagbag.py:538} INFO - Filling up the DagBag from /home/ubuntu/.local/lib/python3.10/site-packages/airflow/example_dags/example_external_task_marker_dag.py
[2024-02-01T17:10:54.588+0100] {processor.py:840} INFO - DAG(s) 'example_external_task_marker_parent', 'example_external_task_marker_child' retrieved from /home/ubuntu/.local/lib/python3.10/site-packages/airflow/example_dags/example_external_task_marker_dag.py
[2024-02-01T17:10:54.632+0100] {logging_mixin.py:188} INFO - [2024-02-01T17:10:54.632+0100] {dag.py:3033} INFO - Sync 2 DAGs
[2024-02-01T17:10:54.699+0100] {logging_mixin.py:188} INFO - [2024-02-01T17:10:54.698+0100] {dag.py:3820} INFO - Setting next_dagrun for example_external_task_marker_child to None, run_after=None
[2024-02-01T17:10:54.705+0100] {logging_mixin.py:188} INFO - [2024-02-01T17:10:54.704+0100] {dag.py:3820} INFO - Setting next_dagrun for example_external_task_marker_parent to None, run_after=None
[2024-02-01T17:10:54.892+0100] {processor.py:183} INFO - Processing /home/ubuntu/.local/lib/python3.10/site-packages/airflow/example_dags/example_external_task_marker_dag.py took 0.386 seconds
[2024-02-01T17:12:39.078+0100] {processor.py:161} INFO - Started process (PID=43629) to work on /home/ubuntu/.local/lib/python3.10/site-packages/airflow/example_dags/example_external_task_marker_dag.py
[2024-02-01T17:12:39.081+0100] {processor.py:830} INFO - Processing file /home/ubuntu/.local/lib/python3.10/site-packages/airflow/example_dags/example_external_task_marker_dag.py for tasks to queue
[2024-02-01T17:12:39.082+0100] {logging_mixin.py:188} INFO - [2024-02-01T17:12:39.081+0100] {dagbag.py:538} INFO - Filling up the DagBag from /home/ubuntu/.local/lib/python3.10/site-packages/airflow/example_dags/example_external_task_marker_dag.py
[2024-02-01T17:12:39.093+0100] {processor.py:840} INFO - DAG(s) 'example_external_task_marker_child', 'example_external_task_marker_parent' retrieved from /home/ubuntu/.local/lib/python3.10/site-packages/airflow/example_dags/example_external_task_marker_dag.py
[2024-02-01T17:12:39.124+0100] {logging_mixin.py:188} INFO - [2024-02-01T17:12:39.124+0100] {dag.py:3033} INFO - Sync 2 DAGs
[2024-02-01T17:12:39.137+0100] {logging_mixin.py:188} INFO - [2024-02-01T17:12:39.137+0100] {dag.py:3820} INFO - Setting next_dagrun for example_external_task_marker_child to None, run_after=None
[2024-02-01T17:12:39.141+0100] {logging_mixin.py:188} INFO - [2024-02-01T17:12:39.140+0100] {dag.py:3820} INFO - Setting next_dagrun for example_external_task_marker_parent to None, run_after=None
[2024-02-01T17:12:39.171+0100] {processor.py:183} INFO - Processing /home/ubuntu/.local/lib/python3.10/site-packages/airflow/example_dags/example_external_task_marker_dag.py took 0.098 seconds
[2024-02-01T17:13:39.987+0100] {processor.py:161} INFO - Started process (PID=43703) to work on /home/ubuntu/.local/lib/python3.10/site-packages/airflow/example_dags/example_external_task_marker_dag.py
[2024-02-01T17:13:39.989+0100] {processor.py:830} INFO - Processing file /home/ubuntu/.local/lib/python3.10/site-packages/airflow/example_dags/example_external_task_marker_dag.py for tasks to queue
[2024-02-01T17:13:39.990+0100] {logging_mixin.py:188} INFO - [2024-02-01T17:13:39.989+0100] {dagbag.py:538} INFO - Filling up the DagBag from /home/ubuntu/.local/lib/python3.10/site-packages/airflow/example_dags/example_external_task_marker_dag.py
[2024-02-01T17:13:39.997+0100] {processor.py:840} INFO - DAG(s) 'example_external_task_marker_child', 'example_external_task_marker_parent' retrieved from /home/ubuntu/.local/lib/python3.10/site-packages/airflow/example_dags/example_external_task_marker_dag.py
[2024-02-01T17:13:40.021+0100] {logging_mixin.py:188} INFO - [2024-02-01T17:13:40.021+0100] {dag.py:3033} INFO - Sync 2 DAGs
[2024-02-01T17:13:40.034+0100] {logging_mixin.py:188} INFO - [2024-02-01T17:13:40.034+0100] {dag.py:3820} INFO - Setting next_dagrun for example_external_task_marker_child to None, run_after=None
[2024-02-01T17:13:40.037+0100] {logging_mixin.py:188} INFO - [2024-02-01T17:13:40.037+0100] {dag.py:3820} INFO - Setting next_dagrun for example_external_task_marker_parent to None, run_after=None
[2024-02-01T17:13:40.064+0100] {processor.py:183} INFO - Processing /home/ubuntu/.local/lib/python3.10/site-packages/airflow/example_dags/example_external_task_marker_dag.py took 0.081 seconds
[2024-02-01T17:14:35.941+0100] {processor.py:161} INFO - Started process (PID=43787) to work on /home/ubuntu/.local/lib/python3.10/site-packages/airflow/example_dags/example_external_task_marker_dag.py
[2024-02-01T17:14:35.942+0100] {processor.py:830} INFO - Processing file /home/ubuntu/.local/lib/python3.10/site-packages/airflow/example_dags/example_external_task_marker_dag.py for tasks to queue
[2024-02-01T17:14:35.943+0100] {logging_mixin.py:188} INFO - [2024-02-01T17:14:35.943+0100] {dagbag.py:538} INFO - Filling up the DagBag from /home/ubuntu/.local/lib/python3.10/site-packages/airflow/example_dags/example_external_task_marker_dag.py
[2024-02-01T17:14:35.950+0100] {processor.py:840} INFO - DAG(s) 'example_external_task_marker_child', 'example_external_task_marker_parent' retrieved from /home/ubuntu/.local/lib/python3.10/site-packages/airflow/example_dags/example_external_task_marker_dag.py
[2024-02-01T17:14:35.976+0100] {logging_mixin.py:188} INFO - [2024-02-01T17:14:35.976+0100] {dag.py:3033} INFO - Sync 2 DAGs
[2024-02-01T17:14:35.992+0100] {logging_mixin.py:188} INFO - [2024-02-01T17:14:35.991+0100] {dag.py:3820} INFO - Setting next_dagrun for example_external_task_marker_child to None, run_after=None
[2024-02-01T17:14:35.995+0100] {logging_mixin.py:188} INFO - [2024-02-01T17:14:35.995+0100] {dag.py:3820} INFO - Setting next_dagrun for example_external_task_marker_parent to None, run_after=None
[2024-02-01T17:14:36.025+0100] {processor.py:183} INFO - Processing /home/ubuntu/.local/lib/python3.10/site-packages/airflow/example_dags/example_external_task_marker_dag.py took 0.087 seconds
