[2024-02-01T17:06:49.923+0100] {processor.py:161} INFO - Started process (PID=43352) to work on /home/ubuntu/.local/lib/python3.10/site-packages/airflow/example_dags/example_short_circuit_decorator.py
[2024-02-01T17:06:49.928+0100] {processor.py:830} INFO - Processing file /home/ubuntu/.local/lib/python3.10/site-packages/airflow/example_dags/example_short_circuit_decorator.py for tasks to queue
[2024-02-01T17:06:49.930+0100] {logging_mixin.py:188} INFO - [2024-02-01T17:06:49.929+0100] {dagbag.py:538} INFO - Filling up the DagBag from /home/ubuntu/.local/lib/python3.10/site-packages/airflow/example_dags/example_short_circuit_decorator.py
[2024-02-01T17:06:49.972+0100] {processor.py:840} INFO - DAG(s) 'example_short_circuit_decorator' retrieved from /home/ubuntu/.local/lib/python3.10/site-packages/airflow/example_dags/example_short_circuit_decorator.py
[2024-02-01T17:06:50.322+0100] {logging_mixin.py:188} INFO - [2024-02-01T17:06:50.322+0100] {dag.py:3033} INFO - Sync 1 DAGs
[2024-02-01T17:06:50.400+0100] {logging_mixin.py:188} INFO - [2024-02-01T17:06:50.400+0100] {dag.py:3820} INFO - Setting next_dagrun for example_short_circuit_decorator to 2024-01-31T00:00:00+00:00, run_after=2024-02-01T00:00:00+00:00
[2024-02-01T17:06:50.549+0100] {processor.py:183} INFO - Processing /home/ubuntu/.local/lib/python3.10/site-packages/airflow/example_dags/example_short_circuit_decorator.py took 0.635 seconds
[2024-02-01T17:08:33.016+0100] {processor.py:161} INFO - Started process (PID=43431) to work on /home/ubuntu/.local/lib/python3.10/site-packages/airflow/example_dags/example_short_circuit_decorator.py
[2024-02-01T17:08:33.020+0100] {processor.py:830} INFO - Processing file /home/ubuntu/.local/lib/python3.10/site-packages/airflow/example_dags/example_short_circuit_decorator.py for tasks to queue
[2024-02-01T17:08:33.022+0100] {logging_mixin.py:188} INFO - [2024-02-01T17:08:33.021+0100] {dagbag.py:538} INFO - Filling up the DagBag from /home/ubuntu/.local/lib/python3.10/site-packages/airflow/example_dags/example_short_circuit_decorator.py
[2024-02-01T17:08:33.094+0100] {processor.py:840} INFO - DAG(s) 'example_short_circuit_decorator' retrieved from /home/ubuntu/.local/lib/python3.10/site-packages/airflow/example_dags/example_short_circuit_decorator.py
[2024-02-01T17:08:33.187+0100] {logging_mixin.py:188} INFO - [2024-02-01T17:08:33.186+0100] {dag.py:3033} INFO - Sync 1 DAGs
[2024-02-01T17:08:33.277+0100] {logging_mixin.py:188} INFO - [2024-02-01T17:08:33.276+0100] {dag.py:3820} INFO - Setting next_dagrun for example_short_circuit_decorator to 2024-01-31T00:00:00+00:00, run_after=2024-02-01T00:00:00+00:00
[2024-02-01T17:08:33.381+0100] {processor.py:183} INFO - Processing /home/ubuntu/.local/lib/python3.10/site-packages/airflow/example_dags/example_short_circuit_decorator.py took 0.375 seconds
[2024-02-01T17:10:04.539+0100] {processor.py:161} INFO - Started process (PID=43506) to work on /home/ubuntu/.local/lib/python3.10/site-packages/airflow/example_dags/example_short_circuit_decorator.py
[2024-02-01T17:10:04.543+0100] {processor.py:830} INFO - Processing file /home/ubuntu/.local/lib/python3.10/site-packages/airflow/example_dags/example_short_circuit_decorator.py for tasks to queue
[2024-02-01T17:10:04.545+0100] {logging_mixin.py:188} INFO - [2024-02-01T17:10:04.544+0100] {dagbag.py:538} INFO - Filling up the DagBag from /home/ubuntu/.local/lib/python3.10/site-packages/airflow/example_dags/example_short_circuit_decorator.py
[2024-02-01T17:10:04.566+0100] {processor.py:840} INFO - DAG(s) 'example_short_circuit_decorator' retrieved from /home/ubuntu/.local/lib/python3.10/site-packages/airflow/example_dags/example_short_circuit_decorator.py
[2024-02-01T17:10:04.683+0100] {logging_mixin.py:188} INFO - [2024-02-01T17:10:04.682+0100] {dag.py:3033} INFO - Sync 1 DAGs
[2024-02-01T17:10:04.760+0100] {logging_mixin.py:188} INFO - [2024-02-01T17:10:04.758+0100] {dag.py:3820} INFO - Setting next_dagrun for example_short_circuit_decorator to 2024-01-31T00:00:00+00:00, run_after=2024-02-01T00:00:00+00:00
[2024-02-01T17:10:04.960+0100] {processor.py:183} INFO - Processing /home/ubuntu/.local/lib/python3.10/site-packages/airflow/example_dags/example_short_circuit_decorator.py took 0.436 seconds
[2024-02-01T17:11:36.124+0100] {processor.py:161} INFO - Started process (PID=43583) to work on /home/ubuntu/.local/lib/python3.10/site-packages/airflow/example_dags/example_short_circuit_decorator.py
[2024-02-01T17:11:36.126+0100] {processor.py:830} INFO - Processing file /home/ubuntu/.local/lib/python3.10/site-packages/airflow/example_dags/example_short_circuit_decorator.py for tasks to queue
[2024-02-01T17:11:36.128+0100] {logging_mixin.py:188} INFO - [2024-02-01T17:11:36.127+0100] {dagbag.py:538} INFO - Filling up the DagBag from /home/ubuntu/.local/lib/python3.10/site-packages/airflow/example_dags/example_short_circuit_decorator.py
[2024-02-01T17:11:36.142+0100] {processor.py:840} INFO - DAG(s) 'example_short_circuit_decorator' retrieved from /home/ubuntu/.local/lib/python3.10/site-packages/airflow/example_dags/example_short_circuit_decorator.py
[2024-02-01T17:11:36.171+0100] {logging_mixin.py:188} INFO - [2024-02-01T17:11:36.171+0100] {dag.py:3033} INFO - Sync 1 DAGs
[2024-02-01T17:11:36.414+0100] {logging_mixin.py:188} INFO - [2024-02-01T17:11:36.413+0100] {dag.py:3820} INFO - Setting next_dagrun for example_short_circuit_decorator to 2024-01-31T00:00:00+00:00, run_after=2024-02-01T00:00:00+00:00
[2024-02-01T17:11:36.451+0100] {processor.py:183} INFO - Processing /home/ubuntu/.local/lib/python3.10/site-packages/airflow/example_dags/example_short_circuit_decorator.py took 0.331 seconds
[2024-02-01T17:13:06.271+0100] {processor.py:161} INFO - Started process (PID=43666) to work on /home/ubuntu/.local/lib/python3.10/site-packages/airflow/example_dags/example_short_circuit_decorator.py
[2024-02-01T17:13:06.273+0100] {processor.py:830} INFO - Processing file /home/ubuntu/.local/lib/python3.10/site-packages/airflow/example_dags/example_short_circuit_decorator.py for tasks to queue
[2024-02-01T17:13:06.274+0100] {logging_mixin.py:188} INFO - [2024-02-01T17:13:06.273+0100] {dagbag.py:538} INFO - Filling up the DagBag from /home/ubuntu/.local/lib/python3.10/site-packages/airflow/example_dags/example_short_circuit_decorator.py
[2024-02-01T17:13:06.284+0100] {processor.py:840} INFO - DAG(s) 'example_short_circuit_decorator' retrieved from /home/ubuntu/.local/lib/python3.10/site-packages/airflow/example_dags/example_short_circuit_decorator.py
[2024-02-01T17:13:06.304+0100] {logging_mixin.py:188} INFO - [2024-02-01T17:13:06.304+0100] {dag.py:3033} INFO - Sync 1 DAGs
[2024-02-01T17:13:06.322+0100] {logging_mixin.py:188} INFO - [2024-02-01T17:13:06.321+0100] {dag.py:3820} INFO - Setting next_dagrun for example_short_circuit_decorator to 2024-01-31T00:00:00+00:00, run_after=2024-02-01T00:00:00+00:00
[2024-02-01T17:13:06.348+0100] {processor.py:183} INFO - Processing /home/ubuntu/.local/lib/python3.10/site-packages/airflow/example_dags/example_short_circuit_decorator.py took 0.080 seconds
[2024-02-01T17:14:01.507+0100] {processor.py:161} INFO - Started process (PID=43736) to work on /home/ubuntu/.local/lib/python3.10/site-packages/airflow/example_dags/example_short_circuit_decorator.py
[2024-02-01T17:14:01.549+0100] {processor.py:830} INFO - Processing file /home/ubuntu/.local/lib/python3.10/site-packages/airflow/example_dags/example_short_circuit_decorator.py for tasks to queue
[2024-02-01T17:14:01.562+0100] {logging_mixin.py:188} INFO - [2024-02-01T17:14:01.562+0100] {dagbag.py:538} INFO - Filling up the DagBag from /home/ubuntu/.local/lib/python3.10/site-packages/airflow/example_dags/example_short_circuit_decorator.py
[2024-02-01T17:14:01.669+0100] {processor.py:840} INFO - DAG(s) 'example_short_circuit_decorator' retrieved from /home/ubuntu/.local/lib/python3.10/site-packages/airflow/example_dags/example_short_circuit_decorator.py
[2024-02-01T17:14:01.810+0100] {logging_mixin.py:188} INFO - [2024-02-01T17:14:01.809+0100] {dag.py:3033} INFO - Sync 1 DAGs
[2024-02-01T17:14:01.940+0100] {logging_mixin.py:188} INFO - [2024-02-01T17:14:01.940+0100] {dag.py:3820} INFO - Setting next_dagrun for example_short_circuit_decorator to 2024-01-31T00:00:00+00:00, run_after=2024-02-01T00:00:00+00:00
[2024-02-01T17:14:02.148+0100] {processor.py:183} INFO - Processing /home/ubuntu/.local/lib/python3.10/site-packages/airflow/example_dags/example_short_circuit_decorator.py took 0.663 seconds
