[2024-02-01T17:06:06.305+0100] {processor.py:161} INFO - Started process (PID=43326) to work on /home/ubuntu/.local/lib/python3.10/site-packages/airflow/example_dags/example_trigger_controller_dag.py
[2024-02-01T17:06:06.321+0100] {processor.py:830} INFO - Processing file /home/ubuntu/.local/lib/python3.10/site-packages/airflow/example_dags/example_trigger_controller_dag.py for tasks to queue
[2024-02-01T17:06:06.322+0100] {logging_mixin.py:188} INFO - [2024-02-01T17:06:06.321+0100] {dagbag.py:538} INFO - Filling up the DagBag from /home/ubuntu/.local/lib/python3.10/site-packages/airflow/example_dags/example_trigger_controller_dag.py
[2024-02-01T17:06:06.348+0100] {processor.py:840} INFO - DAG(s) 'example_trigger_controller_dag' retrieved from /home/ubuntu/.local/lib/python3.10/site-packages/airflow/example_dags/example_trigger_controller_dag.py
[2024-02-01T17:06:06.731+0100] {logging_mixin.py:188} INFO - [2024-02-01T17:06:06.731+0100] {dag.py:3033} INFO - Sync 1 DAGs
[2024-02-01T17:06:06.818+0100] {logging_mixin.py:188} INFO - [2024-02-01T17:06:06.817+0100] {dag.py:3820} INFO - Setting next_dagrun for example_trigger_controller_dag to 2021-01-01T00:00:00+00:00, run_after=2021-01-01T00:00:00+00:00
[2024-02-01T17:06:06.967+0100] {processor.py:183} INFO - Processing /home/ubuntu/.local/lib/python3.10/site-packages/airflow/example_dags/example_trigger_controller_dag.py took 0.667 seconds
[2024-02-01T17:07:35.486+0100] {processor.py:161} INFO - Started process (PID=43383) to work on /home/ubuntu/.local/lib/python3.10/site-packages/airflow/example_dags/example_trigger_controller_dag.py
[2024-02-01T17:07:35.498+0100] {processor.py:830} INFO - Processing file /home/ubuntu/.local/lib/python3.10/site-packages/airflow/example_dags/example_trigger_controller_dag.py for tasks to queue
[2024-02-01T17:07:35.499+0100] {logging_mixin.py:188} INFO - [2024-02-01T17:07:35.498+0100] {dagbag.py:538} INFO - Filling up the DagBag from /home/ubuntu/.local/lib/python3.10/site-packages/airflow/example_dags/example_trigger_controller_dag.py
[2024-02-01T17:07:35.504+0100] {processor.py:840} INFO - DAG(s) 'example_trigger_controller_dag' retrieved from /home/ubuntu/.local/lib/python3.10/site-packages/airflow/example_dags/example_trigger_controller_dag.py
[2024-02-01T17:07:35.523+0100] {logging_mixin.py:188} INFO - [2024-02-01T17:07:35.523+0100] {dag.py:3033} INFO - Sync 1 DAGs
[2024-02-01T17:07:35.546+0100] {logging_mixin.py:188} INFO - [2024-02-01T17:07:35.545+0100] {dag.py:3820} INFO - Setting next_dagrun for example_trigger_controller_dag to 2021-01-01T00:00:00+00:00, run_after=2021-01-01T00:00:00+00:00
[2024-02-01T17:07:35.577+0100] {processor.py:183} INFO - Processing /home/ubuntu/.local/lib/python3.10/site-packages/airflow/example_dags/example_trigger_controller_dag.py took 0.096 seconds
[2024-02-01T17:08:28.394+0100] {processor.py:161} INFO - Started process (PID=43427) to work on /home/ubuntu/.local/lib/python3.10/site-packages/airflow/example_dags/example_trigger_controller_dag.py
[2024-02-01T17:08:28.424+0100] {processor.py:830} INFO - Processing file /home/ubuntu/.local/lib/python3.10/site-packages/airflow/example_dags/example_trigger_controller_dag.py for tasks to queue
[2024-02-01T17:08:28.426+0100] {logging_mixin.py:188} INFO - [2024-02-01T17:08:28.426+0100] {dagbag.py:538} INFO - Filling up the DagBag from /home/ubuntu/.local/lib/python3.10/site-packages/airflow/example_dags/example_trigger_controller_dag.py
[2024-02-01T17:08:28.435+0100] {processor.py:840} INFO - DAG(s) 'example_trigger_controller_dag' retrieved from /home/ubuntu/.local/lib/python3.10/site-packages/airflow/example_dags/example_trigger_controller_dag.py
[2024-02-01T17:08:28.506+0100] {logging_mixin.py:188} INFO - [2024-02-01T17:08:28.505+0100] {dag.py:3033} INFO - Sync 1 DAGs
[2024-02-01T17:08:28.585+0100] {logging_mixin.py:188} INFO - [2024-02-01T17:08:28.584+0100] {dag.py:3820} INFO - Setting next_dagrun for example_trigger_controller_dag to 2021-01-01T00:00:00+00:00, run_after=2021-01-01T00:00:00+00:00
[2024-02-01T17:08:28.719+0100] {processor.py:183} INFO - Processing /home/ubuntu/.local/lib/python3.10/site-packages/airflow/example_dags/example_trigger_controller_dag.py took 0.330 seconds
[2024-02-01T17:10:00.543+0100] {processor.py:161} INFO - Started process (PID=43503) to work on /home/ubuntu/.local/lib/python3.10/site-packages/airflow/example_dags/example_trigger_controller_dag.py
[2024-02-01T17:10:00.557+0100] {processor.py:830} INFO - Processing file /home/ubuntu/.local/lib/python3.10/site-packages/airflow/example_dags/example_trigger_controller_dag.py for tasks to queue
[2024-02-01T17:10:00.559+0100] {logging_mixin.py:188} INFO - [2024-02-01T17:10:00.558+0100] {dagbag.py:538} INFO - Filling up the DagBag from /home/ubuntu/.local/lib/python3.10/site-packages/airflow/example_dags/example_trigger_controller_dag.py
[2024-02-01T17:10:00.571+0100] {processor.py:840} INFO - DAG(s) 'example_trigger_controller_dag' retrieved from /home/ubuntu/.local/lib/python3.10/site-packages/airflow/example_dags/example_trigger_controller_dag.py
[2024-02-01T17:10:00.625+0100] {logging_mixin.py:188} INFO - [2024-02-01T17:10:00.625+0100] {dag.py:3033} INFO - Sync 1 DAGs
[2024-02-01T17:10:00.677+0100] {logging_mixin.py:188} INFO - [2024-02-01T17:10:00.677+0100] {dag.py:3820} INFO - Setting next_dagrun for example_trigger_controller_dag to 2021-01-01T00:00:00+00:00, run_after=2021-01-01T00:00:00+00:00
[2024-02-01T17:10:00.766+0100] {processor.py:183} INFO - Processing /home/ubuntu/.local/lib/python3.10/site-packages/airflow/example_dags/example_trigger_controller_dag.py took 0.231 seconds
[2024-02-01T17:11:32.476+0100] {processor.py:161} INFO - Started process (PID=43580) to work on /home/ubuntu/.local/lib/python3.10/site-packages/airflow/example_dags/example_trigger_controller_dag.py
[2024-02-01T17:11:32.484+0100] {processor.py:830} INFO - Processing file /home/ubuntu/.local/lib/python3.10/site-packages/airflow/example_dags/example_trigger_controller_dag.py for tasks to queue
[2024-02-01T17:11:32.489+0100] {logging_mixin.py:188} INFO - [2024-02-01T17:11:32.488+0100] {dagbag.py:538} INFO - Filling up the DagBag from /home/ubuntu/.local/lib/python3.10/site-packages/airflow/example_dags/example_trigger_controller_dag.py
[2024-02-01T17:11:32.504+0100] {processor.py:840} INFO - DAG(s) 'example_trigger_controller_dag' retrieved from /home/ubuntu/.local/lib/python3.10/site-packages/airflow/example_dags/example_trigger_controller_dag.py
[2024-02-01T17:11:32.580+0100] {logging_mixin.py:188} INFO - [2024-02-01T17:11:32.580+0100] {dag.py:3033} INFO - Sync 1 DAGs
[2024-02-01T17:11:32.801+0100] {logging_mixin.py:188} INFO - [2024-02-01T17:11:32.800+0100] {dag.py:3820} INFO - Setting next_dagrun for example_trigger_controller_dag to 2021-01-01T00:00:00+00:00, run_after=2021-01-01T00:00:00+00:00
[2024-02-01T17:11:32.849+0100] {processor.py:183} INFO - Processing /home/ubuntu/.local/lib/python3.10/site-packages/airflow/example_dags/example_trigger_controller_dag.py took 0.381 seconds
[2024-02-01T17:13:03.425+0100] {processor.py:161} INFO - Started process (PID=43663) to work on /home/ubuntu/.local/lib/python3.10/site-packages/airflow/example_dags/example_trigger_controller_dag.py
[2024-02-01T17:13:03.427+0100] {processor.py:830} INFO - Processing file /home/ubuntu/.local/lib/python3.10/site-packages/airflow/example_dags/example_trigger_controller_dag.py for tasks to queue
[2024-02-01T17:13:03.429+0100] {logging_mixin.py:188} INFO - [2024-02-01T17:13:03.428+0100] {dagbag.py:538} INFO - Filling up the DagBag from /home/ubuntu/.local/lib/python3.10/site-packages/airflow/example_dags/example_trigger_controller_dag.py
[2024-02-01T17:13:03.439+0100] {processor.py:840} INFO - DAG(s) 'example_trigger_controller_dag' retrieved from /home/ubuntu/.local/lib/python3.10/site-packages/airflow/example_dags/example_trigger_controller_dag.py
[2024-02-01T17:13:03.460+0100] {logging_mixin.py:188} INFO - [2024-02-01T17:13:03.459+0100] {dag.py:3033} INFO - Sync 1 DAGs
[2024-02-01T17:13:03.483+0100] {logging_mixin.py:188} INFO - [2024-02-01T17:13:03.483+0100] {dag.py:3820} INFO - Setting next_dagrun for example_trigger_controller_dag to 2021-01-01T00:00:00+00:00, run_after=2021-01-01T00:00:00+00:00
[2024-02-01T17:13:03.509+0100] {processor.py:183} INFO - Processing /home/ubuntu/.local/lib/python3.10/site-packages/airflow/example_dags/example_trigger_controller_dag.py took 0.088 seconds
[2024-02-01T17:13:57.975+0100] {processor.py:161} INFO - Started process (PID=43725) to work on /home/ubuntu/.local/lib/python3.10/site-packages/airflow/example_dags/example_trigger_controller_dag.py
[2024-02-01T17:13:57.977+0100] {processor.py:830} INFO - Processing file /home/ubuntu/.local/lib/python3.10/site-packages/airflow/example_dags/example_trigger_controller_dag.py for tasks to queue
[2024-02-01T17:13:57.978+0100] {logging_mixin.py:188} INFO - [2024-02-01T17:13:57.977+0100] {dagbag.py:538} INFO - Filling up the DagBag from /home/ubuntu/.local/lib/python3.10/site-packages/airflow/example_dags/example_trigger_controller_dag.py
[2024-02-01T17:13:57.984+0100] {processor.py:840} INFO - DAG(s) 'example_trigger_controller_dag' retrieved from /home/ubuntu/.local/lib/python3.10/site-packages/airflow/example_dags/example_trigger_controller_dag.py
[2024-02-01T17:13:58.004+0100] {logging_mixin.py:188} INFO - [2024-02-01T17:13:58.004+0100] {dag.py:3033} INFO - Sync 1 DAGs
[2024-02-01T17:13:58.038+0100] {logging_mixin.py:188} INFO - [2024-02-01T17:13:58.038+0100] {dag.py:3820} INFO - Setting next_dagrun for example_trigger_controller_dag to 2021-01-01T00:00:00+00:00, run_after=2021-01-01T00:00:00+00:00
[2024-02-01T17:13:58.083+0100] {processor.py:183} INFO - Processing /home/ubuntu/.local/lib/python3.10/site-packages/airflow/example_dags/example_trigger_controller_dag.py took 0.113 seconds
