[2024-02-01T17:06:41.237+0100] {processor.py:161} INFO - Started process (PID=43347) to work on /home/ubuntu/.local/lib/python3.10/site-packages/airflow/example_dags/example_branch_operator_decorator.py
[2024-02-01T17:06:41.239+0100] {processor.py:830} INFO - Processing file /home/ubuntu/.local/lib/python3.10/site-packages/airflow/example_dags/example_branch_operator_decorator.py for tasks to queue
[2024-02-01T17:06:41.241+0100] {logging_mixin.py:188} INFO - [2024-02-01T17:06:41.240+0100] {dagbag.py:538} INFO - Filling up the DagBag from /home/ubuntu/.local/lib/python3.10/site-packages/airflow/example_dags/example_branch_operator_decorator.py
[2024-02-01T17:06:41.385+0100] {processor.py:840} INFO - DAG(s) 'example_branch_python_operator_decorator' retrieved from /home/ubuntu/.local/lib/python3.10/site-packages/airflow/example_dags/example_branch_operator_decorator.py
[2024-02-01T17:06:41.842+0100] {logging_mixin.py:188} INFO - [2024-02-01T17:06:41.838+0100] {dag.py:3033} INFO - Sync 1 DAGs
[2024-02-01T17:06:42.061+0100] {logging_mixin.py:188} INFO - [2024-02-01T17:06:42.061+0100] {dag.py:3820} INFO - Setting next_dagrun for example_branch_python_operator_decorator to 2024-01-31T00:00:00+00:00, run_after=2024-02-01T00:00:00+00:00
[2024-02-01T17:06:42.137+0100] {processor.py:183} INFO - Processing /home/ubuntu/.local/lib/python3.10/site-packages/airflow/example_dags/example_branch_operator_decorator.py took 0.909 seconds
[2024-02-01T17:08:00.602+0100] {processor.py:161} INFO - Started process (PID=43408) to work on /home/ubuntu/.local/lib/python3.10/site-packages/airflow/example_dags/example_branch_operator_decorator.py
[2024-02-01T17:08:00.617+0100] {processor.py:830} INFO - Processing file /home/ubuntu/.local/lib/python3.10/site-packages/airflow/example_dags/example_branch_operator_decorator.py for tasks to queue
[2024-02-01T17:08:00.620+0100] {logging_mixin.py:188} INFO - [2024-02-01T17:08:00.618+0100] {dagbag.py:538} INFO - Filling up the DagBag from /home/ubuntu/.local/lib/python3.10/site-packages/airflow/example_dags/example_branch_operator_decorator.py
[2024-02-01T17:08:00.816+0100] {processor.py:840} INFO - DAG(s) 'example_branch_python_operator_decorator' retrieved from /home/ubuntu/.local/lib/python3.10/site-packages/airflow/example_dags/example_branch_operator_decorator.py
[2024-02-01T17:08:00.954+0100] {logging_mixin.py:188} INFO - [2024-02-01T17:08:00.953+0100] {dag.py:3033} INFO - Sync 1 DAGs
[2024-02-01T17:08:01.060+0100] {logging_mixin.py:188} INFO - [2024-02-01T17:08:01.060+0100] {dag.py:3820} INFO - Setting next_dagrun for example_branch_python_operator_decorator to 2024-01-31T00:00:00+00:00, run_after=2024-02-01T00:00:00+00:00
[2024-02-01T17:08:01.324+0100] {processor.py:183} INFO - Processing /home/ubuntu/.local/lib/python3.10/site-packages/airflow/example_dags/example_branch_operator_decorator.py took 0.743 seconds
[2024-02-01T17:09:34.710+0100] {processor.py:161} INFO - Started process (PID=43484) to work on /home/ubuntu/.local/lib/python3.10/site-packages/airflow/example_dags/example_branch_operator_decorator.py
[2024-02-01T17:09:34.736+0100] {processor.py:830} INFO - Processing file /home/ubuntu/.local/lib/python3.10/site-packages/airflow/example_dags/example_branch_operator_decorator.py for tasks to queue
[2024-02-01T17:09:34.745+0100] {logging_mixin.py:188} INFO - [2024-02-01T17:09:34.742+0100] {dagbag.py:538} INFO - Filling up the DagBag from /home/ubuntu/.local/lib/python3.10/site-packages/airflow/example_dags/example_branch_operator_decorator.py
[2024-02-01T17:09:34.853+0100] {processor.py:840} INFO - DAG(s) 'example_branch_python_operator_decorator' retrieved from /home/ubuntu/.local/lib/python3.10/site-packages/airflow/example_dags/example_branch_operator_decorator.py
[2024-02-01T17:09:34.962+0100] {logging_mixin.py:188} INFO - [2024-02-01T17:09:34.961+0100] {dag.py:3033} INFO - Sync 1 DAGs
[2024-02-01T17:09:35.018+0100] {logging_mixin.py:188} INFO - [2024-02-01T17:09:35.017+0100] {dag.py:3820} INFO - Setting next_dagrun for example_branch_python_operator_decorator to 2024-01-31T00:00:00+00:00, run_after=2024-02-01T00:00:00+00:00
[2024-02-01T17:09:35.113+0100] {processor.py:183} INFO - Processing /home/ubuntu/.local/lib/python3.10/site-packages/airflow/example_dags/example_branch_operator_decorator.py took 0.406 seconds
[2024-02-01T17:11:02.710+0100] {processor.py:161} INFO - Started process (PID=43560) to work on /home/ubuntu/.local/lib/python3.10/site-packages/airflow/example_dags/example_branch_operator_decorator.py
[2024-02-01T17:11:02.731+0100] {processor.py:830} INFO - Processing file /home/ubuntu/.local/lib/python3.10/site-packages/airflow/example_dags/example_branch_operator_decorator.py for tasks to queue
[2024-02-01T17:11:02.733+0100] {logging_mixin.py:188} INFO - [2024-02-01T17:11:02.732+0100] {dagbag.py:538} INFO - Filling up the DagBag from /home/ubuntu/.local/lib/python3.10/site-packages/airflow/example_dags/example_branch_operator_decorator.py
[2024-02-01T17:11:02.772+0100] {processor.py:840} INFO - DAG(s) 'example_branch_python_operator_decorator' retrieved from /home/ubuntu/.local/lib/python3.10/site-packages/airflow/example_dags/example_branch_operator_decorator.py
[2024-02-01T17:11:02.802+0100] {logging_mixin.py:188} INFO - [2024-02-01T17:11:02.802+0100] {dag.py:3033} INFO - Sync 1 DAGs
[2024-02-01T17:11:03.030+0100] {logging_mixin.py:188} INFO - [2024-02-01T17:11:03.029+0100] {dag.py:3820} INFO - Setting next_dagrun for example_branch_python_operator_decorator to 2024-01-31T00:00:00+00:00, run_after=2024-02-01T00:00:00+00:00
[2024-02-01T17:11:03.203+0100] {processor.py:183} INFO - Processing /home/ubuntu/.local/lib/python3.10/site-packages/airflow/example_dags/example_branch_operator_decorator.py took 0.499 seconds
[2024-02-01T17:12:44.808+0100] {processor.py:161} INFO - Started process (PID=43635) to work on /home/ubuntu/.local/lib/python3.10/site-packages/airflow/example_dags/example_branch_operator_decorator.py
[2024-02-01T17:12:44.811+0100] {processor.py:830} INFO - Processing file /home/ubuntu/.local/lib/python3.10/site-packages/airflow/example_dags/example_branch_operator_decorator.py for tasks to queue
[2024-02-01T17:12:44.811+0100] {logging_mixin.py:188} INFO - [2024-02-01T17:12:44.811+0100] {dagbag.py:538} INFO - Filling up the DagBag from /home/ubuntu/.local/lib/python3.10/site-packages/airflow/example_dags/example_branch_operator_decorator.py
[2024-02-01T17:12:44.834+0100] {processor.py:840} INFO - DAG(s) 'example_branch_python_operator_decorator' retrieved from /home/ubuntu/.local/lib/python3.10/site-packages/airflow/example_dags/example_branch_operator_decorator.py
[2024-02-01T17:12:44.856+0100] {logging_mixin.py:188} INFO - [2024-02-01T17:12:44.856+0100] {dag.py:3033} INFO - Sync 1 DAGs
[2024-02-01T17:12:44.875+0100] {logging_mixin.py:188} INFO - [2024-02-01T17:12:44.875+0100] {dag.py:3820} INFO - Setting next_dagrun for example_branch_python_operator_decorator to 2024-01-31T00:00:00+00:00, run_after=2024-02-01T00:00:00+00:00
[2024-02-01T17:12:44.902+0100] {processor.py:183} INFO - Processing /home/ubuntu/.local/lib/python3.10/site-packages/airflow/example_dags/example_branch_operator_decorator.py took 0.098 seconds
[2024-02-01T17:13:45.781+0100] {processor.py:161} INFO - Started process (PID=43709) to work on /home/ubuntu/.local/lib/python3.10/site-packages/airflow/example_dags/example_branch_operator_decorator.py
[2024-02-01T17:13:45.784+0100] {processor.py:830} INFO - Processing file /home/ubuntu/.local/lib/python3.10/site-packages/airflow/example_dags/example_branch_operator_decorator.py for tasks to queue
[2024-02-01T17:13:45.784+0100] {logging_mixin.py:188} INFO - [2024-02-01T17:13:45.784+0100] {dagbag.py:538} INFO - Filling up the DagBag from /home/ubuntu/.local/lib/python3.10/site-packages/airflow/example_dags/example_branch_operator_decorator.py
[2024-02-01T17:13:45.806+0100] {processor.py:840} INFO - DAG(s) 'example_branch_python_operator_decorator' retrieved from /home/ubuntu/.local/lib/python3.10/site-packages/airflow/example_dags/example_branch_operator_decorator.py
[2024-02-01T17:13:45.831+0100] {logging_mixin.py:188} INFO - [2024-02-01T17:13:45.831+0100] {dag.py:3033} INFO - Sync 1 DAGs
[2024-02-01T17:13:45.849+0100] {logging_mixin.py:188} INFO - [2024-02-01T17:13:45.848+0100] {dag.py:3820} INFO - Setting next_dagrun for example_branch_python_operator_decorator to 2024-01-31T00:00:00+00:00, run_after=2024-02-01T00:00:00+00:00
[2024-02-01T17:13:45.885+0100] {processor.py:183} INFO - Processing /home/ubuntu/.local/lib/python3.10/site-packages/airflow/example_dags/example_branch_operator_decorator.py took 0.107 seconds
[2024-02-01T17:14:43.266+0100] {processor.py:161} INFO - Started process (PID=43797) to work on /home/ubuntu/.local/lib/python3.10/site-packages/airflow/example_dags/example_branch_operator_decorator.py
[2024-02-01T17:14:43.290+0100] {processor.py:830} INFO - Processing file /home/ubuntu/.local/lib/python3.10/site-packages/airflow/example_dags/example_branch_operator_decorator.py for tasks to queue
[2024-02-01T17:14:43.292+0100] {logging_mixin.py:188} INFO - [2024-02-01T17:14:43.291+0100] {dagbag.py:538} INFO - Filling up the DagBag from /home/ubuntu/.local/lib/python3.10/site-packages/airflow/example_dags/example_branch_operator_decorator.py
[2024-02-01T17:14:43.363+0100] {processor.py:840} INFO - DAG(s) 'example_branch_python_operator_decorator' retrieved from /home/ubuntu/.local/lib/python3.10/site-packages/airflow/example_dags/example_branch_operator_decorator.py
[2024-02-01T17:14:43.480+0100] {logging_mixin.py:188} INFO - [2024-02-01T17:14:43.480+0100] {dag.py:3033} INFO - Sync 1 DAGs
[2024-02-01T17:14:43.557+0100] {logging_mixin.py:188} INFO - [2024-02-01T17:14:43.557+0100] {dag.py:3820} INFO - Setting next_dagrun for example_branch_python_operator_decorator to 2024-01-31T00:00:00+00:00, run_after=2024-02-01T00:00:00+00:00
[2024-02-01T17:14:43.614+0100] {processor.py:183} INFO - Processing /home/ubuntu/.local/lib/python3.10/site-packages/airflow/example_dags/example_branch_operator_decorator.py took 0.353 seconds
