[2024-02-01T17:06:22.359+0100] {processor.py:161} INFO - Started process (PID=43337) to work on /home/ubuntu/.local/lib/python3.10/site-packages/airflow/example_dags/example_branch_operator.py
[2024-02-01T17:06:22.365+0100] {processor.py:830} INFO - Processing file /home/ubuntu/.local/lib/python3.10/site-packages/airflow/example_dags/example_branch_operator.py for tasks to queue
[2024-02-01T17:06:22.373+0100] {logging_mixin.py:188} INFO - [2024-02-01T17:06:22.366+0100] {dagbag.py:538} INFO - Filling up the DagBag from /home/ubuntu/.local/lib/python3.10/site-packages/airflow/example_dags/example_branch_operator.py
[2024-02-01T17:06:22.464+0100] {processor.py:840} INFO - DAG(s) 'example_branch_operator' retrieved from /home/ubuntu/.local/lib/python3.10/site-packages/airflow/example_dags/example_branch_operator.py
[2024-02-01T17:06:22.891+0100] {logging_mixin.py:188} INFO - [2024-02-01T17:06:22.889+0100] {dag.py:3033} INFO - Sync 1 DAGs
[2024-02-01T17:06:22.953+0100] {logging_mixin.py:188} INFO - [2024-02-01T17:06:22.952+0100] {dag.py:3820} INFO - Setting next_dagrun for example_branch_operator to 2024-01-31T00:00:00+00:00, run_after=2024-02-01T00:00:00+00:00
[2024-02-01T17:06:23.038+0100] {processor.py:183} INFO - Processing /home/ubuntu/.local/lib/python3.10/site-packages/airflow/example_dags/example_branch_operator.py took 0.715 seconds
[2024-02-01T17:07:43.303+0100] {processor.py:161} INFO - Started process (PID=43395) to work on /home/ubuntu/.local/lib/python3.10/site-packages/airflow/example_dags/example_branch_operator.py
[2024-02-01T17:07:43.307+0100] {processor.py:830} INFO - Processing file /home/ubuntu/.local/lib/python3.10/site-packages/airflow/example_dags/example_branch_operator.py for tasks to queue
[2024-02-01T17:07:43.308+0100] {logging_mixin.py:188} INFO - [2024-02-01T17:07:43.308+0100] {dagbag.py:538} INFO - Filling up the DagBag from /home/ubuntu/.local/lib/python3.10/site-packages/airflow/example_dags/example_branch_operator.py
[2024-02-01T17:07:43.338+0100] {processor.py:840} INFO - DAG(s) 'example_branch_operator' retrieved from /home/ubuntu/.local/lib/python3.10/site-packages/airflow/example_dags/example_branch_operator.py
[2024-02-01T17:07:43.365+0100] {logging_mixin.py:188} INFO - [2024-02-01T17:07:43.365+0100] {dag.py:3033} INFO - Sync 1 DAGs
[2024-02-01T17:07:43.389+0100] {logging_mixin.py:188} INFO - [2024-02-01T17:07:43.389+0100] {dag.py:3820} INFO - Setting next_dagrun for example_branch_operator to 2024-01-31T00:00:00+00:00, run_after=2024-02-01T00:00:00+00:00
[2024-02-01T17:07:43.423+0100] {processor.py:183} INFO - Processing /home/ubuntu/.local/lib/python3.10/site-packages/airflow/example_dags/example_branch_operator.py took 0.126 seconds
[2024-02-01T17:09:19.426+0100] {processor.py:161} INFO - Started process (PID=43474) to work on /home/ubuntu/.local/lib/python3.10/site-packages/airflow/example_dags/example_branch_operator.py
[2024-02-01T17:09:19.450+0100] {processor.py:830} INFO - Processing file /home/ubuntu/.local/lib/python3.10/site-packages/airflow/example_dags/example_branch_operator.py for tasks to queue
[2024-02-01T17:09:19.457+0100] {logging_mixin.py:188} INFO - [2024-02-01T17:09:19.456+0100] {dagbag.py:538} INFO - Filling up the DagBag from /home/ubuntu/.local/lib/python3.10/site-packages/airflow/example_dags/example_branch_operator.py
[2024-02-01T17:09:19.682+0100] {processor.py:840} INFO - DAG(s) 'example_branch_operator' retrieved from /home/ubuntu/.local/lib/python3.10/site-packages/airflow/example_dags/example_branch_operator.py
[2024-02-01T17:09:19.790+0100] {logging_mixin.py:188} INFO - [2024-02-01T17:09:19.789+0100] {dag.py:3033} INFO - Sync 1 DAGs
[2024-02-01T17:09:19.839+0100] {logging_mixin.py:188} INFO - [2024-02-01T17:09:19.838+0100] {dag.py:3820} INFO - Setting next_dagrun for example_branch_operator to 2024-01-31T00:00:00+00:00, run_after=2024-02-01T00:00:00+00:00
[2024-02-01T17:09:19.942+0100] {processor.py:183} INFO - Processing /home/ubuntu/.local/lib/python3.10/site-packages/airflow/example_dags/example_branch_operator.py took 0.527 seconds
[2024-02-01T17:10:48.522+0100] {processor.py:161} INFO - Started process (PID=43545) to work on /home/ubuntu/.local/lib/python3.10/site-packages/airflow/example_dags/example_branch_operator.py
[2024-02-01T17:10:48.534+0100] {processor.py:830} INFO - Processing file /home/ubuntu/.local/lib/python3.10/site-packages/airflow/example_dags/example_branch_operator.py for tasks to queue
[2024-02-01T17:10:48.536+0100] {logging_mixin.py:188} INFO - [2024-02-01T17:10:48.535+0100] {dagbag.py:538} INFO - Filling up the DagBag from /home/ubuntu/.local/lib/python3.10/site-packages/airflow/example_dags/example_branch_operator.py
[2024-02-01T17:10:48.574+0100] {processor.py:840} INFO - DAG(s) 'example_branch_operator' retrieved from /home/ubuntu/.local/lib/python3.10/site-packages/airflow/example_dags/example_branch_operator.py
[2024-02-01T17:10:48.628+0100] {logging_mixin.py:188} INFO - [2024-02-01T17:10:48.628+0100] {dag.py:3033} INFO - Sync 1 DAGs
[2024-02-01T17:10:48.735+0100] {logging_mixin.py:188} INFO - [2024-02-01T17:10:48.734+0100] {dag.py:3820} INFO - Setting next_dagrun for example_branch_operator to 2024-01-31T00:00:00+00:00, run_after=2024-02-01T00:00:00+00:00
[2024-02-01T17:10:48.826+0100] {processor.py:183} INFO - Processing /home/ubuntu/.local/lib/python3.10/site-packages/airflow/example_dags/example_branch_operator.py took 0.310 seconds
[2024-02-01T17:12:32.761+0100] {processor.py:161} INFO - Started process (PID=43625) to work on /home/ubuntu/.local/lib/python3.10/site-packages/airflow/example_dags/example_branch_operator.py
[2024-02-01T17:12:32.771+0100] {processor.py:830} INFO - Processing file /home/ubuntu/.local/lib/python3.10/site-packages/airflow/example_dags/example_branch_operator.py for tasks to queue
[2024-02-01T17:12:32.772+0100] {logging_mixin.py:188} INFO - [2024-02-01T17:12:32.772+0100] {dagbag.py:538} INFO - Filling up the DagBag from /home/ubuntu/.local/lib/python3.10/site-packages/airflow/example_dags/example_branch_operator.py
[2024-02-01T17:12:32.848+0100] {processor.py:840} INFO - DAG(s) 'example_branch_operator' retrieved from /home/ubuntu/.local/lib/python3.10/site-packages/airflow/example_dags/example_branch_operator.py
[2024-02-01T17:12:32.888+0100] {logging_mixin.py:188} INFO - [2024-02-01T17:12:32.887+0100] {dag.py:3033} INFO - Sync 1 DAGs
[2024-02-01T17:12:32.919+0100] {logging_mixin.py:188} INFO - [2024-02-01T17:12:32.919+0100] {dag.py:3820} INFO - Setting next_dagrun for example_branch_operator to 2024-01-31T00:00:00+00:00, run_after=2024-02-01T00:00:00+00:00
[2024-02-01T17:12:32.982+0100] {processor.py:183} INFO - Processing /home/ubuntu/.local/lib/python3.10/site-packages/airflow/example_dags/example_branch_operator.py took 0.228 seconds
[2024-02-01T17:13:34.906+0100] {processor.py:161} INFO - Started process (PID=43698) to work on /home/ubuntu/.local/lib/python3.10/site-packages/airflow/example_dags/example_branch_operator.py
[2024-02-01T17:13:34.908+0100] {processor.py:830} INFO - Processing file /home/ubuntu/.local/lib/python3.10/site-packages/airflow/example_dags/example_branch_operator.py for tasks to queue
[2024-02-01T17:13:34.910+0100] {logging_mixin.py:188} INFO - [2024-02-01T17:13:34.909+0100] {dagbag.py:538} INFO - Filling up the DagBag from /home/ubuntu/.local/lib/python3.10/site-packages/airflow/example_dags/example_branch_operator.py
[2024-02-01T17:13:34.950+0100] {processor.py:840} INFO - DAG(s) 'example_branch_operator' retrieved from /home/ubuntu/.local/lib/python3.10/site-packages/airflow/example_dags/example_branch_operator.py
[2024-02-01T17:13:35.065+0100] {logging_mixin.py:188} INFO - [2024-02-01T17:13:35.065+0100] {dag.py:3033} INFO - Sync 1 DAGs
[2024-02-01T17:13:35.090+0100] {logging_mixin.py:188} INFO - [2024-02-01T17:13:35.090+0100] {dag.py:3820} INFO - Setting next_dagrun for example_branch_operator to 2024-01-31T00:00:00+00:00, run_after=2024-02-01T00:00:00+00:00
[2024-02-01T17:13:35.154+0100] {processor.py:183} INFO - Processing /home/ubuntu/.local/lib/python3.10/site-packages/airflow/example_dags/example_branch_operator.py took 0.253 seconds
[2024-02-01T17:14:31.113+0100] {processor.py:161} INFO - Started process (PID=43783) to work on /home/ubuntu/.local/lib/python3.10/site-packages/airflow/example_dags/example_branch_operator.py
[2024-02-01T17:14:31.125+0100] {processor.py:830} INFO - Processing file /home/ubuntu/.local/lib/python3.10/site-packages/airflow/example_dags/example_branch_operator.py for tasks to queue
[2024-02-01T17:14:31.126+0100] {logging_mixin.py:188} INFO - [2024-02-01T17:14:31.125+0100] {dagbag.py:538} INFO - Filling up the DagBag from /home/ubuntu/.local/lib/python3.10/site-packages/airflow/example_dags/example_branch_operator.py
[2024-02-01T17:14:31.172+0100] {processor.py:840} INFO - DAG(s) 'example_branch_operator' retrieved from /home/ubuntu/.local/lib/python3.10/site-packages/airflow/example_dags/example_branch_operator.py
[2024-02-01T17:14:31.220+0100] {logging_mixin.py:188} INFO - [2024-02-01T17:14:31.220+0100] {dag.py:3033} INFO - Sync 1 DAGs
[2024-02-01T17:14:31.246+0100] {logging_mixin.py:188} INFO - [2024-02-01T17:14:31.246+0100] {dag.py:3820} INFO - Setting next_dagrun for example_branch_operator to 2024-01-31T00:00:00+00:00, run_after=2024-02-01T00:00:00+00:00
[2024-02-01T17:14:31.295+0100] {processor.py:183} INFO - Processing /home/ubuntu/.local/lib/python3.10/site-packages/airflow/example_dags/example_branch_operator.py took 0.189 seconds
