[2024-02-01T17:06:46.979+0100] {processor.py:161} INFO - Started process (PID=43350) to work on /home/ubuntu/.local/lib/python3.10/site-packages/airflow/example_dags/example_skip_dag.py
[2024-02-01T17:06:46.981+0100] {processor.py:830} INFO - Processing file /home/ubuntu/.local/lib/python3.10/site-packages/airflow/example_dags/example_skip_dag.py for tasks to queue
[2024-02-01T17:06:46.982+0100] {logging_mixin.py:188} INFO - [2024-02-01T17:06:46.981+0100] {dagbag.py:538} INFO - Filling up the DagBag from /home/ubuntu/.local/lib/python3.10/site-packages/airflow/example_dags/example_skip_dag.py
[2024-02-01T17:06:46.988+0100] {processor.py:840} INFO - DAG(s) 'example_skip_dag' retrieved from /home/ubuntu/.local/lib/python3.10/site-packages/airflow/example_dags/example_skip_dag.py
[2024-02-01T17:06:47.213+0100] {logging_mixin.py:188} INFO - [2024-02-01T17:06:47.213+0100] {dag.py:3033} INFO - Sync 1 DAGs
[2024-02-01T17:06:47.252+0100] {logging_mixin.py:188} INFO - [2024-02-01T17:06:47.251+0100] {dag.py:3820} INFO - Setting next_dagrun for example_skip_dag to 2024-01-31T00:00:00+00:00, run_after=2024-02-01T00:00:00+00:00
[2024-02-01T17:06:47.421+0100] {processor.py:183} INFO - Processing /home/ubuntu/.local/lib/python3.10/site-packages/airflow/example_dags/example_skip_dag.py took 0.479 seconds
[2024-02-01T17:08:04.473+0100] {processor.py:161} INFO - Started process (PID=43411) to work on /home/ubuntu/.local/lib/python3.10/site-packages/airflow/example_dags/example_skip_dag.py
[2024-02-01T17:08:04.488+0100] {processor.py:830} INFO - Processing file /home/ubuntu/.local/lib/python3.10/site-packages/airflow/example_dags/example_skip_dag.py for tasks to queue
[2024-02-01T17:08:04.491+0100] {logging_mixin.py:188} INFO - [2024-02-01T17:08:04.490+0100] {dagbag.py:538} INFO - Filling up the DagBag from /home/ubuntu/.local/lib/python3.10/site-packages/airflow/example_dags/example_skip_dag.py
[2024-02-01T17:08:04.543+0100] {processor.py:840} INFO - DAG(s) 'example_skip_dag' retrieved from /home/ubuntu/.local/lib/python3.10/site-packages/airflow/example_dags/example_skip_dag.py
[2024-02-01T17:08:04.583+0100] {logging_mixin.py:188} INFO - [2024-02-01T17:08:04.583+0100] {dag.py:3033} INFO - Sync 1 DAGs
[2024-02-01T17:08:04.657+0100] {logging_mixin.py:188} INFO - [2024-02-01T17:08:04.657+0100] {dag.py:3820} INFO - Setting next_dagrun for example_skip_dag to 2024-01-31T00:00:00+00:00, run_after=2024-02-01T00:00:00+00:00
[2024-02-01T17:08:04.820+0100] {processor.py:183} INFO - Processing /home/ubuntu/.local/lib/python3.10/site-packages/airflow/example_dags/example_skip_dag.py took 0.361 seconds
[2024-02-01T17:09:39.278+0100] {processor.py:161} INFO - Started process (PID=43487) to work on /home/ubuntu/.local/lib/python3.10/site-packages/airflow/example_dags/example_skip_dag.py
[2024-02-01T17:09:39.304+0100] {processor.py:830} INFO - Processing file /home/ubuntu/.local/lib/python3.10/site-packages/airflow/example_dags/example_skip_dag.py for tasks to queue
[2024-02-01T17:09:39.318+0100] {logging_mixin.py:188} INFO - [2024-02-01T17:09:39.313+0100] {dagbag.py:538} INFO - Filling up the DagBag from /home/ubuntu/.local/lib/python3.10/site-packages/airflow/example_dags/example_skip_dag.py
[2024-02-01T17:09:39.361+0100] {processor.py:840} INFO - DAG(s) 'example_skip_dag' retrieved from /home/ubuntu/.local/lib/python3.10/site-packages/airflow/example_dags/example_skip_dag.py
[2024-02-01T17:09:39.421+0100] {logging_mixin.py:188} INFO - [2024-02-01T17:09:39.421+0100] {dag.py:3033} INFO - Sync 1 DAGs
[2024-02-01T17:09:39.479+0100] {logging_mixin.py:188} INFO - [2024-02-01T17:09:39.479+0100] {dag.py:3820} INFO - Setting next_dagrun for example_skip_dag to 2024-01-31T00:00:00+00:00, run_after=2024-02-01T00:00:00+00:00
[2024-02-01T17:09:39.621+0100] {processor.py:183} INFO - Processing /home/ubuntu/.local/lib/python3.10/site-packages/airflow/example_dags/example_skip_dag.py took 0.349 seconds
[2024-02-01T17:11:07.936+0100] {processor.py:161} INFO - Started process (PID=43564) to work on /home/ubuntu/.local/lib/python3.10/site-packages/airflow/example_dags/example_skip_dag.py
[2024-02-01T17:11:07.940+0100] {processor.py:830} INFO - Processing file /home/ubuntu/.local/lib/python3.10/site-packages/airflow/example_dags/example_skip_dag.py for tasks to queue
[2024-02-01T17:11:07.943+0100] {logging_mixin.py:188} INFO - [2024-02-01T17:11:07.942+0100] {dagbag.py:538} INFO - Filling up the DagBag from /home/ubuntu/.local/lib/python3.10/site-packages/airflow/example_dags/example_skip_dag.py
[2024-02-01T17:11:07.966+0100] {processor.py:840} INFO - DAG(s) 'example_skip_dag' retrieved from /home/ubuntu/.local/lib/python3.10/site-packages/airflow/example_dags/example_skip_dag.py
[2024-02-01T17:11:08.018+0100] {logging_mixin.py:188} INFO - [2024-02-01T17:11:08.017+0100] {dag.py:3033} INFO - Sync 1 DAGs
[2024-02-01T17:11:08.044+0100] {logging_mixin.py:188} INFO - [2024-02-01T17:11:08.044+0100] {dag.py:3820} INFO - Setting next_dagrun for example_skip_dag to 2024-01-31T00:00:00+00:00, run_after=2024-02-01T00:00:00+00:00
[2024-02-01T17:11:08.342+0100] {processor.py:183} INFO - Processing /home/ubuntu/.local/lib/python3.10/site-packages/airflow/example_dags/example_skip_dag.py took 0.418 seconds
[2024-02-01T17:12:47.657+0100] {processor.py:161} INFO - Started process (PID=43638) to work on /home/ubuntu/.local/lib/python3.10/site-packages/airflow/example_dags/example_skip_dag.py
[2024-02-01T17:12:47.663+0100] {processor.py:830} INFO - Processing file /home/ubuntu/.local/lib/python3.10/site-packages/airflow/example_dags/example_skip_dag.py for tasks to queue
[2024-02-01T17:12:47.666+0100] {logging_mixin.py:188} INFO - [2024-02-01T17:12:47.664+0100] {dagbag.py:538} INFO - Filling up the DagBag from /home/ubuntu/.local/lib/python3.10/site-packages/airflow/example_dags/example_skip_dag.py
[2024-02-01T17:12:47.678+0100] {processor.py:840} INFO - DAG(s) 'example_skip_dag' retrieved from /home/ubuntu/.local/lib/python3.10/site-packages/airflow/example_dags/example_skip_dag.py
[2024-02-01T17:12:47.700+0100] {logging_mixin.py:188} INFO - [2024-02-01T17:12:47.700+0100] {dag.py:3033} INFO - Sync 1 DAGs
[2024-02-01T17:12:47.722+0100] {logging_mixin.py:188} INFO - [2024-02-01T17:12:47.722+0100] {dag.py:3820} INFO - Setting next_dagrun for example_skip_dag to 2024-01-31T00:00:00+00:00, run_after=2024-02-01T00:00:00+00:00
[2024-02-01T17:12:47.765+0100] {processor.py:183} INFO - Processing /home/ubuntu/.local/lib/python3.10/site-packages/airflow/example_dags/example_skip_dag.py took 0.119 seconds
[2024-02-01T17:13:48.050+0100] {processor.py:161} INFO - Started process (PID=43712) to work on /home/ubuntu/.local/lib/python3.10/site-packages/airflow/example_dags/example_skip_dag.py
[2024-02-01T17:13:48.067+0100] {processor.py:830} INFO - Processing file /home/ubuntu/.local/lib/python3.10/site-packages/airflow/example_dags/example_skip_dag.py for tasks to queue
[2024-02-01T17:13:48.069+0100] {logging_mixin.py:188} INFO - [2024-02-01T17:13:48.068+0100] {dagbag.py:538} INFO - Filling up the DagBag from /home/ubuntu/.local/lib/python3.10/site-packages/airflow/example_dags/example_skip_dag.py
[2024-02-01T17:13:48.083+0100] {processor.py:840} INFO - DAG(s) 'example_skip_dag' retrieved from /home/ubuntu/.local/lib/python3.10/site-packages/airflow/example_dags/example_skip_dag.py
[2024-02-01T17:13:48.118+0100] {logging_mixin.py:188} INFO - [2024-02-01T17:13:48.117+0100] {dag.py:3033} INFO - Sync 1 DAGs
[2024-02-01T17:13:48.159+0100] {logging_mixin.py:188} INFO - [2024-02-01T17:13:48.158+0100] {dag.py:3820} INFO - Setting next_dagrun for example_skip_dag to 2024-01-31T00:00:00+00:00, run_after=2024-02-01T00:00:00+00:00
[2024-02-01T17:13:48.200+0100] {processor.py:183} INFO - Processing /home/ubuntu/.local/lib/python3.10/site-packages/airflow/example_dags/example_skip_dag.py took 0.155 seconds
