[2024-02-01T17:06:56.803+0100] {processor.py:161} INFO - Started process (PID=43359) to work on /home/ubuntu/.local/lib/python3.10/site-packages/airflow/example_dags/example_branch_datetime_operator.py
[2024-02-01T17:06:56.805+0100] {processor.py:830} INFO - Processing file /home/ubuntu/.local/lib/python3.10/site-packages/airflow/example_dags/example_branch_datetime_operator.py for tasks to queue
[2024-02-01T17:06:56.807+0100] {logging_mixin.py:188} INFO - [2024-02-01T17:06:56.806+0100] {dagbag.py:538} INFO - Filling up the DagBag from /home/ubuntu/.local/lib/python3.10/site-packages/airflow/example_dags/example_branch_datetime_operator.py
[2024-02-01T17:06:56.829+0100] {processor.py:840} INFO - DAG(s) 'example_branch_datetime_operator_3', 'example_branch_datetime_operator_2', 'example_branch_datetime_operator' retrieved from /home/ubuntu/.local/lib/python3.10/site-packages/airflow/example_dags/example_branch_datetime_operator.py
[2024-02-01T17:06:57.042+0100] {logging_mixin.py:188} INFO - [2024-02-01T17:06:57.041+0100] {dag.py:3033} INFO - Sync 3 DAGs
[2024-02-01T17:06:57.078+0100] {logging_mixin.py:188} INFO - [2024-02-01T17:06:57.078+0100] {dag.py:3820} INFO - Setting next_dagrun for example_branch_datetime_operator to 2024-01-31T00:00:00+00:00, run_after=2024-02-01T00:00:00+00:00
[2024-02-01T17:06:57.084+0100] {logging_mixin.py:188} INFO - [2024-02-01T17:06:57.083+0100] {dag.py:3820} INFO - Setting next_dagrun for example_branch_datetime_operator_2 to 2024-01-31T00:00:00+00:00, run_after=2024-02-01T00:00:00+00:00
[2024-02-01T17:06:57.087+0100] {logging_mixin.py:188} INFO - [2024-02-01T17:06:57.086+0100] {dag.py:3820} INFO - Setting next_dagrun for example_branch_datetime_operator_3 to 2024-01-31T00:00:00+00:00, run_after=2024-02-01T00:00:00+00:00
[2024-02-01T17:06:57.272+0100] {processor.py:183} INFO - Processing /home/ubuntu/.local/lib/python3.10/site-packages/airflow/example_dags/example_branch_datetime_operator.py took 0.475 seconds
[2024-02-01T17:08:38.685+0100] {processor.py:161} INFO - Started process (PID=43435) to work on /home/ubuntu/.local/lib/python3.10/site-packages/airflow/example_dags/example_branch_datetime_operator.py
[2024-02-01T17:08:38.704+0100] {processor.py:830} INFO - Processing file /home/ubuntu/.local/lib/python3.10/site-packages/airflow/example_dags/example_branch_datetime_operator.py for tasks to queue
[2024-02-01T17:08:38.705+0100] {logging_mixin.py:188} INFO - [2024-02-01T17:08:38.705+0100] {dagbag.py:538} INFO - Filling up the DagBag from /home/ubuntu/.local/lib/python3.10/site-packages/airflow/example_dags/example_branch_datetime_operator.py
[2024-02-01T17:08:38.746+0100] {processor.py:840} INFO - DAG(s) 'example_branch_datetime_operator', 'example_branch_datetime_operator_2', 'example_branch_datetime_operator_3' retrieved from /home/ubuntu/.local/lib/python3.10/site-packages/airflow/example_dags/example_branch_datetime_operator.py
[2024-02-01T17:08:38.820+0100] {logging_mixin.py:188} INFO - [2024-02-01T17:08:38.819+0100] {dag.py:3033} INFO - Sync 3 DAGs
[2024-02-01T17:08:38.865+0100] {logging_mixin.py:188} INFO - [2024-02-01T17:08:38.864+0100] {dag.py:3820} INFO - Setting next_dagrun for example_branch_datetime_operator to 2024-01-31T00:00:00+00:00, run_after=2024-02-01T00:00:00+00:00
[2024-02-01T17:08:38.871+0100] {logging_mixin.py:188} INFO - [2024-02-01T17:08:38.871+0100] {dag.py:3820} INFO - Setting next_dagrun for example_branch_datetime_operator_2 to 2024-01-31T00:00:00+00:00, run_after=2024-02-01T00:00:00+00:00
[2024-02-01T17:08:38.876+0100] {logging_mixin.py:188} INFO - [2024-02-01T17:08:38.875+0100] {dag.py:3820} INFO - Setting next_dagrun for example_branch_datetime_operator_3 to 2024-01-31T00:00:00+00:00, run_after=2024-02-01T00:00:00+00:00
[2024-02-01T17:08:38.991+0100] {processor.py:183} INFO - Processing /home/ubuntu/.local/lib/python3.10/site-packages/airflow/example_dags/example_branch_datetime_operator.py took 0.316 seconds
[2024-02-01T17:10:11.898+0100] {processor.py:161} INFO - Started process (PID=43511) to work on /home/ubuntu/.local/lib/python3.10/site-packages/airflow/example_dags/example_branch_datetime_operator.py
[2024-02-01T17:10:11.902+0100] {processor.py:830} INFO - Processing file /home/ubuntu/.local/lib/python3.10/site-packages/airflow/example_dags/example_branch_datetime_operator.py for tasks to queue
[2024-02-01T17:10:11.912+0100] {logging_mixin.py:188} INFO - [2024-02-01T17:10:11.911+0100] {dagbag.py:538} INFO - Filling up the DagBag from /home/ubuntu/.local/lib/python3.10/site-packages/airflow/example_dags/example_branch_datetime_operator.py
[2024-02-01T17:10:11.991+0100] {processor.py:840} INFO - DAG(s) 'example_branch_datetime_operator_3', 'example_branch_datetime_operator', 'example_branch_datetime_operator_2' retrieved from /home/ubuntu/.local/lib/python3.10/site-packages/airflow/example_dags/example_branch_datetime_operator.py
[2024-02-01T17:10:12.049+0100] {logging_mixin.py:188} INFO - [2024-02-01T17:10:12.048+0100] {dag.py:3033} INFO - Sync 3 DAGs
[2024-02-01T17:10:12.156+0100] {logging_mixin.py:188} INFO - [2024-02-01T17:10:12.155+0100] {dag.py:3820} INFO - Setting next_dagrun for example_branch_datetime_operator to 2024-01-31T00:00:00+00:00, run_after=2024-02-01T00:00:00+00:00
[2024-02-01T17:10:12.165+0100] {logging_mixin.py:188} INFO - [2024-02-01T17:10:12.164+0100] {dag.py:3820} INFO - Setting next_dagrun for example_branch_datetime_operator_2 to 2024-01-31T00:00:00+00:00, run_after=2024-02-01T00:00:00+00:00
[2024-02-01T17:10:12.170+0100] {logging_mixin.py:188} INFO - [2024-02-01T17:10:12.170+0100] {dag.py:3820} INFO - Setting next_dagrun for example_branch_datetime_operator_3 to 2024-01-31T00:00:00+00:00, run_after=2024-02-01T00:00:00+00:00
[2024-02-01T17:10:12.295+0100] {processor.py:183} INFO - Processing /home/ubuntu/.local/lib/python3.10/site-packages/airflow/example_dags/example_branch_datetime_operator.py took 0.402 seconds
[2024-02-01T17:11:43.332+0100] {processor.py:161} INFO - Started process (PID=43589) to work on /home/ubuntu/.local/lib/python3.10/site-packages/airflow/example_dags/example_branch_datetime_operator.py
[2024-02-01T17:11:43.349+0100] {processor.py:830} INFO - Processing file /home/ubuntu/.local/lib/python3.10/site-packages/airflow/example_dags/example_branch_datetime_operator.py for tasks to queue
[2024-02-01T17:11:43.350+0100] {logging_mixin.py:188} INFO - [2024-02-01T17:11:43.349+0100] {dagbag.py:538} INFO - Filling up the DagBag from /home/ubuntu/.local/lib/python3.10/site-packages/airflow/example_dags/example_branch_datetime_operator.py
[2024-02-01T17:11:43.416+0100] {processor.py:840} INFO - DAG(s) 'example_branch_datetime_operator_3', 'example_branch_datetime_operator_2', 'example_branch_datetime_operator' retrieved from /home/ubuntu/.local/lib/python3.10/site-packages/airflow/example_dags/example_branch_datetime_operator.py
[2024-02-01T17:11:43.538+0100] {logging_mixin.py:188} INFO - [2024-02-01T17:11:43.537+0100] {dag.py:3033} INFO - Sync 3 DAGs
[2024-02-01T17:11:43.907+0100] {logging_mixin.py:188} INFO - [2024-02-01T17:11:43.907+0100] {dag.py:3820} INFO - Setting next_dagrun for example_branch_datetime_operator to 2024-01-31T00:00:00+00:00, run_after=2024-02-01T00:00:00+00:00
[2024-02-01T17:11:43.922+0100] {logging_mixin.py:188} INFO - [2024-02-01T17:11:43.921+0100] {dag.py:3820} INFO - Setting next_dagrun for example_branch_datetime_operator_2 to 2024-01-31T00:00:00+00:00, run_after=2024-02-01T00:00:00+00:00
[2024-02-01T17:11:43.946+0100] {logging_mixin.py:188} INFO - [2024-02-01T17:11:43.945+0100] {dag.py:3820} INFO - Setting next_dagrun for example_branch_datetime_operator_3 to 2024-01-31T00:00:00+00:00, run_after=2024-02-01T00:00:00+00:00
[2024-02-01T17:11:44.033+0100] {processor.py:183} INFO - Processing /home/ubuntu/.local/lib/python3.10/site-packages/airflow/example_dags/example_branch_datetime_operator.py took 0.755 seconds
[2024-02-01T17:13:10.810+0100] {processor.py:161} INFO - Started process (PID=43672) to work on /home/ubuntu/.local/lib/python3.10/site-packages/airflow/example_dags/example_branch_datetime_operator.py
[2024-02-01T17:13:10.812+0100] {processor.py:830} INFO - Processing file /home/ubuntu/.local/lib/python3.10/site-packages/airflow/example_dags/example_branch_datetime_operator.py for tasks to queue
[2024-02-01T17:13:10.813+0100] {logging_mixin.py:188} INFO - [2024-02-01T17:13:10.813+0100] {dagbag.py:538} INFO - Filling up the DagBag from /home/ubuntu/.local/lib/python3.10/site-packages/airflow/example_dags/example_branch_datetime_operator.py
[2024-02-01T17:13:10.827+0100] {processor.py:840} INFO - DAG(s) 'example_branch_datetime_operator_3', 'example_branch_datetime_operator', 'example_branch_datetime_operator_2' retrieved from /home/ubuntu/.local/lib/python3.10/site-packages/airflow/example_dags/example_branch_datetime_operator.py
[2024-02-01T17:13:10.853+0100] {logging_mixin.py:188} INFO - [2024-02-01T17:13:10.852+0100] {dag.py:3033} INFO - Sync 3 DAGs
[2024-02-01T17:13:10.879+0100] {logging_mixin.py:188} INFO - [2024-02-01T17:13:10.879+0100] {dag.py:3820} INFO - Setting next_dagrun for example_branch_datetime_operator to 2024-01-31T00:00:00+00:00, run_after=2024-02-01T00:00:00+00:00
[2024-02-01T17:13:10.885+0100] {logging_mixin.py:188} INFO - [2024-02-01T17:13:10.885+0100] {dag.py:3820} INFO - Setting next_dagrun for example_branch_datetime_operator_2 to 2024-01-31T00:00:00+00:00, run_after=2024-02-01T00:00:00+00:00
[2024-02-01T17:13:10.889+0100] {logging_mixin.py:188} INFO - [2024-02-01T17:13:10.889+0100] {dag.py:3820} INFO - Setting next_dagrun for example_branch_datetime_operator_3 to 2024-01-31T00:00:00+00:00, run_after=2024-02-01T00:00:00+00:00
[2024-02-01T17:13:10.914+0100] {processor.py:183} INFO - Processing /home/ubuntu/.local/lib/python3.10/site-packages/airflow/example_dags/example_branch_datetime_operator.py took 0.111 seconds
[2024-02-01T17:14:09.040+0100] {processor.py:161} INFO - Started process (PID=43756) to work on /home/ubuntu/.local/lib/python3.10/site-packages/airflow/example_dags/example_branch_datetime_operator.py
[2024-02-01T17:14:09.052+0100] {processor.py:830} INFO - Processing file /home/ubuntu/.local/lib/python3.10/site-packages/airflow/example_dags/example_branch_datetime_operator.py for tasks to queue
[2024-02-01T17:14:09.054+0100] {logging_mixin.py:188} INFO - [2024-02-01T17:14:09.053+0100] {dagbag.py:538} INFO - Filling up the DagBag from /home/ubuntu/.local/lib/python3.10/site-packages/airflow/example_dags/example_branch_datetime_operator.py
[2024-02-01T17:14:09.098+0100] {processor.py:840} INFO - DAG(s) 'example_branch_datetime_operator_3', 'example_branch_datetime_operator', 'example_branch_datetime_operator_2' retrieved from /home/ubuntu/.local/lib/python3.10/site-packages/airflow/example_dags/example_branch_datetime_operator.py
[2024-02-01T17:14:09.171+0100] {logging_mixin.py:188} INFO - [2024-02-01T17:14:09.170+0100] {dag.py:3033} INFO - Sync 3 DAGs
[2024-02-01T17:14:09.373+0100] {logging_mixin.py:188} INFO - [2024-02-01T17:14:09.373+0100] {dag.py:3820} INFO - Setting next_dagrun for example_branch_datetime_operator to 2024-01-31T00:00:00+00:00, run_after=2024-02-01T00:00:00+00:00
[2024-02-01T17:14:09.418+0100] {logging_mixin.py:188} INFO - [2024-02-01T17:14:09.418+0100] {dag.py:3820} INFO - Setting next_dagrun for example_branch_datetime_operator_2 to 2024-01-31T00:00:00+00:00, run_after=2024-02-01T00:00:00+00:00
[2024-02-01T17:14:09.421+0100] {logging_mixin.py:188} INFO - [2024-02-01T17:14:09.421+0100] {dag.py:3820} INFO - Setting next_dagrun for example_branch_datetime_operator_3 to 2024-01-31T00:00:00+00:00, run_after=2024-02-01T00:00:00+00:00
[2024-02-01T17:14:09.541+0100] {processor.py:183} INFO - Processing /home/ubuntu/.local/lib/python3.10/site-packages/airflow/example_dags/example_branch_datetime_operator.py took 0.511 seconds
