[2024-02-01T17:05:45.860+0100] {processor.py:161} INFO - Started process (PID=43306) to work on /home/ubuntu/.local/lib/python3.10/site-packages/airflow/example_dags/example_xcomargs.py
[2024-02-01T17:05:45.862+0100] {processor.py:830} INFO - Processing file /home/ubuntu/.local/lib/python3.10/site-packages/airflow/example_dags/example_xcomargs.py for tasks to queue
[2024-02-01T17:05:45.863+0100] {logging_mixin.py:188} INFO - [2024-02-01T17:05:45.863+0100] {dagbag.py:538} INFO - Filling up the DagBag from /home/ubuntu/.local/lib/python3.10/site-packages/airflow/example_dags/example_xcomargs.py
[2024-02-01T17:05:45.880+0100] {processor.py:840} INFO - DAG(s) 'example_xcom_args', 'example_xcom_args_with_operators' retrieved from /home/ubuntu/.local/lib/python3.10/site-packages/airflow/example_dags/example_xcomargs.py
[2024-02-01T17:05:46.161+0100] {logging_mixin.py:188} INFO - [2024-02-01T17:05:46.161+0100] {dag.py:3033} INFO - Sync 2 DAGs
[2024-02-01T17:05:46.182+0100] {logging_mixin.py:188} INFO - [2024-02-01T17:05:46.181+0100] {dag.py:3820} INFO - Setting next_dagrun for example_xcom_args to None, run_after=None
[2024-02-01T17:05:46.186+0100] {logging_mixin.py:188} INFO - [2024-02-01T17:05:46.186+0100] {dag.py:3820} INFO - Setting next_dagrun for example_xcom_args_with_operators to None, run_after=None
[2024-02-01T17:05:46.267+0100] {processor.py:183} INFO - Processing /home/ubuntu/.local/lib/python3.10/site-packages/airflow/example_dags/example_xcomargs.py took 0.411 seconds
[2024-02-01T17:07:21.163+0100] {processor.py:161} INFO - Started process (PID=43371) to work on /home/ubuntu/.local/lib/python3.10/site-packages/airflow/example_dags/example_xcomargs.py
[2024-02-01T17:07:21.173+0100] {processor.py:830} INFO - Processing file /home/ubuntu/.local/lib/python3.10/site-packages/airflow/example_dags/example_xcomargs.py for tasks to queue
[2024-02-01T17:07:21.174+0100] {logging_mixin.py:188} INFO - [2024-02-01T17:07:21.174+0100] {dagbag.py:538} INFO - Filling up the DagBag from /home/ubuntu/.local/lib/python3.10/site-packages/airflow/example_dags/example_xcomargs.py
[2024-02-01T17:07:21.185+0100] {processor.py:840} INFO - DAG(s) 'example_xcom_args', 'example_xcom_args_with_operators' retrieved from /home/ubuntu/.local/lib/python3.10/site-packages/airflow/example_dags/example_xcomargs.py
[2024-02-01T17:07:21.210+0100] {logging_mixin.py:188} INFO - [2024-02-01T17:07:21.210+0100] {dag.py:3033} INFO - Sync 2 DAGs
[2024-02-01T17:07:21.224+0100] {logging_mixin.py:188} INFO - [2024-02-01T17:07:21.224+0100] {dag.py:3820} INFO - Setting next_dagrun for example_xcom_args to None, run_after=None
[2024-02-01T17:07:21.227+0100] {logging_mixin.py:188} INFO - [2024-02-01T17:07:21.227+0100] {dag.py:3820} INFO - Setting next_dagrun for example_xcom_args_with_operators to None, run_after=None
[2024-02-01T17:07:21.259+0100] {processor.py:183} INFO - Processing /home/ubuntu/.local/lib/python3.10/site-packages/airflow/example_dags/example_xcomargs.py took 0.099 seconds
[2024-02-01T17:08:10.976+0100] {processor.py:161} INFO - Started process (PID=43415) to work on /home/ubuntu/.local/lib/python3.10/site-packages/airflow/example_dags/example_xcomargs.py
[2024-02-01T17:08:11.002+0100] {processor.py:830} INFO - Processing file /home/ubuntu/.local/lib/python3.10/site-packages/airflow/example_dags/example_xcomargs.py for tasks to queue
[2024-02-01T17:08:11.030+0100] {logging_mixin.py:188} INFO - [2024-02-01T17:08:11.029+0100] {dagbag.py:538} INFO - Filling up the DagBag from /home/ubuntu/.local/lib/python3.10/site-packages/airflow/example_dags/example_xcomargs.py
[2024-02-01T17:08:11.059+0100] {processor.py:840} INFO - DAG(s) 'example_xcom_args_with_operators', 'example_xcom_args' retrieved from /home/ubuntu/.local/lib/python3.10/site-packages/airflow/example_dags/example_xcomargs.py
[2024-02-01T17:08:11.102+0100] {logging_mixin.py:188} INFO - [2024-02-01T17:08:11.102+0100] {dag.py:3033} INFO - Sync 2 DAGs
[2024-02-01T17:08:11.158+0100] {logging_mixin.py:188} INFO - [2024-02-01T17:08:11.158+0100] {dag.py:3820} INFO - Setting next_dagrun for example_xcom_args to None, run_after=None
[2024-02-01T17:08:11.164+0100] {logging_mixin.py:188} INFO - [2024-02-01T17:08:11.164+0100] {dag.py:3820} INFO - Setting next_dagrun for example_xcom_args_with_operators to None, run_after=None
[2024-02-01T17:08:11.338+0100] {processor.py:183} INFO - Processing /home/ubuntu/.local/lib/python3.10/site-packages/airflow/example_dags/example_xcomargs.py took 0.367 seconds
[2024-02-01T17:08:58.800+0100] {processor.py:161} INFO - Started process (PID=43450) to work on /home/ubuntu/.local/lib/python3.10/site-packages/airflow/example_dags/example_xcomargs.py
[2024-02-01T17:08:58.803+0100] {processor.py:830} INFO - Processing file /home/ubuntu/.local/lib/python3.10/site-packages/airflow/example_dags/example_xcomargs.py for tasks to queue
[2024-02-01T17:08:58.804+0100] {logging_mixin.py:188} INFO - [2024-02-01T17:08:58.804+0100] {dagbag.py:538} INFO - Filling up the DagBag from /home/ubuntu/.local/lib/python3.10/site-packages/airflow/example_dags/example_xcomargs.py
[2024-02-01T17:08:58.844+0100] {processor.py:840} INFO - DAG(s) 'example_xcom_args_with_operators', 'example_xcom_args' retrieved from /home/ubuntu/.local/lib/python3.10/site-packages/airflow/example_dags/example_xcomargs.py
[2024-02-01T17:08:58.919+0100] {logging_mixin.py:188} INFO - [2024-02-01T17:08:58.919+0100] {dag.py:3033} INFO - Sync 2 DAGs
[2024-02-01T17:08:58.962+0100] {logging_mixin.py:188} INFO - [2024-02-01T17:08:58.962+0100] {dag.py:3820} INFO - Setting next_dagrun for example_xcom_args to None, run_after=None
[2024-02-01T17:08:58.977+0100] {logging_mixin.py:188} INFO - [2024-02-01T17:08:58.976+0100] {dag.py:3820} INFO - Setting next_dagrun for example_xcom_args_with_operators to None, run_after=None
[2024-02-01T17:08:59.094+0100] {processor.py:183} INFO - Processing /home/ubuntu/.local/lib/python3.10/site-packages/airflow/example_dags/example_xcomargs.py took 0.302 seconds
[2024-02-01T17:09:44.354+0100] {processor.py:161} INFO - Started process (PID=43490) to work on /home/ubuntu/.local/lib/python3.10/site-packages/airflow/example_dags/example_xcomargs.py
[2024-02-01T17:09:44.358+0100] {processor.py:830} INFO - Processing file /home/ubuntu/.local/lib/python3.10/site-packages/airflow/example_dags/example_xcomargs.py for tasks to queue
[2024-02-01T17:09:44.360+0100] {logging_mixin.py:188} INFO - [2024-02-01T17:09:44.359+0100] {dagbag.py:538} INFO - Filling up the DagBag from /home/ubuntu/.local/lib/python3.10/site-packages/airflow/example_dags/example_xcomargs.py
[2024-02-01T17:09:44.414+0100] {processor.py:840} INFO - DAG(s) 'example_xcom_args', 'example_xcom_args_with_operators' retrieved from /home/ubuntu/.local/lib/python3.10/site-packages/airflow/example_dags/example_xcomargs.py
[2024-02-01T17:09:44.469+0100] {logging_mixin.py:188} INFO - [2024-02-01T17:09:44.469+0100] {dag.py:3033} INFO - Sync 2 DAGs
[2024-02-01T17:09:44.539+0100] {logging_mixin.py:188} INFO - [2024-02-01T17:09:44.538+0100] {dag.py:3820} INFO - Setting next_dagrun for example_xcom_args to None, run_after=None
[2024-02-01T17:09:44.545+0100] {logging_mixin.py:188} INFO - [2024-02-01T17:09:44.545+0100] {dag.py:3820} INFO - Setting next_dagrun for example_xcom_args_with_operators to None, run_after=None
[2024-02-01T17:09:44.668+0100] {processor.py:183} INFO - Processing /home/ubuntu/.local/lib/python3.10/site-packages/airflow/example_dags/example_xcomargs.py took 0.328 seconds
[2024-02-01T17:10:29.109+0100] {processor.py:161} INFO - Started process (PID=43525) to work on /home/ubuntu/.local/lib/python3.10/site-packages/airflow/example_dags/example_xcomargs.py
[2024-02-01T17:10:29.135+0100] {processor.py:830} INFO - Processing file /home/ubuntu/.local/lib/python3.10/site-packages/airflow/example_dags/example_xcomargs.py for tasks to queue
[2024-02-01T17:10:29.138+0100] {logging_mixin.py:188} INFO - [2024-02-01T17:10:29.136+0100] {dagbag.py:538} INFO - Filling up the DagBag from /home/ubuntu/.local/lib/python3.10/site-packages/airflow/example_dags/example_xcomargs.py
[2024-02-01T17:10:29.172+0100] {processor.py:840} INFO - DAG(s) 'example_xcom_args', 'example_xcom_args_with_operators' retrieved from /home/ubuntu/.local/lib/python3.10/site-packages/airflow/example_dags/example_xcomargs.py
[2024-02-01T17:10:29.250+0100] {logging_mixin.py:188} INFO - [2024-02-01T17:10:29.245+0100] {dag.py:3033} INFO - Sync 2 DAGs
[2024-02-01T17:10:29.321+0100] {logging_mixin.py:188} INFO - [2024-02-01T17:10:29.321+0100] {dag.py:3820} INFO - Setting next_dagrun for example_xcom_args to None, run_after=None
[2024-02-01T17:10:29.330+0100] {logging_mixin.py:188} INFO - [2024-02-01T17:10:29.329+0100] {dag.py:3820} INFO - Setting next_dagrun for example_xcom_args_with_operators to None, run_after=None
[2024-02-01T17:10:29.448+0100] {processor.py:183} INFO - Processing /home/ubuntu/.local/lib/python3.10/site-packages/airflow/example_dags/example_xcomargs.py took 0.376 seconds
[2024-02-01T17:11:13.589+0100] {processor.py:161} INFO - Started process (PID=43567) to work on /home/ubuntu/.local/lib/python3.10/site-packages/airflow/example_dags/example_xcomargs.py
[2024-02-01T17:11:13.593+0100] {processor.py:830} INFO - Processing file /home/ubuntu/.local/lib/python3.10/site-packages/airflow/example_dags/example_xcomargs.py for tasks to queue
[2024-02-01T17:11:13.596+0100] {logging_mixin.py:188} INFO - [2024-02-01T17:11:13.594+0100] {dagbag.py:538} INFO - Filling up the DagBag from /home/ubuntu/.local/lib/python3.10/site-packages/airflow/example_dags/example_xcomargs.py
[2024-02-01T17:11:13.614+0100] {processor.py:840} INFO - DAG(s) 'example_xcom_args_with_operators', 'example_xcom_args' retrieved from /home/ubuntu/.local/lib/python3.10/site-packages/airflow/example_dags/example_xcomargs.py
[2024-02-01T17:11:13.645+0100] {logging_mixin.py:188} INFO - [2024-02-01T17:11:13.644+0100] {dag.py:3033} INFO - Sync 2 DAGs
[2024-02-01T17:11:13.674+0100] {logging_mixin.py:188} INFO - [2024-02-01T17:11:13.674+0100] {dag.py:3820} INFO - Setting next_dagrun for example_xcom_args to None, run_after=None
[2024-02-01T17:11:13.679+0100] {logging_mixin.py:188} INFO - [2024-02-01T17:11:13.678+0100] {dag.py:3820} INFO - Setting next_dagrun for example_xcom_args_with_operators to None, run_after=None
[2024-02-01T17:11:13.909+0100] {processor.py:183} INFO - Processing /home/ubuntu/.local/lib/python3.10/site-packages/airflow/example_dags/example_xcomargs.py took 0.326 seconds
[2024-02-01T17:12:05.992+0100] {processor.py:161} INFO - Started process (PID=43604) to work on /home/ubuntu/.local/lib/python3.10/site-packages/airflow/example_dags/example_xcomargs.py
[2024-02-01T17:12:05.996+0100] {processor.py:830} INFO - Processing file /home/ubuntu/.local/lib/python3.10/site-packages/airflow/example_dags/example_xcomargs.py for tasks to queue
[2024-02-01T17:12:05.999+0100] {logging_mixin.py:188} INFO - [2024-02-01T17:12:05.998+0100] {dagbag.py:538} INFO - Filling up the DagBag from /home/ubuntu/.local/lib/python3.10/site-packages/airflow/example_dags/example_xcomargs.py
[2024-02-01T17:12:06.195+0100] {processor.py:840} INFO - DAG(s) 'example_xcom_args', 'example_xcom_args_with_operators' retrieved from /home/ubuntu/.local/lib/python3.10/site-packages/airflow/example_dags/example_xcomargs.py
[2024-02-01T17:12:06.224+0100] {logging_mixin.py:188} INFO - [2024-02-01T17:12:06.223+0100] {dag.py:3033} INFO - Sync 2 DAGs
[2024-02-01T17:12:06.234+0100] {logging_mixin.py:188} INFO - [2024-02-01T17:12:06.234+0100] {dag.py:3820} INFO - Setting next_dagrun for example_xcom_args to None, run_after=None
[2024-02-01T17:12:06.237+0100] {logging_mixin.py:188} INFO - [2024-02-01T17:12:06.237+0100] {dag.py:3820} INFO - Setting next_dagrun for example_xcom_args_with_operators to None, run_after=None
[2024-02-01T17:12:06.277+0100] {processor.py:183} INFO - Processing /home/ubuntu/.local/lib/python3.10/site-packages/airflow/example_dags/example_xcomargs.py took 0.291 seconds
[2024-02-01T17:12:51.588+0100] {processor.py:161} INFO - Started process (PID=43641) to work on /home/ubuntu/.local/lib/python3.10/site-packages/airflow/example_dags/example_xcomargs.py
[2024-02-01T17:12:51.589+0100] {processor.py:830} INFO - Processing file /home/ubuntu/.local/lib/python3.10/site-packages/airflow/example_dags/example_xcomargs.py for tasks to queue
[2024-02-01T17:12:51.590+0100] {logging_mixin.py:188} INFO - [2024-02-01T17:12:51.590+0100] {dagbag.py:538} INFO - Filling up the DagBag from /home/ubuntu/.local/lib/python3.10/site-packages/airflow/example_dags/example_xcomargs.py
[2024-02-01T17:12:51.604+0100] {processor.py:840} INFO - DAG(s) 'example_xcom_args', 'example_xcom_args_with_operators' retrieved from /home/ubuntu/.local/lib/python3.10/site-packages/airflow/example_dags/example_xcomargs.py
[2024-02-01T17:12:51.630+0100] {logging_mixin.py:188} INFO - [2024-02-01T17:12:51.630+0100] {dag.py:3033} INFO - Sync 2 DAGs
[2024-02-01T17:12:51.647+0100] {logging_mixin.py:188} INFO - [2024-02-01T17:12:51.647+0100] {dag.py:3820} INFO - Setting next_dagrun for example_xcom_args to None, run_after=None
[2024-02-01T17:12:51.653+0100] {logging_mixin.py:188} INFO - [2024-02-01T17:12:51.652+0100] {dag.py:3820} INFO - Setting next_dagrun for example_xcom_args_with_operators to None, run_after=None
[2024-02-01T17:12:51.699+0100] {processor.py:183} INFO - Processing /home/ubuntu/.local/lib/python3.10/site-packages/airflow/example_dags/example_xcomargs.py took 0.115 seconds
[2024-02-01T17:13:24.764+0100] {processor.py:161} INFO - Started process (PID=43686) to work on /home/ubuntu/.local/lib/python3.10/site-packages/airflow/example_dags/example_xcomargs.py
[2024-02-01T17:13:24.766+0100] {processor.py:830} INFO - Processing file /home/ubuntu/.local/lib/python3.10/site-packages/airflow/example_dags/example_xcomargs.py for tasks to queue
[2024-02-01T17:13:24.767+0100] {logging_mixin.py:188} INFO - [2024-02-01T17:13:24.767+0100] {dagbag.py:538} INFO - Filling up the DagBag from /home/ubuntu/.local/lib/python3.10/site-packages/airflow/example_dags/example_xcomargs.py
[2024-02-01T17:13:24.782+0100] {processor.py:840} INFO - DAG(s) 'example_xcom_args', 'example_xcom_args_with_operators' retrieved from /home/ubuntu/.local/lib/python3.10/site-packages/airflow/example_dags/example_xcomargs.py
[2024-02-01T17:13:24.822+0100] {logging_mixin.py:188} INFO - [2024-02-01T17:13:24.821+0100] {dag.py:3033} INFO - Sync 2 DAGs
[2024-02-01T17:13:24.842+0100] {logging_mixin.py:188} INFO - [2024-02-01T17:13:24.842+0100] {dag.py:3820} INFO - Setting next_dagrun for example_xcom_args to None, run_after=None
[2024-02-01T17:13:24.849+0100] {logging_mixin.py:188} INFO - [2024-02-01T17:13:24.848+0100] {dag.py:3820} INFO - Setting next_dagrun for example_xcom_args_with_operators to None, run_after=None
[2024-02-01T17:13:24.899+0100] {processor.py:183} INFO - Processing /home/ubuntu/.local/lib/python3.10/site-packages/airflow/example_dags/example_xcomargs.py took 0.144 seconds
[2024-02-01T17:14:20.288+0100] {processor.py:161} INFO - Started process (PID=43771) to work on /home/ubuntu/.local/lib/python3.10/site-packages/airflow/example_dags/example_xcomargs.py
[2024-02-01T17:14:20.291+0100] {processor.py:830} INFO - Processing file /home/ubuntu/.local/lib/python3.10/site-packages/airflow/example_dags/example_xcomargs.py for tasks to queue
[2024-02-01T17:14:20.292+0100] {logging_mixin.py:188} INFO - [2024-02-01T17:14:20.291+0100] {dagbag.py:538} INFO - Filling up the DagBag from /home/ubuntu/.local/lib/python3.10/site-packages/airflow/example_dags/example_xcomargs.py
[2024-02-01T17:14:20.302+0100] {processor.py:840} INFO - DAG(s) 'example_xcom_args', 'example_xcom_args_with_operators' retrieved from /home/ubuntu/.local/lib/python3.10/site-packages/airflow/example_dags/example_xcomargs.py
[2024-02-01T17:14:20.340+0100] {logging_mixin.py:188} INFO - [2024-02-01T17:14:20.340+0100] {dag.py:3033} INFO - Sync 2 DAGs
[2024-02-01T17:14:20.354+0100] {logging_mixin.py:188} INFO - [2024-02-01T17:14:20.354+0100] {dag.py:3820} INFO - Setting next_dagrun for example_xcom_args to None, run_after=None
[2024-02-01T17:14:20.358+0100] {logging_mixin.py:188} INFO - [2024-02-01T17:14:20.358+0100] {dag.py:3820} INFO - Setting next_dagrun for example_xcom_args_with_operators to None, run_after=None
[2024-02-01T17:14:20.397+0100] {processor.py:183} INFO - Processing /home/ubuntu/.local/lib/python3.10/site-packages/airflow/example_dags/example_xcomargs.py took 0.112 seconds
