[2024-02-01T17:05:58.213+0100] {processor.py:161} INFO - Started process (PID=43318) to work on /home/ubuntu/.local/lib/python3.10/site-packages/airflow/example_dags/example_trigger_target_dag.py
[2024-02-01T17:05:58.214+0100] {processor.py:830} INFO - Processing file /home/ubuntu/.local/lib/python3.10/site-packages/airflow/example_dags/example_trigger_target_dag.py for tasks to queue
[2024-02-01T17:05:58.215+0100] {logging_mixin.py:188} INFO - [2024-02-01T17:05:58.215+0100] {dagbag.py:538} INFO - Filling up the DagBag from /home/ubuntu/.local/lib/python3.10/site-packages/airflow/example_dags/example_trigger_target_dag.py
[2024-02-01T17:05:58.228+0100] {processor.py:840} INFO - DAG(s) 'example_trigger_target_dag' retrieved from /home/ubuntu/.local/lib/python3.10/site-packages/airflow/example_dags/example_trigger_target_dag.py
[2024-02-01T17:05:58.327+0100] {logging_mixin.py:188} INFO - [2024-02-01T17:05:58.327+0100] {dag.py:3033} INFO - Sync 1 DAGs
[2024-02-01T17:05:58.338+0100] {logging_mixin.py:188} INFO - [2024-02-01T17:05:58.338+0100] {dag.py:3820} INFO - Setting next_dagrun for example_trigger_target_dag to None, run_after=None
[2024-02-01T17:05:58.484+0100] {processor.py:183} INFO - Processing /home/ubuntu/.local/lib/python3.10/site-packages/airflow/example_dags/example_trigger_target_dag.py took 0.276 seconds
[2024-02-01T17:07:29.411+0100] {processor.py:161} INFO - Started process (PID=43378) to work on /home/ubuntu/.local/lib/python3.10/site-packages/airflow/example_dags/example_trigger_target_dag.py
[2024-02-01T17:07:29.413+0100] {processor.py:830} INFO - Processing file /home/ubuntu/.local/lib/python3.10/site-packages/airflow/example_dags/example_trigger_target_dag.py for tasks to queue
[2024-02-01T17:07:29.414+0100] {logging_mixin.py:188} INFO - [2024-02-01T17:07:29.413+0100] {dagbag.py:538} INFO - Filling up the DagBag from /home/ubuntu/.local/lib/python3.10/site-packages/airflow/example_dags/example_trigger_target_dag.py
[2024-02-01T17:07:29.421+0100] {processor.py:840} INFO - DAG(s) 'example_trigger_target_dag' retrieved from /home/ubuntu/.local/lib/python3.10/site-packages/airflow/example_dags/example_trigger_target_dag.py
[2024-02-01T17:07:29.444+0100] {logging_mixin.py:188} INFO - [2024-02-01T17:07:29.444+0100] {dag.py:3033} INFO - Sync 1 DAGs
[2024-02-01T17:07:29.459+0100] {logging_mixin.py:188} INFO - [2024-02-01T17:07:29.459+0100] {dag.py:3820} INFO - Setting next_dagrun for example_trigger_target_dag to None, run_after=None
[2024-02-01T17:07:29.598+0100] {processor.py:183} INFO - Processing /home/ubuntu/.local/lib/python3.10/site-packages/airflow/example_dags/example_trigger_target_dag.py took 0.193 seconds
[2024-02-01T17:08:22.062+0100] {processor.py:161} INFO - Started process (PID=43422) to work on /home/ubuntu/.local/lib/python3.10/site-packages/airflow/example_dags/example_trigger_target_dag.py
[2024-02-01T17:08:22.073+0100] {processor.py:830} INFO - Processing file /home/ubuntu/.local/lib/python3.10/site-packages/airflow/example_dags/example_trigger_target_dag.py for tasks to queue
[2024-02-01T17:08:22.075+0100] {logging_mixin.py:188} INFO - [2024-02-01T17:08:22.074+0100] {dagbag.py:538} INFO - Filling up the DagBag from /home/ubuntu/.local/lib/python3.10/site-packages/airflow/example_dags/example_trigger_target_dag.py
[2024-02-01T17:08:22.090+0100] {processor.py:840} INFO - DAG(s) 'example_trigger_target_dag' retrieved from /home/ubuntu/.local/lib/python3.10/site-packages/airflow/example_dags/example_trigger_target_dag.py
[2024-02-01T17:08:22.107+0100] {logging_mixin.py:188} INFO - [2024-02-01T17:08:22.106+0100] {dag.py:3033} INFO - Sync 1 DAGs
[2024-02-01T17:08:22.119+0100] {logging_mixin.py:188} INFO - [2024-02-01T17:08:22.119+0100] {dag.py:3820} INFO - Setting next_dagrun for example_trigger_target_dag to None, run_after=None
[2024-02-01T17:08:22.251+0100] {processor.py:183} INFO - Processing /home/ubuntu/.local/lib/python3.10/site-packages/airflow/example_dags/example_trigger_target_dag.py took 0.223 seconds
[2024-02-01T17:09:09.162+0100] {processor.py:161} INFO - Started process (PID=43462) to work on /home/ubuntu/.local/lib/python3.10/site-packages/airflow/example_dags/example_trigger_target_dag.py
[2024-02-01T17:09:09.203+0100] {processor.py:830} INFO - Processing file /home/ubuntu/.local/lib/python3.10/site-packages/airflow/example_dags/example_trigger_target_dag.py for tasks to queue
[2024-02-01T17:09:09.205+0100] {logging_mixin.py:188} INFO - [2024-02-01T17:09:09.204+0100] {dagbag.py:538} INFO - Filling up the DagBag from /home/ubuntu/.local/lib/python3.10/site-packages/airflow/example_dags/example_trigger_target_dag.py
[2024-02-01T17:09:09.233+0100] {processor.py:840} INFO - DAG(s) 'example_trigger_target_dag' retrieved from /home/ubuntu/.local/lib/python3.10/site-packages/airflow/example_dags/example_trigger_target_dag.py
[2024-02-01T17:09:09.315+0100] {logging_mixin.py:188} INFO - [2024-02-01T17:09:09.315+0100] {dag.py:3033} INFO - Sync 1 DAGs
[2024-02-01T17:09:09.343+0100] {logging_mixin.py:188} INFO - [2024-02-01T17:09:09.342+0100] {dag.py:3820} INFO - Setting next_dagrun for example_trigger_target_dag to None, run_after=None
[2024-02-01T17:09:09.460+0100] {processor.py:183} INFO - Processing /home/ubuntu/.local/lib/python3.10/site-packages/airflow/example_dags/example_trigger_target_dag.py took 0.328 seconds
[2024-02-01T17:09:54.984+0100] {processor.py:161} INFO - Started process (PID=43499) to work on /home/ubuntu/.local/lib/python3.10/site-packages/airflow/example_dags/example_trigger_target_dag.py
[2024-02-01T17:09:55.000+0100] {processor.py:830} INFO - Processing file /home/ubuntu/.local/lib/python3.10/site-packages/airflow/example_dags/example_trigger_target_dag.py for tasks to queue
[2024-02-01T17:09:55.001+0100] {logging_mixin.py:188} INFO - [2024-02-01T17:09:55.001+0100] {dagbag.py:538} INFO - Filling up the DagBag from /home/ubuntu/.local/lib/python3.10/site-packages/airflow/example_dags/example_trigger_target_dag.py
[2024-02-01T17:09:55.014+0100] {processor.py:840} INFO - DAG(s) 'example_trigger_target_dag' retrieved from /home/ubuntu/.local/lib/python3.10/site-packages/airflow/example_dags/example_trigger_target_dag.py
[2024-02-01T17:09:55.060+0100] {logging_mixin.py:188} INFO - [2024-02-01T17:09:55.060+0100] {dag.py:3033} INFO - Sync 1 DAGs
[2024-02-01T17:09:55.079+0100] {logging_mixin.py:188} INFO - [2024-02-01T17:09:55.079+0100] {dag.py:3820} INFO - Setting next_dagrun for example_trigger_target_dag to None, run_after=None
[2024-02-01T17:09:55.270+0100] {processor.py:183} INFO - Processing /home/ubuntu/.local/lib/python3.10/site-packages/airflow/example_dags/example_trigger_target_dag.py took 0.293 seconds
[2024-02-01T17:10:37.765+0100] {processor.py:161} INFO - Started process (PID=43533) to work on /home/ubuntu/.local/lib/python3.10/site-packages/airflow/example_dags/example_trigger_target_dag.py
[2024-02-01T17:10:37.790+0100] {processor.py:830} INFO - Processing file /home/ubuntu/.local/lib/python3.10/site-packages/airflow/example_dags/example_trigger_target_dag.py for tasks to queue
[2024-02-01T17:10:37.791+0100] {logging_mixin.py:188} INFO - [2024-02-01T17:10:37.791+0100] {dagbag.py:538} INFO - Filling up the DagBag from /home/ubuntu/.local/lib/python3.10/site-packages/airflow/example_dags/example_trigger_target_dag.py
[2024-02-01T17:10:37.834+0100] {processor.py:840} INFO - DAG(s) 'example_trigger_target_dag' retrieved from /home/ubuntu/.local/lib/python3.10/site-packages/airflow/example_dags/example_trigger_target_dag.py
[2024-02-01T17:10:37.868+0100] {logging_mixin.py:188} INFO - [2024-02-01T17:10:37.868+0100] {dag.py:3033} INFO - Sync 1 DAGs
[2024-02-01T17:10:37.949+0100] {logging_mixin.py:188} INFO - [2024-02-01T17:10:37.949+0100] {dag.py:3820} INFO - Setting next_dagrun for example_trigger_target_dag to None, run_after=None
[2024-02-01T17:10:38.089+0100] {processor.py:183} INFO - Processing /home/ubuntu/.local/lib/python3.10/site-packages/airflow/example_dags/example_trigger_target_dag.py took 0.331 seconds
[2024-02-01T17:11:25.478+0100] {processor.py:161} INFO - Started process (PID=43575) to work on /home/ubuntu/.local/lib/python3.10/site-packages/airflow/example_dags/example_trigger_target_dag.py
[2024-02-01T17:11:25.481+0100] {processor.py:830} INFO - Processing file /home/ubuntu/.local/lib/python3.10/site-packages/airflow/example_dags/example_trigger_target_dag.py for tasks to queue
[2024-02-01T17:11:25.482+0100] {logging_mixin.py:188} INFO - [2024-02-01T17:11:25.482+0100] {dagbag.py:538} INFO - Filling up the DagBag from /home/ubuntu/.local/lib/python3.10/site-packages/airflow/example_dags/example_trigger_target_dag.py
[2024-02-01T17:11:25.494+0100] {processor.py:840} INFO - DAG(s) 'example_trigger_target_dag' retrieved from /home/ubuntu/.local/lib/python3.10/site-packages/airflow/example_dags/example_trigger_target_dag.py
[2024-02-01T17:11:25.519+0100] {logging_mixin.py:188} INFO - [2024-02-01T17:11:25.519+0100] {dag.py:3033} INFO - Sync 1 DAGs
[2024-02-01T17:11:25.539+0100] {logging_mixin.py:188} INFO - [2024-02-01T17:11:25.537+0100] {dag.py:3820} INFO - Setting next_dagrun for example_trigger_target_dag to None, run_after=None
[2024-02-01T17:11:25.773+0100] {processor.py:183} INFO - Processing /home/ubuntu/.local/lib/python3.10/site-packages/airflow/example_dags/example_trigger_target_dag.py took 0.305 seconds
[2024-02-01T17:12:14.914+0100] {processor.py:161} INFO - Started process (PID=43611) to work on /home/ubuntu/.local/lib/python3.10/site-packages/airflow/example_dags/example_trigger_target_dag.py
[2024-02-01T17:12:14.927+0100] {processor.py:830} INFO - Processing file /home/ubuntu/.local/lib/python3.10/site-packages/airflow/example_dags/example_trigger_target_dag.py for tasks to queue
[2024-02-01T17:12:14.929+0100] {logging_mixin.py:188} INFO - [2024-02-01T17:12:14.928+0100] {dagbag.py:538} INFO - Filling up the DagBag from /home/ubuntu/.local/lib/python3.10/site-packages/airflow/example_dags/example_trigger_target_dag.py
[2024-02-01T17:12:15.333+0100] {processor.py:840} INFO - DAG(s) 'example_trigger_target_dag' retrieved from /home/ubuntu/.local/lib/python3.10/site-packages/airflow/example_dags/example_trigger_target_dag.py
[2024-02-01T17:12:15.353+0100] {logging_mixin.py:188} INFO - [2024-02-01T17:12:15.353+0100] {dag.py:3033} INFO - Sync 1 DAGs
[2024-02-01T17:12:15.372+0100] {logging_mixin.py:188} INFO - [2024-02-01T17:12:15.372+0100] {dag.py:3820} INFO - Setting next_dagrun for example_trigger_target_dag to None, run_after=None
[2024-02-01T17:12:15.424+0100] {processor.py:183} INFO - Processing /home/ubuntu/.local/lib/python3.10/site-packages/airflow/example_dags/example_trigger_target_dag.py took 0.524 seconds
[2024-02-01T17:13:00.412+0100] {processor.py:161} INFO - Started process (PID=43660) to work on /home/ubuntu/.local/lib/python3.10/site-packages/airflow/example_dags/example_trigger_target_dag.py
[2024-02-01T17:13:00.414+0100] {processor.py:830} INFO - Processing file /home/ubuntu/.local/lib/python3.10/site-packages/airflow/example_dags/example_trigger_target_dag.py for tasks to queue
[2024-02-01T17:13:00.415+0100] {logging_mixin.py:188} INFO - [2024-02-01T17:13:00.414+0100] {dagbag.py:538} INFO - Filling up the DagBag from /home/ubuntu/.local/lib/python3.10/site-packages/airflow/example_dags/example_trigger_target_dag.py
[2024-02-01T17:13:00.424+0100] {processor.py:840} INFO - DAG(s) 'example_trigger_target_dag' retrieved from /home/ubuntu/.local/lib/python3.10/site-packages/airflow/example_dags/example_trigger_target_dag.py
[2024-02-01T17:13:00.447+0100] {logging_mixin.py:188} INFO - [2024-02-01T17:13:00.446+0100] {dag.py:3033} INFO - Sync 1 DAGs
[2024-02-01T17:13:00.461+0100] {logging_mixin.py:188} INFO - [2024-02-01T17:13:00.460+0100] {dag.py:3820} INFO - Setting next_dagrun for example_trigger_target_dag to None, run_after=None
[2024-02-01T17:13:00.491+0100] {processor.py:183} INFO - Processing /home/ubuntu/.local/lib/python3.10/site-packages/airflow/example_dags/example_trigger_target_dag.py took 0.087 seconds
[2024-02-01T17:13:55.156+0100] {processor.py:161} INFO - Started process (PID=43722) to work on /home/ubuntu/.local/lib/python3.10/site-packages/airflow/example_dags/example_trigger_target_dag.py
[2024-02-01T17:13:55.160+0100] {processor.py:830} INFO - Processing file /home/ubuntu/.local/lib/python3.10/site-packages/airflow/example_dags/example_trigger_target_dag.py for tasks to queue
[2024-02-01T17:13:55.161+0100] {logging_mixin.py:188} INFO - [2024-02-01T17:13:55.161+0100] {dagbag.py:538} INFO - Filling up the DagBag from /home/ubuntu/.local/lib/python3.10/site-packages/airflow/example_dags/example_trigger_target_dag.py
[2024-02-01T17:13:55.173+0100] {processor.py:840} INFO - DAG(s) 'example_trigger_target_dag' retrieved from /home/ubuntu/.local/lib/python3.10/site-packages/airflow/example_dags/example_trigger_target_dag.py
[2024-02-01T17:13:55.193+0100] {logging_mixin.py:188} INFO - [2024-02-01T17:13:55.192+0100] {dag.py:3033} INFO - Sync 1 DAGs
[2024-02-01T17:13:55.210+0100] {logging_mixin.py:188} INFO - [2024-02-01T17:13:55.209+0100] {dag.py:3820} INFO - Setting next_dagrun for example_trigger_target_dag to None, run_after=None
[2024-02-01T17:13:55.310+0100] {processor.py:183} INFO - Processing /home/ubuntu/.local/lib/python3.10/site-packages/airflow/example_dags/example_trigger_target_dag.py took 0.159 seconds
