[2024-02-01T17:06:30.414+0100] {processor.py:161} INFO - Started process (PID=43342) to work on /home/ubuntu/.local/lib/python3.10/site-packages/airflow/example_dags/example_params_trigger_ui.py
[2024-02-01T17:06:30.418+0100] {processor.py:830} INFO - Processing file /home/ubuntu/.local/lib/python3.10/site-packages/airflow/example_dags/example_params_trigger_ui.py for tasks to queue
[2024-02-01T17:06:30.425+0100] {logging_mixin.py:188} INFO - [2024-02-01T17:06:30.424+0100] {dagbag.py:538} INFO - Filling up the DagBag from /home/ubuntu/.local/lib/python3.10/site-packages/airflow/example_dags/example_params_trigger_ui.py
[2024-02-01T17:06:30.500+0100] {processor.py:840} INFO - DAG(s) 'example_params_trigger_ui' retrieved from /home/ubuntu/.local/lib/python3.10/site-packages/airflow/example_dags/example_params_trigger_ui.py
[2024-02-01T17:06:31.042+0100] {logging_mixin.py:188} INFO - [2024-02-01T17:06:31.041+0100] {dag.py:3033} INFO - Sync 1 DAGs
[2024-02-01T17:06:31.081+0100] {logging_mixin.py:188} INFO - [2024-02-01T17:06:31.081+0100] {dag.py:3820} INFO - Setting next_dagrun for example_params_trigger_ui to None, run_after=None
[2024-02-01T17:06:31.211+0100] {processor.py:183} INFO - Processing /home/ubuntu/.local/lib/python3.10/site-packages/airflow/example_dags/example_params_trigger_ui.py took 0.834 seconds
[2024-02-01T17:07:50.961+0100] {processor.py:161} INFO - Started process (PID=43401) to work on /home/ubuntu/.local/lib/python3.10/site-packages/airflow/example_dags/example_params_trigger_ui.py
[2024-02-01T17:07:50.972+0100] {processor.py:830} INFO - Processing file /home/ubuntu/.local/lib/python3.10/site-packages/airflow/example_dags/example_params_trigger_ui.py for tasks to queue
[2024-02-01T17:07:50.982+0100] {logging_mixin.py:188} INFO - [2024-02-01T17:07:50.981+0100] {dagbag.py:538} INFO - Filling up the DagBag from /home/ubuntu/.local/lib/python3.10/site-packages/airflow/example_dags/example_params_trigger_ui.py
[2024-02-01T17:07:51.036+0100] {processor.py:840} INFO - DAG(s) 'example_params_trigger_ui' retrieved from /home/ubuntu/.local/lib/python3.10/site-packages/airflow/example_dags/example_params_trigger_ui.py
[2024-02-01T17:07:51.524+0100] {logging_mixin.py:188} INFO - [2024-02-01T17:07:51.524+0100] {dag.py:3033} INFO - Sync 1 DAGs
[2024-02-01T17:07:51.579+0100] {logging_mixin.py:188} INFO - [2024-02-01T17:07:51.566+0100] {dag.py:3820} INFO - Setting next_dagrun for example_params_trigger_ui to None, run_after=None
[2024-02-01T17:07:51.717+0100] {processor.py:183} INFO - Processing /home/ubuntu/.local/lib/python3.10/site-packages/airflow/example_dags/example_params_trigger_ui.py took 0.817 seconds
[2024-02-01T17:09:26.693+0100] {processor.py:161} INFO - Started process (PID=43479) to work on /home/ubuntu/.local/lib/python3.10/site-packages/airflow/example_dags/example_params_trigger_ui.py
[2024-02-01T17:09:26.699+0100] {processor.py:830} INFO - Processing file /home/ubuntu/.local/lib/python3.10/site-packages/airflow/example_dags/example_params_trigger_ui.py for tasks to queue
[2024-02-01T17:09:26.701+0100] {logging_mixin.py:188} INFO - [2024-02-01T17:09:26.701+0100] {dagbag.py:538} INFO - Filling up the DagBag from /home/ubuntu/.local/lib/python3.10/site-packages/airflow/example_dags/example_params_trigger_ui.py
[2024-02-01T17:09:26.780+0100] {processor.py:840} INFO - DAG(s) 'example_params_trigger_ui' retrieved from /home/ubuntu/.local/lib/python3.10/site-packages/airflow/example_dags/example_params_trigger_ui.py
[2024-02-01T17:09:27.026+0100] {logging_mixin.py:188} INFO - [2024-02-01T17:09:27.025+0100] {dag.py:3033} INFO - Sync 1 DAGs
[2024-02-01T17:09:27.089+0100] {logging_mixin.py:188} INFO - [2024-02-01T17:09:27.089+0100] {dag.py:3820} INFO - Setting next_dagrun for example_params_trigger_ui to None, run_after=None
[2024-02-01T17:09:27.258+0100] {processor.py:183} INFO - Processing /home/ubuntu/.local/lib/python3.10/site-packages/airflow/example_dags/example_params_trigger_ui.py took 0.573 seconds
[2024-02-01T17:10:55.325+0100] {processor.py:161} INFO - Started process (PID=43555) to work on /home/ubuntu/.local/lib/python3.10/site-packages/airflow/example_dags/example_params_trigger_ui.py
[2024-02-01T17:10:55.338+0100] {processor.py:830} INFO - Processing file /home/ubuntu/.local/lib/python3.10/site-packages/airflow/example_dags/example_params_trigger_ui.py for tasks to queue
[2024-02-01T17:10:55.340+0100] {logging_mixin.py:188} INFO - [2024-02-01T17:10:55.339+0100] {dagbag.py:538} INFO - Filling up the DagBag from /home/ubuntu/.local/lib/python3.10/site-packages/airflow/example_dags/example_params_trigger_ui.py
[2024-02-01T17:10:55.363+0100] {processor.py:840} INFO - DAG(s) 'example_params_trigger_ui' retrieved from /home/ubuntu/.local/lib/python3.10/site-packages/airflow/example_dags/example_params_trigger_ui.py
[2024-02-01T17:10:55.420+0100] {logging_mixin.py:188} INFO - [2024-02-01T17:10:55.420+0100] {dag.py:3033} INFO - Sync 1 DAGs
[2024-02-01T17:10:55.432+0100] {logging_mixin.py:188} INFO - [2024-02-01T17:10:55.432+0100] {dag.py:3820} INFO - Setting next_dagrun for example_params_trigger_ui to None, run_after=None
[2024-02-01T17:10:55.471+0100] {processor.py:183} INFO - Processing /home/ubuntu/.local/lib/python3.10/site-packages/airflow/example_dags/example_params_trigger_ui.py took 0.150 seconds
[2024-02-01T17:12:39.801+0100] {processor.py:161} INFO - Started process (PID=43630) to work on /home/ubuntu/.local/lib/python3.10/site-packages/airflow/example_dags/example_params_trigger_ui.py
[2024-02-01T17:12:39.804+0100] {processor.py:830} INFO - Processing file /home/ubuntu/.local/lib/python3.10/site-packages/airflow/example_dags/example_params_trigger_ui.py for tasks to queue
[2024-02-01T17:12:39.805+0100] {logging_mixin.py:188} INFO - [2024-02-01T17:12:39.804+0100] {dagbag.py:538} INFO - Filling up the DagBag from /home/ubuntu/.local/lib/python3.10/site-packages/airflow/example_dags/example_params_trigger_ui.py
[2024-02-01T17:12:39.821+0100] {processor.py:840} INFO - DAG(s) 'example_params_trigger_ui' retrieved from /home/ubuntu/.local/lib/python3.10/site-packages/airflow/example_dags/example_params_trigger_ui.py
[2024-02-01T17:12:39.870+0100] {logging_mixin.py:188} INFO - [2024-02-01T17:12:39.870+0100] {dag.py:3033} INFO - Sync 1 DAGs
[2024-02-01T17:12:39.881+0100] {logging_mixin.py:188} INFO - [2024-02-01T17:12:39.881+0100] {dag.py:3820} INFO - Setting next_dagrun for example_params_trigger_ui to None, run_after=None
[2024-02-01T17:12:39.911+0100] {processor.py:183} INFO - Processing /home/ubuntu/.local/lib/python3.10/site-packages/airflow/example_dags/example_params_trigger_ui.py took 0.114 seconds
[2024-02-01T17:13:41.151+0100] {processor.py:161} INFO - Started process (PID=43704) to work on /home/ubuntu/.local/lib/python3.10/site-packages/airflow/example_dags/example_params_trigger_ui.py
[2024-02-01T17:13:41.163+0100] {processor.py:830} INFO - Processing file /home/ubuntu/.local/lib/python3.10/site-packages/airflow/example_dags/example_params_trigger_ui.py for tasks to queue
[2024-02-01T17:13:41.164+0100] {logging_mixin.py:188} INFO - [2024-02-01T17:13:41.163+0100] {dagbag.py:538} INFO - Filling up the DagBag from /home/ubuntu/.local/lib/python3.10/site-packages/airflow/example_dags/example_params_trigger_ui.py
[2024-02-01T17:13:41.178+0100] {processor.py:840} INFO - DAG(s) 'example_params_trigger_ui' retrieved from /home/ubuntu/.local/lib/python3.10/site-packages/airflow/example_dags/example_params_trigger_ui.py
[2024-02-01T17:13:41.211+0100] {logging_mixin.py:188} INFO - [2024-02-01T17:13:41.211+0100] {dag.py:3033} INFO - Sync 1 DAGs
[2024-02-01T17:13:41.220+0100] {logging_mixin.py:188} INFO - [2024-02-01T17:13:41.220+0100] {dag.py:3820} INFO - Setting next_dagrun for example_params_trigger_ui to None, run_after=None
[2024-02-01T17:13:41.256+0100] {processor.py:183} INFO - Processing /home/ubuntu/.local/lib/python3.10/site-packages/airflow/example_dags/example_params_trigger_ui.py took 0.108 seconds
[2024-02-01T17:14:36.427+0100] {processor.py:161} INFO - Started process (PID=43788) to work on /home/ubuntu/.local/lib/python3.10/site-packages/airflow/example_dags/example_params_trigger_ui.py
[2024-02-01T17:14:36.441+0100] {processor.py:830} INFO - Processing file /home/ubuntu/.local/lib/python3.10/site-packages/airflow/example_dags/example_params_trigger_ui.py for tasks to queue
[2024-02-01T17:14:36.442+0100] {logging_mixin.py:188} INFO - [2024-02-01T17:14:36.441+0100] {dagbag.py:538} INFO - Filling up the DagBag from /home/ubuntu/.local/lib/python3.10/site-packages/airflow/example_dags/example_params_trigger_ui.py
[2024-02-01T17:14:36.458+0100] {processor.py:840} INFO - DAG(s) 'example_params_trigger_ui' retrieved from /home/ubuntu/.local/lib/python3.10/site-packages/airflow/example_dags/example_params_trigger_ui.py
[2024-02-01T17:14:36.493+0100] {logging_mixin.py:188} INFO - [2024-02-01T17:14:36.493+0100] {dag.py:3033} INFO - Sync 1 DAGs
[2024-02-01T17:14:36.503+0100] {logging_mixin.py:188} INFO - [2024-02-01T17:14:36.502+0100] {dag.py:3820} INFO - Setting next_dagrun for example_params_trigger_ui to None, run_after=None
[2024-02-01T17:14:36.540+0100] {processor.py:183} INFO - Processing /home/ubuntu/.local/lib/python3.10/site-packages/airflow/example_dags/example_params_trigger_ui.py took 0.118 seconds
