[2024-02-01T17:06:32.441+0100] {processor.py:161} INFO - Started process (PID=43343) to work on /home/ubuntu/.local/lib/python3.10/site-packages/airflow/example_dags/example_branch_labels.py
[2024-02-01T17:06:32.443+0100] {processor.py:830} INFO - Processing file /home/ubuntu/.local/lib/python3.10/site-packages/airflow/example_dags/example_branch_labels.py for tasks to queue
[2024-02-01T17:06:32.449+0100] {logging_mixin.py:188} INFO - [2024-02-01T17:06:32.446+0100] {dagbag.py:538} INFO - Filling up the DagBag from /home/ubuntu/.local/lib/python3.10/site-packages/airflow/example_dags/example_branch_labels.py
[2024-02-01T17:06:32.469+0100] {processor.py:840} INFO - DAG(s) 'example_branch_labels' retrieved from /home/ubuntu/.local/lib/python3.10/site-packages/airflow/example_dags/example_branch_labels.py
[2024-02-01T17:06:32.804+0100] {logging_mixin.py:188} INFO - [2024-02-01T17:06:32.804+0100] {dag.py:3033} INFO - Sync 1 DAGs
[2024-02-01T17:06:32.862+0100] {logging_mixin.py:188} INFO - [2024-02-01T17:06:32.861+0100] {dag.py:3820} INFO - Setting next_dagrun for example_branch_labels to 2024-01-31T00:00:00+00:00, run_after=2024-02-01T00:00:00+00:00
[2024-02-01T17:06:33.028+0100] {processor.py:183} INFO - Processing /home/ubuntu/.local/lib/python3.10/site-packages/airflow/example_dags/example_branch_labels.py took 0.611 seconds
[2024-02-01T17:07:53.117+0100] {processor.py:161} INFO - Started process (PID=43404) to work on /home/ubuntu/.local/lib/python3.10/site-packages/airflow/example_dags/example_branch_labels.py
[2024-02-01T17:07:53.139+0100] {processor.py:830} INFO - Processing file /home/ubuntu/.local/lib/python3.10/site-packages/airflow/example_dags/example_branch_labels.py for tasks to queue
[2024-02-01T17:07:53.140+0100] {logging_mixin.py:188} INFO - [2024-02-01T17:07:53.139+0100] {dagbag.py:538} INFO - Filling up the DagBag from /home/ubuntu/.local/lib/python3.10/site-packages/airflow/example_dags/example_branch_labels.py
[2024-02-01T17:07:53.160+0100] {processor.py:840} INFO - DAG(s) 'example_branch_labels' retrieved from /home/ubuntu/.local/lib/python3.10/site-packages/airflow/example_dags/example_branch_labels.py
[2024-02-01T17:07:53.225+0100] {logging_mixin.py:188} INFO - [2024-02-01T17:07:53.224+0100] {dag.py:3033} INFO - Sync 1 DAGs
[2024-02-01T17:07:53.309+0100] {logging_mixin.py:188} INFO - [2024-02-01T17:07:53.309+0100] {dag.py:3820} INFO - Setting next_dagrun for example_branch_labels to 2024-01-31T00:00:00+00:00, run_after=2024-02-01T00:00:00+00:00
[2024-02-01T17:07:53.451+0100] {processor.py:183} INFO - Processing /home/ubuntu/.local/lib/python3.10/site-packages/airflow/example_dags/example_branch_labels.py took 0.371 seconds
[2024-02-01T17:09:28.616+0100] {processor.py:161} INFO - Started process (PID=43480) to work on /home/ubuntu/.local/lib/python3.10/site-packages/airflow/example_dags/example_branch_labels.py
[2024-02-01T17:09:28.632+0100] {processor.py:830} INFO - Processing file /home/ubuntu/.local/lib/python3.10/site-packages/airflow/example_dags/example_branch_labels.py for tasks to queue
[2024-02-01T17:09:28.636+0100] {logging_mixin.py:188} INFO - [2024-02-01T17:09:28.635+0100] {dagbag.py:538} INFO - Filling up the DagBag from /home/ubuntu/.local/lib/python3.10/site-packages/airflow/example_dags/example_branch_labels.py
[2024-02-01T17:09:28.662+0100] {processor.py:840} INFO - DAG(s) 'example_branch_labels' retrieved from /home/ubuntu/.local/lib/python3.10/site-packages/airflow/example_dags/example_branch_labels.py
[2024-02-01T17:09:28.752+0100] {logging_mixin.py:188} INFO - [2024-02-01T17:09:28.752+0100] {dag.py:3033} INFO - Sync 1 DAGs
[2024-02-01T17:09:28.808+0100] {logging_mixin.py:188} INFO - [2024-02-01T17:09:28.808+0100] {dag.py:3820} INFO - Setting next_dagrun for example_branch_labels to 2024-01-31T00:00:00+00:00, run_after=2024-02-01T00:00:00+00:00
[2024-02-01T17:09:28.912+0100] {processor.py:183} INFO - Processing /home/ubuntu/.local/lib/python3.10/site-packages/airflow/example_dags/example_branch_labels.py took 0.343 seconds
[2024-02-01T17:10:56.601+0100] {processor.py:161} INFO - Started process (PID=43556) to work on /home/ubuntu/.local/lib/python3.10/site-packages/airflow/example_dags/example_branch_labels.py
[2024-02-01T17:10:56.614+0100] {processor.py:830} INFO - Processing file /home/ubuntu/.local/lib/python3.10/site-packages/airflow/example_dags/example_branch_labels.py for tasks to queue
[2024-02-01T17:10:56.616+0100] {logging_mixin.py:188} INFO - [2024-02-01T17:10:56.615+0100] {dagbag.py:538} INFO - Filling up the DagBag from /home/ubuntu/.local/lib/python3.10/site-packages/airflow/example_dags/example_branch_labels.py
[2024-02-01T17:10:56.629+0100] {processor.py:840} INFO - DAG(s) 'example_branch_labels' retrieved from /home/ubuntu/.local/lib/python3.10/site-packages/airflow/example_dags/example_branch_labels.py
[2024-02-01T17:10:56.652+0100] {logging_mixin.py:188} INFO - [2024-02-01T17:10:56.652+0100] {dag.py:3033} INFO - Sync 1 DAGs
[2024-02-01T17:10:56.682+0100] {logging_mixin.py:188} INFO - [2024-02-01T17:10:56.682+0100] {dag.py:3820} INFO - Setting next_dagrun for example_branch_labels to 2024-01-31T00:00:00+00:00, run_after=2024-02-01T00:00:00+00:00
[2024-02-01T17:10:56.733+0100] {processor.py:183} INFO - Processing /home/ubuntu/.local/lib/python3.10/site-packages/airflow/example_dags/example_branch_labels.py took 0.136 seconds
[2024-02-01T17:12:41.097+0100] {processor.py:161} INFO - Started process (PID=43631) to work on /home/ubuntu/.local/lib/python3.10/site-packages/airflow/example_dags/example_branch_labels.py
[2024-02-01T17:12:41.099+0100] {processor.py:830} INFO - Processing file /home/ubuntu/.local/lib/python3.10/site-packages/airflow/example_dags/example_branch_labels.py for tasks to queue
[2024-02-01T17:12:41.100+0100] {logging_mixin.py:188} INFO - [2024-02-01T17:12:41.099+0100] {dagbag.py:538} INFO - Filling up the DagBag from /home/ubuntu/.local/lib/python3.10/site-packages/airflow/example_dags/example_branch_labels.py
[2024-02-01T17:12:41.109+0100] {processor.py:840} INFO - DAG(s) 'example_branch_labels' retrieved from /home/ubuntu/.local/lib/python3.10/site-packages/airflow/example_dags/example_branch_labels.py
[2024-02-01T17:12:41.134+0100] {logging_mixin.py:188} INFO - [2024-02-01T17:12:41.134+0100] {dag.py:3033} INFO - Sync 1 DAGs
[2024-02-01T17:12:41.153+0100] {logging_mixin.py:188} INFO - [2024-02-01T17:12:41.153+0100] {dag.py:3820} INFO - Setting next_dagrun for example_branch_labels to 2024-01-31T00:00:00+00:00, run_after=2024-02-01T00:00:00+00:00
[2024-02-01T17:12:41.203+0100] {processor.py:183} INFO - Processing /home/ubuntu/.local/lib/python3.10/site-packages/airflow/example_dags/example_branch_labels.py took 0.110 seconds
[2024-02-01T17:13:42.425+0100] {processor.py:161} INFO - Started process (PID=43705) to work on /home/ubuntu/.local/lib/python3.10/site-packages/airflow/example_dags/example_branch_labels.py
[2024-02-01T17:13:42.427+0100] {processor.py:830} INFO - Processing file /home/ubuntu/.local/lib/python3.10/site-packages/airflow/example_dags/example_branch_labels.py for tasks to queue
[2024-02-01T17:13:42.428+0100] {logging_mixin.py:188} INFO - [2024-02-01T17:13:42.428+0100] {dagbag.py:538} INFO - Filling up the DagBag from /home/ubuntu/.local/lib/python3.10/site-packages/airflow/example_dags/example_branch_labels.py
[2024-02-01T17:13:42.436+0100] {processor.py:840} INFO - DAG(s) 'example_branch_labels' retrieved from /home/ubuntu/.local/lib/python3.10/site-packages/airflow/example_dags/example_branch_labels.py
[2024-02-01T17:13:42.454+0100] {logging_mixin.py:188} INFO - [2024-02-01T17:13:42.454+0100] {dag.py:3033} INFO - Sync 1 DAGs
[2024-02-01T17:13:42.474+0100] {logging_mixin.py:188} INFO - [2024-02-01T17:13:42.474+0100] {dag.py:3820} INFO - Setting next_dagrun for example_branch_labels to 2024-01-31T00:00:00+00:00, run_after=2024-02-01T00:00:00+00:00
[2024-02-01T17:13:42.500+0100] {processor.py:183} INFO - Processing /home/ubuntu/.local/lib/python3.10/site-packages/airflow/example_dags/example_branch_labels.py took 0.080 seconds
[2024-02-01T17:14:37.706+0100] {processor.py:161} INFO - Started process (PID=43789) to work on /home/ubuntu/.local/lib/python3.10/site-packages/airflow/example_dags/example_branch_labels.py
[2024-02-01T17:14:37.719+0100] {processor.py:830} INFO - Processing file /home/ubuntu/.local/lib/python3.10/site-packages/airflow/example_dags/example_branch_labels.py for tasks to queue
[2024-02-01T17:14:37.720+0100] {logging_mixin.py:188} INFO - [2024-02-01T17:14:37.720+0100] {dagbag.py:538} INFO - Filling up the DagBag from /home/ubuntu/.local/lib/python3.10/site-packages/airflow/example_dags/example_branch_labels.py
[2024-02-01T17:14:37.731+0100] {processor.py:840} INFO - DAG(s) 'example_branch_labels' retrieved from /home/ubuntu/.local/lib/python3.10/site-packages/airflow/example_dags/example_branch_labels.py
[2024-02-01T17:14:37.787+0100] {logging_mixin.py:188} INFO - [2024-02-01T17:14:37.786+0100] {dag.py:3033} INFO - Sync 1 DAGs
[2024-02-01T17:14:37.877+0100] {logging_mixin.py:188} INFO - [2024-02-01T17:14:37.876+0100] {dag.py:3820} INFO - Setting next_dagrun for example_branch_labels to 2024-01-31T00:00:00+00:00, run_after=2024-02-01T00:00:00+00:00
[2024-02-01T17:14:38.113+0100] {processor.py:183} INFO - Processing /home/ubuntu/.local/lib/python3.10/site-packages/airflow/example_dags/example_branch_labels.py took 0.412 seconds
