[2024-02-01T17:06:01.194+0100] {processor.py:161} INFO - Started process (PID=43323) to work on /home/ubuntu/.local/lib/python3.10/site-packages/airflow/example_dags/example_subdag_operator.py
[2024-02-01T17:06:01.195+0100] {processor.py:830} INFO - Processing file /home/ubuntu/.local/lib/python3.10/site-packages/airflow/example_dags/example_subdag_operator.py for tasks to queue
[2024-02-01T17:06:01.197+0100] {logging_mixin.py:188} INFO - [2024-02-01T17:06:01.196+0100] {dagbag.py:538} INFO - Filling up the DagBag from /home/ubuntu/.local/lib/python3.10/site-packages/airflow/example_dags/example_subdag_operator.py
[2024-02-01T17:06:01.261+0100] {processor.py:840} INFO - DAG(s) 'example_subdag_operator.section-1', 'example_subdag_operator.section-2', 'example_subdag_operator' retrieved from /home/ubuntu/.local/lib/python3.10/site-packages/airflow/example_dags/example_subdag_operator.py
[2024-02-01T17:06:01.522+0100] {logging_mixin.py:188} INFO - [2024-02-01T17:06:01.522+0100] {dag.py:3033} INFO - Sync 3 DAGs
[2024-02-01T17:06:01.538+0100] {logging_mixin.py:188} INFO - [2024-02-01T17:06:01.538+0100] {dag.py:3820} INFO - Setting next_dagrun for example_subdag_operator to 2022-01-01T00:00:00+00:00, run_after=2022-01-01T00:00:00+00:00
[2024-02-01T17:06:01.542+0100] {logging_mixin.py:188} INFO - [2024-02-01T17:06:01.542+0100] {dag.py:3820} INFO - Setting next_dagrun for example_subdag_operator.section-1 to None, run_after=None
[2024-02-01T17:06:01.543+0100] {logging_mixin.py:188} INFO - [2024-02-01T17:06:01.543+0100] {dag.py:3820} INFO - Setting next_dagrun for example_subdag_operator.section-2 to None, run_after=None
[2024-02-01T17:06:01.551+0100] {logging_mixin.py:188} INFO - [2024-02-01T17:06:01.551+0100] {dag.py:3033} INFO - Sync 2 DAGs
[2024-02-01T17:06:01.555+0100] {logging_mixin.py:188} INFO - [2024-02-01T17:06:01.555+0100] {dag.py:3820} INFO - Setting next_dagrun for example_subdag_operator.section-1 to None, run_after=None
[2024-02-01T17:06:01.556+0100] {logging_mixin.py:188} INFO - [2024-02-01T17:06:01.555+0100] {dag.py:3820} INFO - Setting next_dagrun for example_subdag_operator.section-2 to None, run_after=None
[2024-02-01T17:06:01.698+0100] {processor.py:183} INFO - Processing /home/ubuntu/.local/lib/python3.10/site-packages/airflow/example_dags/example_subdag_operator.py took 0.509 seconds
[2024-02-01T17:07:31.764+0100] {processor.py:161} INFO - Started process (PID=43380) to work on /home/ubuntu/.local/lib/python3.10/site-packages/airflow/example_dags/example_subdag_operator.py
[2024-02-01T17:07:31.767+0100] {processor.py:830} INFO - Processing file /home/ubuntu/.local/lib/python3.10/site-packages/airflow/example_dags/example_subdag_operator.py for tasks to queue
[2024-02-01T17:07:31.769+0100] {logging_mixin.py:188} INFO - [2024-02-01T17:07:31.768+0100] {dagbag.py:538} INFO - Filling up the DagBag from /home/ubuntu/.local/lib/python3.10/site-packages/airflow/example_dags/example_subdag_operator.py
[2024-02-01T17:07:31.819+0100] {processor.py:840} INFO - DAG(s) 'example_subdag_operator.section-1', 'example_subdag_operator.section-2', 'example_subdag_operator' retrieved from /home/ubuntu/.local/lib/python3.10/site-packages/airflow/example_dags/example_subdag_operator.py
[2024-02-01T17:07:31.847+0100] {logging_mixin.py:188} INFO - [2024-02-01T17:07:31.847+0100] {dag.py:3033} INFO - Sync 3 DAGs
[2024-02-01T17:07:31.866+0100] {logging_mixin.py:188} INFO - [2024-02-01T17:07:31.865+0100] {dag.py:3820} INFO - Setting next_dagrun for example_subdag_operator to 2022-01-01T00:00:00+00:00, run_after=2022-01-01T00:00:00+00:00
[2024-02-01T17:07:31.869+0100] {logging_mixin.py:188} INFO - [2024-02-01T17:07:31.869+0100] {dag.py:3820} INFO - Setting next_dagrun for example_subdag_operator.section-1 to None, run_after=None
[2024-02-01T17:07:31.869+0100] {logging_mixin.py:188} INFO - [2024-02-01T17:07:31.869+0100] {dag.py:3820} INFO - Setting next_dagrun for example_subdag_operator.section-2 to None, run_after=None
[2024-02-01T17:07:31.874+0100] {logging_mixin.py:188} INFO - [2024-02-01T17:07:31.874+0100] {dag.py:3033} INFO - Sync 2 DAGs
[2024-02-01T17:07:31.877+0100] {logging_mixin.py:188} INFO - [2024-02-01T17:07:31.877+0100] {dag.py:3820} INFO - Setting next_dagrun for example_subdag_operator.section-1 to None, run_after=None
[2024-02-01T17:07:31.877+0100] {logging_mixin.py:188} INFO - [2024-02-01T17:07:31.877+0100] {dag.py:3820} INFO - Setting next_dagrun for example_subdag_operator.section-2 to None, run_after=None
[2024-02-01T17:07:31.913+0100] {processor.py:183} INFO - Processing /home/ubuntu/.local/lib/python3.10/site-packages/airflow/example_dags/example_subdag_operator.py took 0.154 seconds
[2024-02-01T17:08:25.082+0100] {processor.py:161} INFO - Started process (PID=43424) to work on /home/ubuntu/.local/lib/python3.10/site-packages/airflow/example_dags/example_subdag_operator.py
[2024-02-01T17:08:25.100+0100] {processor.py:830} INFO - Processing file /home/ubuntu/.local/lib/python3.10/site-packages/airflow/example_dags/example_subdag_operator.py for tasks to queue
[2024-02-01T17:08:25.103+0100] {logging_mixin.py:188} INFO - [2024-02-01T17:08:25.102+0100] {dagbag.py:538} INFO - Filling up the DagBag from /home/ubuntu/.local/lib/python3.10/site-packages/airflow/example_dags/example_subdag_operator.py
[2024-02-01T17:08:25.193+0100] {processor.py:840} INFO - DAG(s) 'example_subdag_operator.section-1', 'example_subdag_operator.section-2', 'example_subdag_operator' retrieved from /home/ubuntu/.local/lib/python3.10/site-packages/airflow/example_dags/example_subdag_operator.py
[2024-02-01T17:08:25.272+0100] {logging_mixin.py:188} INFO - [2024-02-01T17:08:25.271+0100] {dag.py:3033} INFO - Sync 3 DAGs
[2024-02-01T17:08:25.379+0100] {logging_mixin.py:188} INFO - [2024-02-01T17:08:25.379+0100] {dag.py:3820} INFO - Setting next_dagrun for example_subdag_operator to 2022-01-01T00:00:00+00:00, run_after=2022-01-01T00:00:00+00:00
[2024-02-01T17:08:25.387+0100] {logging_mixin.py:188} INFO - [2024-02-01T17:08:25.387+0100] {dag.py:3820} INFO - Setting next_dagrun for example_subdag_operator.section-1 to None, run_after=None
[2024-02-01T17:08:25.388+0100] {logging_mixin.py:188} INFO - [2024-02-01T17:08:25.388+0100] {dag.py:3820} INFO - Setting next_dagrun for example_subdag_operator.section-2 to None, run_after=None
[2024-02-01T17:08:25.402+0100] {logging_mixin.py:188} INFO - [2024-02-01T17:08:25.401+0100] {dag.py:3033} INFO - Sync 2 DAGs
[2024-02-01T17:08:25.419+0100] {logging_mixin.py:188} INFO - [2024-02-01T17:08:25.419+0100] {dag.py:3820} INFO - Setting next_dagrun for example_subdag_operator.section-1 to None, run_after=None
[2024-02-01T17:08:25.427+0100] {logging_mixin.py:188} INFO - [2024-02-01T17:08:25.423+0100] {dag.py:3820} INFO - Setting next_dagrun for example_subdag_operator.section-2 to None, run_after=None
[2024-02-01T17:08:25.554+0100] {processor.py:183} INFO - Processing /home/ubuntu/.local/lib/python3.10/site-packages/airflow/example_dags/example_subdag_operator.py took 0.483 seconds
[2024-02-01T17:09:56.466+0100] {processor.py:161} INFO - Started process (PID=43500) to work on /home/ubuntu/.local/lib/python3.10/site-packages/airflow/example_dags/example_subdag_operator.py
[2024-02-01T17:09:56.491+0100] {processor.py:830} INFO - Processing file /home/ubuntu/.local/lib/python3.10/site-packages/airflow/example_dags/example_subdag_operator.py for tasks to queue
[2024-02-01T17:09:56.496+0100] {logging_mixin.py:188} INFO - [2024-02-01T17:09:56.496+0100] {dagbag.py:538} INFO - Filling up the DagBag from /home/ubuntu/.local/lib/python3.10/site-packages/airflow/example_dags/example_subdag_operator.py
[2024-02-01T17:09:56.602+0100] {processor.py:840} INFO - DAG(s) 'example_subdag_operator.section-1', 'example_subdag_operator.section-2', 'example_subdag_operator' retrieved from /home/ubuntu/.local/lib/python3.10/site-packages/airflow/example_dags/example_subdag_operator.py
[2024-02-01T17:09:56.664+0100] {logging_mixin.py:188} INFO - [2024-02-01T17:09:56.664+0100] {dag.py:3033} INFO - Sync 3 DAGs
[2024-02-01T17:09:56.732+0100] {logging_mixin.py:188} INFO - [2024-02-01T17:09:56.732+0100] {dag.py:3820} INFO - Setting next_dagrun for example_subdag_operator to 2022-01-01T00:00:00+00:00, run_after=2022-01-01T00:00:00+00:00
[2024-02-01T17:09:56.736+0100] {logging_mixin.py:188} INFO - [2024-02-01T17:09:56.736+0100] {dag.py:3820} INFO - Setting next_dagrun for example_subdag_operator.section-1 to None, run_after=None
[2024-02-01T17:09:56.738+0100] {logging_mixin.py:188} INFO - [2024-02-01T17:09:56.738+0100] {dag.py:3820} INFO - Setting next_dagrun for example_subdag_operator.section-2 to None, run_after=None
[2024-02-01T17:09:56.763+0100] {logging_mixin.py:188} INFO - [2024-02-01T17:09:56.763+0100] {dag.py:3033} INFO - Sync 2 DAGs
[2024-02-01T17:09:56.777+0100] {logging_mixin.py:188} INFO - [2024-02-01T17:09:56.777+0100] {dag.py:3820} INFO - Setting next_dagrun for example_subdag_operator.section-1 to None, run_after=None
[2024-02-01T17:09:56.778+0100] {logging_mixin.py:188} INFO - [2024-02-01T17:09:56.778+0100] {dag.py:3820} INFO - Setting next_dagrun for example_subdag_operator.section-2 to None, run_after=None
[2024-02-01T17:09:56.907+0100] {processor.py:183} INFO - Processing /home/ubuntu/.local/lib/python3.10/site-packages/airflow/example_dags/example_subdag_operator.py took 0.447 seconds
[2024-02-01T17:11:28.080+0100] {processor.py:161} INFO - Started process (PID=43577) to work on /home/ubuntu/.local/lib/python3.10/site-packages/airflow/example_dags/example_subdag_operator.py
[2024-02-01T17:11:28.084+0100] {processor.py:830} INFO - Processing file /home/ubuntu/.local/lib/python3.10/site-packages/airflow/example_dags/example_subdag_operator.py for tasks to queue
[2024-02-01T17:11:28.086+0100] {logging_mixin.py:188} INFO - [2024-02-01T17:11:28.085+0100] {dagbag.py:538} INFO - Filling up the DagBag from /home/ubuntu/.local/lib/python3.10/site-packages/airflow/example_dags/example_subdag_operator.py
[2024-02-01T17:11:28.137+0100] {processor.py:840} INFO - DAG(s) 'example_subdag_operator.section-1', 'example_subdag_operator.section-2', 'example_subdag_operator' retrieved from /home/ubuntu/.local/lib/python3.10/site-packages/airflow/example_dags/example_subdag_operator.py
[2024-02-01T17:11:28.166+0100] {logging_mixin.py:188} INFO - [2024-02-01T17:11:28.165+0100] {dag.py:3033} INFO - Sync 3 DAGs
[2024-02-01T17:11:28.369+0100] {logging_mixin.py:188} INFO - [2024-02-01T17:11:28.369+0100] {dag.py:3820} INFO - Setting next_dagrun for example_subdag_operator to 2022-01-01T00:00:00+00:00, run_after=2022-01-01T00:00:00+00:00
[2024-02-01T17:11:28.374+0100] {logging_mixin.py:188} INFO - [2024-02-01T17:11:28.373+0100] {dag.py:3820} INFO - Setting next_dagrun for example_subdag_operator.section-1 to None, run_after=None
[2024-02-01T17:11:28.376+0100] {logging_mixin.py:188} INFO - [2024-02-01T17:11:28.376+0100] {dag.py:3820} INFO - Setting next_dagrun for example_subdag_operator.section-2 to None, run_after=None
[2024-02-01T17:11:28.400+0100] {logging_mixin.py:188} INFO - [2024-02-01T17:11:28.399+0100] {dag.py:3033} INFO - Sync 2 DAGs
[2024-02-01T17:11:28.409+0100] {logging_mixin.py:188} INFO - [2024-02-01T17:11:28.409+0100] {dag.py:3820} INFO - Setting next_dagrun for example_subdag_operator.section-1 to None, run_after=None
[2024-02-01T17:11:28.410+0100] {logging_mixin.py:188} INFO - [2024-02-01T17:11:28.410+0100] {dag.py:3820} INFO - Setting next_dagrun for example_subdag_operator.section-2 to None, run_after=None
[2024-02-01T17:11:28.453+0100] {processor.py:183} INFO - Processing /home/ubuntu/.local/lib/python3.10/site-packages/airflow/example_dags/example_subdag_operator.py took 0.383 seconds
[2024-02-01T17:12:18.165+0100] {processor.py:161} INFO - Started process (PID=43613) to work on /home/ubuntu/.local/lib/python3.10/site-packages/airflow/example_dags/example_subdag_operator.py
[2024-02-01T17:12:18.185+0100] {processor.py:830} INFO - Processing file /home/ubuntu/.local/lib/python3.10/site-packages/airflow/example_dags/example_subdag_operator.py for tasks to queue
[2024-02-01T17:12:18.188+0100] {logging_mixin.py:188} INFO - [2024-02-01T17:12:18.187+0100] {dagbag.py:538} INFO - Filling up the DagBag from /home/ubuntu/.local/lib/python3.10/site-packages/airflow/example_dags/example_subdag_operator.py
[2024-02-01T17:12:18.544+0100] {processor.py:840} INFO - DAG(s) 'example_subdag_operator.section-1', 'example_subdag_operator.section-2', 'example_subdag_operator' retrieved from /home/ubuntu/.local/lib/python3.10/site-packages/airflow/example_dags/example_subdag_operator.py
[2024-02-01T17:12:18.577+0100] {logging_mixin.py:188} INFO - [2024-02-01T17:12:18.576+0100] {dag.py:3033} INFO - Sync 3 DAGs
[2024-02-01T17:12:18.619+0100] {logging_mixin.py:188} INFO - [2024-02-01T17:12:18.618+0100] {dag.py:3820} INFO - Setting next_dagrun for example_subdag_operator to 2022-01-01T00:00:00+00:00, run_after=2022-01-01T00:00:00+00:00
[2024-02-01T17:12:18.627+0100] {logging_mixin.py:188} INFO - [2024-02-01T17:12:18.627+0100] {dag.py:3820} INFO - Setting next_dagrun for example_subdag_operator.section-1 to None, run_after=None
[2024-02-01T17:12:18.629+0100] {logging_mixin.py:188} INFO - [2024-02-01T17:12:18.629+0100] {dag.py:3820} INFO - Setting next_dagrun for example_subdag_operator.section-2 to None, run_after=None
[2024-02-01T17:12:18.639+0100] {logging_mixin.py:188} INFO - [2024-02-01T17:12:18.639+0100] {dag.py:3033} INFO - Sync 2 DAGs
[2024-02-01T17:12:18.646+0100] {logging_mixin.py:188} INFO - [2024-02-01T17:12:18.646+0100] {dag.py:3820} INFO - Setting next_dagrun for example_subdag_operator.section-1 to None, run_after=None
[2024-02-01T17:12:18.646+0100] {logging_mixin.py:188} INFO - [2024-02-01T17:12:18.646+0100] {dag.py:3820} INFO - Setting next_dagrun for example_subdag_operator.section-2 to None, run_after=None
[2024-02-01T17:12:18.692+0100] {processor.py:183} INFO - Processing /home/ubuntu/.local/lib/python3.10/site-packages/airflow/example_dags/example_subdag_operator.py took 0.536 seconds
[2024-02-01T17:13:02.271+0100] {processor.py:161} INFO - Started process (PID=43662) to work on /home/ubuntu/.local/lib/python3.10/site-packages/airflow/example_dags/example_subdag_operator.py
[2024-02-01T17:13:02.273+0100] {processor.py:830} INFO - Processing file /home/ubuntu/.local/lib/python3.10/site-packages/airflow/example_dags/example_subdag_operator.py for tasks to queue
[2024-02-01T17:13:02.274+0100] {logging_mixin.py:188} INFO - [2024-02-01T17:13:02.274+0100] {dagbag.py:538} INFO - Filling up the DagBag from /home/ubuntu/.local/lib/python3.10/site-packages/airflow/example_dags/example_subdag_operator.py
[2024-02-01T17:13:02.299+0100] {processor.py:840} INFO - DAG(s) 'example_subdag_operator.section-1', 'example_subdag_operator.section-2', 'example_subdag_operator' retrieved from /home/ubuntu/.local/lib/python3.10/site-packages/airflow/example_dags/example_subdag_operator.py
[2024-02-01T17:13:02.315+0100] {logging_mixin.py:188} INFO - [2024-02-01T17:13:02.315+0100] {dag.py:3033} INFO - Sync 3 DAGs
[2024-02-01T17:13:02.332+0100] {logging_mixin.py:188} INFO - [2024-02-01T17:13:02.331+0100] {dag.py:3820} INFO - Setting next_dagrun for example_subdag_operator to 2022-01-01T00:00:00+00:00, run_after=2022-01-01T00:00:00+00:00
[2024-02-01T17:13:02.335+0100] {logging_mixin.py:188} INFO - [2024-02-01T17:13:02.335+0100] {dag.py:3820} INFO - Setting next_dagrun for example_subdag_operator.section-1 to None, run_after=None
[2024-02-01T17:13:02.336+0100] {logging_mixin.py:188} INFO - [2024-02-01T17:13:02.336+0100] {dag.py:3820} INFO - Setting next_dagrun for example_subdag_operator.section-2 to None, run_after=None
[2024-02-01T17:13:02.340+0100] {logging_mixin.py:188} INFO - [2024-02-01T17:13:02.340+0100] {dag.py:3033} INFO - Sync 2 DAGs
[2024-02-01T17:13:02.343+0100] {logging_mixin.py:188} INFO - [2024-02-01T17:13:02.343+0100] {dag.py:3820} INFO - Setting next_dagrun for example_subdag_operator.section-1 to None, run_after=None
[2024-02-01T17:13:02.343+0100] {logging_mixin.py:188} INFO - [2024-02-01T17:13:02.343+0100] {dag.py:3820} INFO - Setting next_dagrun for example_subdag_operator.section-2 to None, run_after=None
[2024-02-01T17:13:02.370+0100] {processor.py:183} INFO - Processing /home/ubuntu/.local/lib/python3.10/site-packages/airflow/example_dags/example_subdag_operator.py took 0.103 seconds
[2024-02-01T17:13:56.722+0100] {processor.py:161} INFO - Started process (PID=43724) to work on /home/ubuntu/.local/lib/python3.10/site-packages/airflow/example_dags/example_subdag_operator.py
[2024-02-01T17:13:56.724+0100] {processor.py:830} INFO - Processing file /home/ubuntu/.local/lib/python3.10/site-packages/airflow/example_dags/example_subdag_operator.py for tasks to queue
[2024-02-01T17:13:56.725+0100] {logging_mixin.py:188} INFO - [2024-02-01T17:13:56.725+0100] {dagbag.py:538} INFO - Filling up the DagBag from /home/ubuntu/.local/lib/python3.10/site-packages/airflow/example_dags/example_subdag_operator.py
[2024-02-01T17:13:56.753+0100] {processor.py:840} INFO - DAG(s) 'example_subdag_operator.section-1', 'example_subdag_operator.section-2', 'example_subdag_operator' retrieved from /home/ubuntu/.local/lib/python3.10/site-packages/airflow/example_dags/example_subdag_operator.py
[2024-02-01T17:13:56.767+0100] {logging_mixin.py:188} INFO - [2024-02-01T17:13:56.767+0100] {dag.py:3033} INFO - Sync 3 DAGs
[2024-02-01T17:13:56.784+0100] {logging_mixin.py:188} INFO - [2024-02-01T17:13:56.784+0100] {dag.py:3820} INFO - Setting next_dagrun for example_subdag_operator to 2022-01-01T00:00:00+00:00, run_after=2022-01-01T00:00:00+00:00
[2024-02-01T17:13:56.786+0100] {logging_mixin.py:188} INFO - [2024-02-01T17:13:56.786+0100] {dag.py:3820} INFO - Setting next_dagrun for example_subdag_operator.section-1 to None, run_after=None
[2024-02-01T17:13:56.787+0100] {logging_mixin.py:188} INFO - [2024-02-01T17:13:56.787+0100] {dag.py:3820} INFO - Setting next_dagrun for example_subdag_operator.section-2 to None, run_after=None
[2024-02-01T17:13:56.793+0100] {logging_mixin.py:188} INFO - [2024-02-01T17:13:56.793+0100] {dag.py:3033} INFO - Sync 2 DAGs
[2024-02-01T17:13:56.797+0100] {logging_mixin.py:188} INFO - [2024-02-01T17:13:56.797+0100] {dag.py:3820} INFO - Setting next_dagrun for example_subdag_operator.section-1 to None, run_after=None
[2024-02-01T17:13:56.797+0100] {logging_mixin.py:188} INFO - [2024-02-01T17:13:56.797+0100] {dag.py:3820} INFO - Setting next_dagrun for example_subdag_operator.section-2 to None, run_after=None
[2024-02-01T17:13:56.825+0100] {processor.py:183} INFO - Processing /home/ubuntu/.local/lib/python3.10/site-packages/airflow/example_dags/example_subdag_operator.py took 0.106 seconds
