[2024-02-01T17:06:52.939+0100] {processor.py:161} INFO - Started process (PID=43357) to work on /home/ubuntu/.local/lib/python3.10/site-packages/airflow/example_dags/example_setup_teardown_taskflow.py
[2024-02-01T17:06:52.946+0100] {processor.py:830} INFO - Processing file /home/ubuntu/.local/lib/python3.10/site-packages/airflow/example_dags/example_setup_teardown_taskflow.py for tasks to queue
[2024-02-01T17:06:52.948+0100] {logging_mixin.py:188} INFO - [2024-02-01T17:06:52.948+0100] {dagbag.py:538} INFO - Filling up the DagBag from /home/ubuntu/.local/lib/python3.10/site-packages/airflow/example_dags/example_setup_teardown_taskflow.py
[2024-02-01T17:06:52.981+0100] {processor.py:840} INFO - DAG(s) 'example_setup_teardown_taskflow' retrieved from /home/ubuntu/.local/lib/python3.10/site-packages/airflow/example_dags/example_setup_teardown_taskflow.py
[2024-02-01T17:06:53.364+0100] {logging_mixin.py:188} INFO - [2024-02-01T17:06:53.364+0100] {dag.py:3033} INFO - Sync 1 DAGs
[2024-02-01T17:06:53.421+0100] {logging_mixin.py:188} INFO - [2024-02-01T17:06:53.421+0100] {dag.py:3820} INFO - Setting next_dagrun for example_setup_teardown_taskflow to 2024-01-31T00:00:00+00:00, run_after=2024-02-01T00:00:00+00:00
[2024-02-01T17:06:53.538+0100] {processor.py:183} INFO - Processing /home/ubuntu/.local/lib/python3.10/site-packages/airflow/example_dags/example_setup_teardown_taskflow.py took 0.619 seconds
[2024-02-01T17:08:35.593+0100] {processor.py:161} INFO - Started process (PID=43433) to work on /home/ubuntu/.local/lib/python3.10/site-packages/airflow/example_dags/example_setup_teardown_taskflow.py
[2024-02-01T17:08:35.634+0100] {processor.py:830} INFO - Processing file /home/ubuntu/.local/lib/python3.10/site-packages/airflow/example_dags/example_setup_teardown_taskflow.py for tasks to queue
[2024-02-01T17:08:35.653+0100] {logging_mixin.py:188} INFO - [2024-02-01T17:08:35.651+0100] {dagbag.py:538} INFO - Filling up the DagBag from /home/ubuntu/.local/lib/python3.10/site-packages/airflow/example_dags/example_setup_teardown_taskflow.py
[2024-02-01T17:08:35.679+0100] {processor.py:840} INFO - DAG(s) 'example_setup_teardown_taskflow' retrieved from /home/ubuntu/.local/lib/python3.10/site-packages/airflow/example_dags/example_setup_teardown_taskflow.py
[2024-02-01T17:08:35.711+0100] {logging_mixin.py:188} INFO - [2024-02-01T17:08:35.710+0100] {dag.py:3033} INFO - Sync 1 DAGs
[2024-02-01T17:08:35.740+0100] {logging_mixin.py:188} INFO - [2024-02-01T17:08:35.740+0100] {dag.py:3820} INFO - Setting next_dagrun for example_setup_teardown_taskflow to 2024-01-31T00:00:00+00:00, run_after=2024-02-01T00:00:00+00:00
[2024-02-01T17:08:35.794+0100] {processor.py:183} INFO - Processing /home/ubuntu/.local/lib/python3.10/site-packages/airflow/example_dags/example_setup_teardown_taskflow.py took 0.208 seconds
[2024-02-01T17:10:08.413+0100] {processor.py:161} INFO - Started process (PID=43508) to work on /home/ubuntu/.local/lib/python3.10/site-packages/airflow/example_dags/example_setup_teardown_taskflow.py
[2024-02-01T17:10:08.418+0100] {processor.py:830} INFO - Processing file /home/ubuntu/.local/lib/python3.10/site-packages/airflow/example_dags/example_setup_teardown_taskflow.py for tasks to queue
[2024-02-01T17:10:08.422+0100] {logging_mixin.py:188} INFO - [2024-02-01T17:10:08.420+0100] {dagbag.py:538} INFO - Filling up the DagBag from /home/ubuntu/.local/lib/python3.10/site-packages/airflow/example_dags/example_setup_teardown_taskflow.py
[2024-02-01T17:10:08.458+0100] {processor.py:840} INFO - DAG(s) 'example_setup_teardown_taskflow' retrieved from /home/ubuntu/.local/lib/python3.10/site-packages/airflow/example_dags/example_setup_teardown_taskflow.py
[2024-02-01T17:10:08.547+0100] {logging_mixin.py:188} INFO - [2024-02-01T17:10:08.546+0100] {dag.py:3033} INFO - Sync 1 DAGs
[2024-02-01T17:10:08.620+0100] {logging_mixin.py:188} INFO - [2024-02-01T17:10:08.615+0100] {dag.py:3820} INFO - Setting next_dagrun for example_setup_teardown_taskflow to 2024-01-31T00:00:00+00:00, run_after=2024-02-01T00:00:00+00:00
[2024-02-01T17:10:08.776+0100] {processor.py:183} INFO - Processing /home/ubuntu/.local/lib/python3.10/site-packages/airflow/example_dags/example_setup_teardown_taskflow.py took 0.378 seconds
[2024-02-01T17:11:38.977+0100] {processor.py:161} INFO - Started process (PID=43586) to work on /home/ubuntu/.local/lib/python3.10/site-packages/airflow/example_dags/example_setup_teardown_taskflow.py
[2024-02-01T17:11:38.981+0100] {processor.py:830} INFO - Processing file /home/ubuntu/.local/lib/python3.10/site-packages/airflow/example_dags/example_setup_teardown_taskflow.py for tasks to queue
[2024-02-01T17:11:38.985+0100] {logging_mixin.py:188} INFO - [2024-02-01T17:11:38.984+0100] {dagbag.py:538} INFO - Filling up the DagBag from /home/ubuntu/.local/lib/python3.10/site-packages/airflow/example_dags/example_setup_teardown_taskflow.py
[2024-02-01T17:11:39.008+0100] {processor.py:840} INFO - DAG(s) 'example_setup_teardown_taskflow' retrieved from /home/ubuntu/.local/lib/python3.10/site-packages/airflow/example_dags/example_setup_teardown_taskflow.py
[2024-02-01T17:11:39.044+0100] {logging_mixin.py:188} INFO - [2024-02-01T17:11:39.044+0100] {dag.py:3033} INFO - Sync 1 DAGs
[2024-02-01T17:11:39.330+0100] {logging_mixin.py:188} INFO - [2024-02-01T17:11:39.330+0100] {dag.py:3820} INFO - Setting next_dagrun for example_setup_teardown_taskflow to 2024-01-31T00:00:00+00:00, run_after=2024-02-01T00:00:00+00:00
[2024-02-01T17:11:39.402+0100] {processor.py:183} INFO - Processing /home/ubuntu/.local/lib/python3.10/site-packages/airflow/example_dags/example_setup_teardown_taskflow.py took 0.437 seconds
[2024-02-01T17:13:08.690+0100] {processor.py:161} INFO - Started process (PID=43668) to work on /home/ubuntu/.local/lib/python3.10/site-packages/airflow/example_dags/example_setup_teardown_taskflow.py
[2024-02-01T17:13:08.693+0100] {processor.py:830} INFO - Processing file /home/ubuntu/.local/lib/python3.10/site-packages/airflow/example_dags/example_setup_teardown_taskflow.py for tasks to queue
[2024-02-01T17:13:08.694+0100] {logging_mixin.py:188} INFO - [2024-02-01T17:13:08.693+0100] {dagbag.py:538} INFO - Filling up the DagBag from /home/ubuntu/.local/lib/python3.10/site-packages/airflow/example_dags/example_setup_teardown_taskflow.py
[2024-02-01T17:13:08.709+0100] {processor.py:840} INFO - DAG(s) 'example_setup_teardown_taskflow' retrieved from /home/ubuntu/.local/lib/python3.10/site-packages/airflow/example_dags/example_setup_teardown_taskflow.py
[2024-02-01T17:13:08.735+0100] {logging_mixin.py:188} INFO - [2024-02-01T17:13:08.735+0100] {dag.py:3033} INFO - Sync 1 DAGs
[2024-02-01T17:13:08.757+0100] {logging_mixin.py:188} INFO - [2024-02-01T17:13:08.757+0100] {dag.py:3820} INFO - Setting next_dagrun for example_setup_teardown_taskflow to 2024-01-31T00:00:00+00:00, run_after=2024-02-01T00:00:00+00:00
[2024-02-01T17:13:08.795+0100] {processor.py:183} INFO - Processing /home/ubuntu/.local/lib/python3.10/site-packages/airflow/example_dags/example_setup_teardown_taskflow.py took 0.111 seconds
[2024-02-01T17:14:05.920+0100] {processor.py:161} INFO - Started process (PID=43743) to work on /home/ubuntu/.local/lib/python3.10/site-packages/airflow/example_dags/example_setup_teardown_taskflow.py
[2024-02-01T17:14:05.968+0100] {processor.py:830} INFO - Processing file /home/ubuntu/.local/lib/python3.10/site-packages/airflow/example_dags/example_setup_teardown_taskflow.py for tasks to queue
[2024-02-01T17:14:05.971+0100] {logging_mixin.py:188} INFO - [2024-02-01T17:14:05.968+0100] {dagbag.py:538} INFO - Filling up the DagBag from /home/ubuntu/.local/lib/python3.10/site-packages/airflow/example_dags/example_setup_teardown_taskflow.py
[2024-02-01T17:14:06.064+0100] {processor.py:840} INFO - DAG(s) 'example_setup_teardown_taskflow' retrieved from /home/ubuntu/.local/lib/python3.10/site-packages/airflow/example_dags/example_setup_teardown_taskflow.py
[2024-02-01T17:14:06.248+0100] {logging_mixin.py:188} INFO - [2024-02-01T17:14:06.247+0100] {dag.py:3033} INFO - Sync 1 DAGs
[2024-02-01T17:14:06.513+0100] {logging_mixin.py:188} INFO - [2024-02-01T17:14:06.512+0100] {dag.py:3820} INFO - Setting next_dagrun for example_setup_teardown_taskflow to 2024-01-31T00:00:00+00:00, run_after=2024-02-01T00:00:00+00:00
[2024-02-01T17:14:06.635+0100] {processor.py:183} INFO - Processing /home/ubuntu/.local/lib/python3.10/site-packages/airflow/example_dags/example_setup_teardown_taskflow.py took 0.732 seconds
