[2024-02-01T17:06:23.882+0100] {processor.py:161} INFO - Started process (PID=43338) to work on /home/ubuntu/.local/lib/python3.10/site-packages/airflow/example_dags/example_branch_day_of_week_operator.py
[2024-02-01T17:06:23.888+0100] {processor.py:830} INFO - Processing file /home/ubuntu/.local/lib/python3.10/site-packages/airflow/example_dags/example_branch_day_of_week_operator.py for tasks to queue
[2024-02-01T17:06:23.889+0100] {logging_mixin.py:188} INFO - [2024-02-01T17:06:23.889+0100] {dagbag.py:538} INFO - Filling up the DagBag from /home/ubuntu/.local/lib/python3.10/site-packages/airflow/example_dags/example_branch_day_of_week_operator.py
[2024-02-01T17:06:23.917+0100] {processor.py:840} INFO - DAG(s) 'example_weekday_branch_operator' retrieved from /home/ubuntu/.local/lib/python3.10/site-packages/airflow/example_dags/example_branch_day_of_week_operator.py
[2024-02-01T17:06:24.166+0100] {logging_mixin.py:188} INFO - [2024-02-01T17:06:24.166+0100] {dag.py:3033} INFO - Sync 1 DAGs
[2024-02-01T17:06:24.189+0100] {logging_mixin.py:188} INFO - [2024-02-01T17:06:24.188+0100] {dag.py:3820} INFO - Setting next_dagrun for example_weekday_branch_operator to 2024-01-31T00:00:00+00:00, run_after=2024-02-01T00:00:00+00:00
[2024-02-01T17:06:24.266+0100] {processor.py:183} INFO - Processing /home/ubuntu/.local/lib/python3.10/site-packages/airflow/example_dags/example_branch_day_of_week_operator.py took 0.390 seconds
[2024-02-01T17:07:44.655+0100] {processor.py:161} INFO - Started process (PID=43396) to work on /home/ubuntu/.local/lib/python3.10/site-packages/airflow/example_dags/example_branch_day_of_week_operator.py
[2024-02-01T17:07:44.684+0100] {processor.py:830} INFO - Processing file /home/ubuntu/.local/lib/python3.10/site-packages/airflow/example_dags/example_branch_day_of_week_operator.py for tasks to queue
[2024-02-01T17:07:44.690+0100] {logging_mixin.py:188} INFO - [2024-02-01T17:07:44.689+0100] {dagbag.py:538} INFO - Filling up the DagBag from /home/ubuntu/.local/lib/python3.10/site-packages/airflow/example_dags/example_branch_day_of_week_operator.py
[2024-02-01T17:07:44.746+0100] {processor.py:840} INFO - DAG(s) 'example_weekday_branch_operator' retrieved from /home/ubuntu/.local/lib/python3.10/site-packages/airflow/example_dags/example_branch_day_of_week_operator.py
[2024-02-01T17:07:44.794+0100] {logging_mixin.py:188} INFO - [2024-02-01T17:07:44.794+0100] {dag.py:3033} INFO - Sync 1 DAGs
[2024-02-01T17:07:44.899+0100] {logging_mixin.py:188} INFO - [2024-02-01T17:07:44.899+0100] {dag.py:3820} INFO - Setting next_dagrun for example_weekday_branch_operator to 2024-01-31T00:00:00+00:00, run_after=2024-02-01T00:00:00+00:00
[2024-02-01T17:07:44.950+0100] {processor.py:183} INFO - Processing /home/ubuntu/.local/lib/python3.10/site-packages/airflow/example_dags/example_branch_day_of_week_operator.py took 0.313 seconds
[2024-02-01T17:09:21.074+0100] {processor.py:161} INFO - Started process (PID=43475) to work on /home/ubuntu/.local/lib/python3.10/site-packages/airflow/example_dags/example_branch_day_of_week_operator.py
[2024-02-01T17:09:21.108+0100] {processor.py:830} INFO - Processing file /home/ubuntu/.local/lib/python3.10/site-packages/airflow/example_dags/example_branch_day_of_week_operator.py for tasks to queue
[2024-02-01T17:09:21.110+0100] {logging_mixin.py:188} INFO - [2024-02-01T17:09:21.109+0100] {dagbag.py:538} INFO - Filling up the DagBag from /home/ubuntu/.local/lib/python3.10/site-packages/airflow/example_dags/example_branch_day_of_week_operator.py
[2024-02-01T17:09:21.131+0100] {processor.py:840} INFO - DAG(s) 'example_weekday_branch_operator' retrieved from /home/ubuntu/.local/lib/python3.10/site-packages/airflow/example_dags/example_branch_day_of_week_operator.py
[2024-02-01T17:09:21.213+0100] {logging_mixin.py:188} INFO - [2024-02-01T17:09:21.211+0100] {dag.py:3033} INFO - Sync 1 DAGs
[2024-02-01T17:09:21.311+0100] {logging_mixin.py:188} INFO - [2024-02-01T17:09:21.311+0100] {dag.py:3820} INFO - Setting next_dagrun for example_weekday_branch_operator to 2024-01-31T00:00:00+00:00, run_after=2024-02-01T00:00:00+00:00
[2024-02-01T17:09:21.469+0100] {processor.py:183} INFO - Processing /home/ubuntu/.local/lib/python3.10/site-packages/airflow/example_dags/example_branch_day_of_week_operator.py took 0.419 seconds
[2024-02-01T17:10:49.765+0100] {processor.py:161} INFO - Started process (PID=43548) to work on /home/ubuntu/.local/lib/python3.10/site-packages/airflow/example_dags/example_branch_day_of_week_operator.py
[2024-02-01T17:10:49.770+0100] {processor.py:830} INFO - Processing file /home/ubuntu/.local/lib/python3.10/site-packages/airflow/example_dags/example_branch_day_of_week_operator.py for tasks to queue
[2024-02-01T17:10:49.773+0100] {logging_mixin.py:188} INFO - [2024-02-01T17:10:49.772+0100] {dagbag.py:538} INFO - Filling up the DagBag from /home/ubuntu/.local/lib/python3.10/site-packages/airflow/example_dags/example_branch_day_of_week_operator.py
[2024-02-01T17:10:49.786+0100] {processor.py:840} INFO - DAG(s) 'example_weekday_branch_operator' retrieved from /home/ubuntu/.local/lib/python3.10/site-packages/airflow/example_dags/example_branch_day_of_week_operator.py
[2024-02-01T17:10:49.843+0100] {logging_mixin.py:188} INFO - [2024-02-01T17:10:49.843+0100] {dag.py:3033} INFO - Sync 1 DAGs
[2024-02-01T17:10:49.902+0100] {logging_mixin.py:188} INFO - [2024-02-01T17:10:49.901+0100] {dag.py:3820} INFO - Setting next_dagrun for example_weekday_branch_operator to 2024-01-31T00:00:00+00:00, run_after=2024-02-01T00:00:00+00:00
[2024-02-01T17:10:50.030+0100] {processor.py:183} INFO - Processing /home/ubuntu/.local/lib/python3.10/site-packages/airflow/example_dags/example_branch_day_of_week_operator.py took 0.273 seconds
[2024-02-01T17:12:33.641+0100] {processor.py:161} INFO - Started process (PID=43626) to work on /home/ubuntu/.local/lib/python3.10/site-packages/airflow/example_dags/example_branch_day_of_week_operator.py
[2024-02-01T17:12:33.644+0100] {processor.py:830} INFO - Processing file /home/ubuntu/.local/lib/python3.10/site-packages/airflow/example_dags/example_branch_day_of_week_operator.py for tasks to queue
[2024-02-01T17:12:33.645+0100] {logging_mixin.py:188} INFO - [2024-02-01T17:12:33.644+0100] {dagbag.py:538} INFO - Filling up the DagBag from /home/ubuntu/.local/lib/python3.10/site-packages/airflow/example_dags/example_branch_day_of_week_operator.py
[2024-02-01T17:12:33.661+0100] {processor.py:840} INFO - DAG(s) 'example_weekday_branch_operator' retrieved from /home/ubuntu/.local/lib/python3.10/site-packages/airflow/example_dags/example_branch_day_of_week_operator.py
[2024-02-01T17:12:33.688+0100] {logging_mixin.py:188} INFO - [2024-02-01T17:12:33.688+0100] {dag.py:3033} INFO - Sync 1 DAGs
[2024-02-01T17:12:33.720+0100] {logging_mixin.py:188} INFO - [2024-02-01T17:12:33.719+0100] {dag.py:3820} INFO - Setting next_dagrun for example_weekday_branch_operator to 2024-01-31T00:00:00+00:00, run_after=2024-02-01T00:00:00+00:00
[2024-02-01T17:12:33.769+0100] {processor.py:183} INFO - Processing /home/ubuntu/.local/lib/python3.10/site-packages/airflow/example_dags/example_branch_day_of_week_operator.py took 0.136 seconds
[2024-02-01T17:13:36.174+0100] {processor.py:161} INFO - Started process (PID=43699) to work on /home/ubuntu/.local/lib/python3.10/site-packages/airflow/example_dags/example_branch_day_of_week_operator.py
[2024-02-01T17:13:36.176+0100] {processor.py:830} INFO - Processing file /home/ubuntu/.local/lib/python3.10/site-packages/airflow/example_dags/example_branch_day_of_week_operator.py for tasks to queue
[2024-02-01T17:13:36.177+0100] {logging_mixin.py:188} INFO - [2024-02-01T17:13:36.176+0100] {dagbag.py:538} INFO - Filling up the DagBag from /home/ubuntu/.local/lib/python3.10/site-packages/airflow/example_dags/example_branch_day_of_week_operator.py
[2024-02-01T17:13:36.187+0100] {processor.py:840} INFO - DAG(s) 'example_weekday_branch_operator' retrieved from /home/ubuntu/.local/lib/python3.10/site-packages/airflow/example_dags/example_branch_day_of_week_operator.py
[2024-02-01T17:13:36.206+0100] {logging_mixin.py:188} INFO - [2024-02-01T17:13:36.206+0100] {dag.py:3033} INFO - Sync 1 DAGs
[2024-02-01T17:13:36.232+0100] {logging_mixin.py:188} INFO - [2024-02-01T17:13:36.232+0100] {dag.py:3820} INFO - Setting next_dagrun for example_weekday_branch_operator to 2024-01-31T00:00:00+00:00, run_after=2024-02-01T00:00:00+00:00
[2024-02-01T17:13:36.309+0100] {processor.py:183} INFO - Processing /home/ubuntu/.local/lib/python3.10/site-packages/airflow/example_dags/example_branch_day_of_week_operator.py took 0.140 seconds
[2024-02-01T17:14:32.429+0100] {processor.py:161} INFO - Started process (PID=43784) to work on /home/ubuntu/.local/lib/python3.10/site-packages/airflow/example_dags/example_branch_day_of_week_operator.py
[2024-02-01T17:14:32.441+0100] {processor.py:830} INFO - Processing file /home/ubuntu/.local/lib/python3.10/site-packages/airflow/example_dags/example_branch_day_of_week_operator.py for tasks to queue
[2024-02-01T17:14:32.443+0100] {logging_mixin.py:188} INFO - [2024-02-01T17:14:32.442+0100] {dagbag.py:538} INFO - Filling up the DagBag from /home/ubuntu/.local/lib/python3.10/site-packages/airflow/example_dags/example_branch_day_of_week_operator.py
[2024-02-01T17:14:32.459+0100] {processor.py:840} INFO - DAG(s) 'example_weekday_branch_operator' retrieved from /home/ubuntu/.local/lib/python3.10/site-packages/airflow/example_dags/example_branch_day_of_week_operator.py
[2024-02-01T17:14:32.490+0100] {logging_mixin.py:188} INFO - [2024-02-01T17:14:32.490+0100] {dag.py:3033} INFO - Sync 1 DAGs
[2024-02-01T17:14:32.543+0100] {logging_mixin.py:188} INFO - [2024-02-01T17:14:32.542+0100] {dag.py:3820} INFO - Setting next_dagrun for example_weekday_branch_operator to 2024-01-31T00:00:00+00:00, run_after=2024-02-01T00:00:00+00:00
[2024-02-01T17:14:32.588+0100] {processor.py:183} INFO - Processing /home/ubuntu/.local/lib/python3.10/site-packages/airflow/example_dags/example_branch_day_of_week_operator.py took 0.167 seconds
