[2024-02-01T17:07:10.747+0100] {processor.py:161} INFO - Started process (PID=43364) to work on /home/ubuntu/.local/lib/python3.10/site-packages/airflow/example_dags/example_local_kubernetes_executor.py
[2024-02-01T17:07:10.752+0100] {processor.py:830} INFO - Processing file /home/ubuntu/.local/lib/python3.10/site-packages/airflow/example_dags/example_local_kubernetes_executor.py for tasks to queue
[2024-02-01T17:07:10.754+0100] {logging_mixin.py:188} INFO - [2024-02-01T17:07:10.753+0100] {dagbag.py:538} INFO - Filling up the DagBag from /home/ubuntu/.local/lib/python3.10/site-packages/airflow/example_dags/example_local_kubernetes_executor.py
[2024-02-01T17:07:11.569+0100] {processor.py:840} INFO - DAG(s) 'example_local_kubernetes_executor' retrieved from /home/ubuntu/.local/lib/python3.10/site-packages/airflow/example_dags/example_local_kubernetes_executor.py
[2024-02-01T17:07:11.581+0100] {logging_mixin.py:188} WARNING - /home/ubuntu/.local/lib/python3.10/site-packages/airflow/serialization/serialized_objects.py:1563 DeprecationWarning: This module is deprecated. The `cncf.kubernetes` provider before version 7.4.0 uses this module - you should migrate to a newer version of `cncf.kubernetes` to get rid of this warning. If you import the module via `airflow.kubernetes` import, please use `cncf.kubernetes' provider 7.4.0+ and switch all your imports to use `apache.airflow.providers.cncf.kubernetes` to get rid of the warning.
[2024-02-01T17:07:11.664+0100] {logging_mixin.py:188} INFO - [2024-02-01T17:07:11.663+0100] {dag.py:3033} INFO - Sync 1 DAGs
[2024-02-01T17:07:11.673+0100] {logging_mixin.py:188} INFO - [2024-02-01T17:07:11.673+0100] {dag.py:3820} INFO - Setting next_dagrun for example_local_kubernetes_executor to None, run_after=None
[2024-02-01T17:07:11.712+0100] {processor.py:183} INFO - Processing /home/ubuntu/.local/lib/python3.10/site-packages/airflow/example_dags/example_local_kubernetes_executor.py took 0.973 seconds
[2024-02-01T17:08:46.609+0100] {processor.py:161} INFO - Started process (PID=43440) to work on /home/ubuntu/.local/lib/python3.10/site-packages/airflow/example_dags/example_local_kubernetes_executor.py
[2024-02-01T17:08:46.624+0100] {processor.py:830} INFO - Processing file /home/ubuntu/.local/lib/python3.10/site-packages/airflow/example_dags/example_local_kubernetes_executor.py for tasks to queue
[2024-02-01T17:08:46.626+0100] {logging_mixin.py:188} INFO - [2024-02-01T17:08:46.625+0100] {dagbag.py:538} INFO - Filling up the DagBag from /home/ubuntu/.local/lib/python3.10/site-packages/airflow/example_dags/example_local_kubernetes_executor.py
[2024-02-01T17:08:47.610+0100] {processor.py:840} INFO - DAG(s) 'example_local_kubernetes_executor' retrieved from /home/ubuntu/.local/lib/python3.10/site-packages/airflow/example_dags/example_local_kubernetes_executor.py
[2024-02-01T17:08:47.641+0100] {logging_mixin.py:188} WARNING - /home/ubuntu/.local/lib/python3.10/site-packages/airflow/serialization/serialized_objects.py:1563 DeprecationWarning: This module is deprecated. The `cncf.kubernetes` provider before version 7.4.0 uses this module - you should migrate to a newer version of `cncf.kubernetes` to get rid of this warning. If you import the module via `airflow.kubernetes` import, please use `cncf.kubernetes' provider 7.4.0+ and switch all your imports to use `apache.airflow.providers.cncf.kubernetes` to get rid of the warning.
[2024-02-01T17:08:47.677+0100] {logging_mixin.py:188} INFO - [2024-02-01T17:08:47.670+0100] {dag.py:3033} INFO - Sync 1 DAGs
[2024-02-01T17:08:47.706+0100] {logging_mixin.py:188} INFO - [2024-02-01T17:08:47.705+0100] {dag.py:3820} INFO - Setting next_dagrun for example_local_kubernetes_executor to None, run_after=None
[2024-02-01T17:08:47.802+0100] {processor.py:183} INFO - Processing /home/ubuntu/.local/lib/python3.10/site-packages/airflow/example_dags/example_local_kubernetes_executor.py took 1.202 seconds
[2024-02-01T17:10:18.817+0100] {processor.py:161} INFO - Started process (PID=43516) to work on /home/ubuntu/.local/lib/python3.10/site-packages/airflow/example_dags/example_local_kubernetes_executor.py
[2024-02-01T17:10:18.829+0100] {processor.py:830} INFO - Processing file /home/ubuntu/.local/lib/python3.10/site-packages/airflow/example_dags/example_local_kubernetes_executor.py for tasks to queue
[2024-02-01T17:10:18.830+0100] {logging_mixin.py:188} INFO - [2024-02-01T17:10:18.829+0100] {dagbag.py:538} INFO - Filling up the DagBag from /home/ubuntu/.local/lib/python3.10/site-packages/airflow/example_dags/example_local_kubernetes_executor.py
[2024-02-01T17:10:19.437+0100] {processor.py:840} INFO - DAG(s) 'example_local_kubernetes_executor' retrieved from /home/ubuntu/.local/lib/python3.10/site-packages/airflow/example_dags/example_local_kubernetes_executor.py
[2024-02-01T17:10:19.453+0100] {logging_mixin.py:188} WARNING - /home/ubuntu/.local/lib/python3.10/site-packages/airflow/serialization/serialized_objects.py:1563 DeprecationWarning: This module is deprecated. The `cncf.kubernetes` provider before version 7.4.0 uses this module - you should migrate to a newer version of `cncf.kubernetes` to get rid of this warning. If you import the module via `airflow.kubernetes` import, please use `cncf.kubernetes' provider 7.4.0+ and switch all your imports to use `apache.airflow.providers.cncf.kubernetes` to get rid of the warning.
[2024-02-01T17:10:19.459+0100] {logging_mixin.py:188} INFO - [2024-02-01T17:10:19.458+0100] {dag.py:3033} INFO - Sync 1 DAGs
[2024-02-01T17:10:19.467+0100] {logging_mixin.py:188} INFO - [2024-02-01T17:10:19.467+0100] {dag.py:3820} INFO - Setting next_dagrun for example_local_kubernetes_executor to None, run_after=None
[2024-02-01T17:10:19.502+0100] {processor.py:183} INFO - Processing /home/ubuntu/.local/lib/python3.10/site-packages/airflow/example_dags/example_local_kubernetes_executor.py took 0.689 seconds
[2024-02-01T17:11:51.590+0100] {processor.py:161} INFO - Started process (PID=43594) to work on /home/ubuntu/.local/lib/python3.10/site-packages/airflow/example_dags/example_local_kubernetes_executor.py
[2024-02-01T17:11:51.592+0100] {processor.py:830} INFO - Processing file /home/ubuntu/.local/lib/python3.10/site-packages/airflow/example_dags/example_local_kubernetes_executor.py for tasks to queue
[2024-02-01T17:11:51.593+0100] {logging_mixin.py:188} INFO - [2024-02-01T17:11:51.593+0100] {dagbag.py:538} INFO - Filling up the DagBag from /home/ubuntu/.local/lib/python3.10/site-packages/airflow/example_dags/example_local_kubernetes_executor.py
[2024-02-01T17:11:52.887+0100] {processor.py:840} INFO - DAG(s) 'example_local_kubernetes_executor' retrieved from /home/ubuntu/.local/lib/python3.10/site-packages/airflow/example_dags/example_local_kubernetes_executor.py
[2024-02-01T17:11:52.901+0100] {logging_mixin.py:188} WARNING - /home/ubuntu/.local/lib/python3.10/site-packages/airflow/serialization/serialized_objects.py:1563 DeprecationWarning: This module is deprecated. The `cncf.kubernetes` provider before version 7.4.0 uses this module - you should migrate to a newer version of `cncf.kubernetes` to get rid of this warning. If you import the module via `airflow.kubernetes` import, please use `cncf.kubernetes' provider 7.4.0+ and switch all your imports to use `apache.airflow.providers.cncf.kubernetes` to get rid of the warning.
[2024-02-01T17:11:52.920+0100] {logging_mixin.py:188} INFO - [2024-02-01T17:11:52.919+0100] {dag.py:3033} INFO - Sync 1 DAGs
[2024-02-01T17:11:52.957+0100] {logging_mixin.py:188} INFO - [2024-02-01T17:11:52.957+0100] {dag.py:3820} INFO - Setting next_dagrun for example_local_kubernetes_executor to None, run_after=None
[2024-02-01T17:11:52.984+0100] {processor.py:183} INFO - Processing /home/ubuntu/.local/lib/python3.10/site-packages/airflow/example_dags/example_local_kubernetes_executor.py took 1.398 seconds
[2024-02-01T17:13:15.591+0100] {processor.py:161} INFO - Started process (PID=43678) to work on /home/ubuntu/.local/lib/python3.10/site-packages/airflow/example_dags/example_local_kubernetes_executor.py
[2024-02-01T17:13:15.593+0100] {processor.py:830} INFO - Processing file /home/ubuntu/.local/lib/python3.10/site-packages/airflow/example_dags/example_local_kubernetes_executor.py for tasks to queue
[2024-02-01T17:13:15.594+0100] {logging_mixin.py:188} INFO - [2024-02-01T17:13:15.594+0100] {dagbag.py:538} INFO - Filling up the DagBag from /home/ubuntu/.local/lib/python3.10/site-packages/airflow/example_dags/example_local_kubernetes_executor.py
[2024-02-01T17:13:15.789+0100] {processor.py:840} INFO - DAG(s) 'example_local_kubernetes_executor' retrieved from /home/ubuntu/.local/lib/python3.10/site-packages/airflow/example_dags/example_local_kubernetes_executor.py
[2024-02-01T17:13:15.805+0100] {logging_mixin.py:188} WARNING - /home/ubuntu/.local/lib/python3.10/site-packages/airflow/serialization/serialized_objects.py:1563 DeprecationWarning: This module is deprecated. The `cncf.kubernetes` provider before version 7.4.0 uses this module - you should migrate to a newer version of `cncf.kubernetes` to get rid of this warning. If you import the module via `airflow.kubernetes` import, please use `cncf.kubernetes' provider 7.4.0+ and switch all your imports to use `apache.airflow.providers.cncf.kubernetes` to get rid of the warning.
[2024-02-01T17:13:15.813+0100] {logging_mixin.py:188} INFO - [2024-02-01T17:13:15.812+0100] {dag.py:3033} INFO - Sync 1 DAGs
[2024-02-01T17:13:15.823+0100] {logging_mixin.py:188} INFO - [2024-02-01T17:13:15.822+0100] {dag.py:3820} INFO - Setting next_dagrun for example_local_kubernetes_executor to None, run_after=None
[2024-02-01T17:13:15.857+0100] {processor.py:183} INFO - Processing /home/ubuntu/.local/lib/python3.10/site-packages/airflow/example_dags/example_local_kubernetes_executor.py took 0.272 seconds
[2024-02-01T17:14:14.832+0100] {processor.py:161} INFO - Started process (PID=43766) to work on /home/ubuntu/.local/lib/python3.10/site-packages/airflow/example_dags/example_local_kubernetes_executor.py
[2024-02-01T17:14:14.835+0100] {processor.py:830} INFO - Processing file /home/ubuntu/.local/lib/python3.10/site-packages/airflow/example_dags/example_local_kubernetes_executor.py for tasks to queue
[2024-02-01T17:14:14.836+0100] {logging_mixin.py:188} INFO - [2024-02-01T17:14:14.835+0100] {dagbag.py:538} INFO - Filling up the DagBag from /home/ubuntu/.local/lib/python3.10/site-packages/airflow/example_dags/example_local_kubernetes_executor.py
[2024-02-01T17:14:15.095+0100] {processor.py:840} INFO - DAG(s) 'example_local_kubernetes_executor' retrieved from /home/ubuntu/.local/lib/python3.10/site-packages/airflow/example_dags/example_local_kubernetes_executor.py
[2024-02-01T17:14:15.115+0100] {logging_mixin.py:188} WARNING - /home/ubuntu/.local/lib/python3.10/site-packages/airflow/serialization/serialized_objects.py:1563 DeprecationWarning: This module is deprecated. The `cncf.kubernetes` provider before version 7.4.0 uses this module - you should migrate to a newer version of `cncf.kubernetes` to get rid of this warning. If you import the module via `airflow.kubernetes` import, please use `cncf.kubernetes' provider 7.4.0+ and switch all your imports to use `apache.airflow.providers.cncf.kubernetes` to get rid of the warning.
[2024-02-01T17:14:15.132+0100] {logging_mixin.py:188} INFO - [2024-02-01T17:14:15.131+0100] {dag.py:3033} INFO - Sync 1 DAGs
[2024-02-01T17:14:15.152+0100] {logging_mixin.py:188} INFO - [2024-02-01T17:14:15.151+0100] {dag.py:3820} INFO - Setting next_dagrun for example_local_kubernetes_executor to None, run_after=None
[2024-02-01T17:14:15.211+0100] {processor.py:183} INFO - Processing /home/ubuntu/.local/lib/python3.10/site-packages/airflow/example_dags/example_local_kubernetes_executor.py took 0.383 seconds
