[2024-02-01T17:07:02.643+0100] {processor.py:161} INFO - Started process (PID=43362) to work on /home/ubuntu/.local/lib/python3.10/site-packages/airflow/example_dags/example_latest_only.py
[2024-02-01T17:07:02.645+0100] {processor.py:830} INFO - Processing file /home/ubuntu/.local/lib/python3.10/site-packages/airflow/example_dags/example_latest_only.py for tasks to queue
[2024-02-01T17:07:02.647+0100] {logging_mixin.py:188} INFO - [2024-02-01T17:07:02.646+0100] {dagbag.py:538} INFO - Filling up the DagBag from /home/ubuntu/.local/lib/python3.10/site-packages/airflow/example_dags/example_latest_only.py
[2024-02-01T17:07:02.685+0100] {processor.py:840} INFO - DAG(s) 'latest_only' retrieved from /home/ubuntu/.local/lib/python3.10/site-packages/airflow/example_dags/example_latest_only.py
[2024-02-01T17:07:03.184+0100] {logging_mixin.py:188} INFO - [2024-02-01T17:07:03.183+0100] {dag.py:3033} INFO - Sync 1 DAGs
[2024-02-01T17:07:03.230+0100] {logging_mixin.py:188} INFO - [2024-02-01T17:07:03.230+0100] {dag.py:3820} INFO - Setting next_dagrun for latest_only to 2024-02-01T12:00:00+00:00, run_after=2024-02-01T16:00:00+00:00
[2024-02-01T17:07:03.359+0100] {processor.py:183} INFO - Processing /home/ubuntu/.local/lib/python3.10/site-packages/airflow/example_dags/example_latest_only.py took 0.769 seconds
[2024-02-01T17:08:42.423+0100] {processor.py:161} INFO - Started process (PID=43438) to work on /home/ubuntu/.local/lib/python3.10/site-packages/airflow/example_dags/example_latest_only.py
[2024-02-01T17:08:42.428+0100] {processor.py:830} INFO - Processing file /home/ubuntu/.local/lib/python3.10/site-packages/airflow/example_dags/example_latest_only.py for tasks to queue
[2024-02-01T17:08:42.430+0100] {logging_mixin.py:188} INFO - [2024-02-01T17:08:42.429+0100] {dagbag.py:538} INFO - Filling up the DagBag from /home/ubuntu/.local/lib/python3.10/site-packages/airflow/example_dags/example_latest_only.py
[2024-02-01T17:08:42.439+0100] {processor.py:840} INFO - DAG(s) 'latest_only' retrieved from /home/ubuntu/.local/lib/python3.10/site-packages/airflow/example_dags/example_latest_only.py
[2024-02-01T17:08:42.459+0100] {logging_mixin.py:188} INFO - [2024-02-01T17:08:42.459+0100] {dag.py:3033} INFO - Sync 1 DAGs
[2024-02-01T17:08:42.480+0100] {logging_mixin.py:188} INFO - [2024-02-01T17:08:42.480+0100] {dag.py:3820} INFO - Setting next_dagrun for latest_only to 2024-02-01T12:00:00+00:00, run_after=2024-02-01T16:00:00+00:00
[2024-02-01T17:08:42.634+0100] {processor.py:183} INFO - Processing /home/ubuntu/.local/lib/python3.10/site-packages/airflow/example_dags/example_latest_only.py took 0.218 seconds
[2024-02-01T17:10:16.003+0100] {processor.py:161} INFO - Started process (PID=43514) to work on /home/ubuntu/.local/lib/python3.10/site-packages/airflow/example_dags/example_latest_only.py
[2024-02-01T17:10:16.005+0100] {processor.py:830} INFO - Processing file /home/ubuntu/.local/lib/python3.10/site-packages/airflow/example_dags/example_latest_only.py for tasks to queue
[2024-02-01T17:10:16.006+0100] {logging_mixin.py:188} INFO - [2024-02-01T17:10:16.006+0100] {dagbag.py:538} INFO - Filling up the DagBag from /home/ubuntu/.local/lib/python3.10/site-packages/airflow/example_dags/example_latest_only.py
[2024-02-01T17:10:16.038+0100] {processor.py:840} INFO - DAG(s) 'latest_only' retrieved from /home/ubuntu/.local/lib/python3.10/site-packages/airflow/example_dags/example_latest_only.py
[2024-02-01T17:10:16.135+0100] {logging_mixin.py:188} INFO - [2024-02-01T17:10:16.135+0100] {dag.py:3033} INFO - Sync 1 DAGs
[2024-02-01T17:10:16.204+0100] {logging_mixin.py:188} INFO - [2024-02-01T17:10:16.204+0100] {dag.py:3820} INFO - Setting next_dagrun for latest_only to 2024-02-01T12:00:00+00:00, run_after=2024-02-01T16:00:00+00:00
[2024-02-01T17:10:16.369+0100] {processor.py:183} INFO - Processing /home/ubuntu/.local/lib/python3.10/site-packages/airflow/example_dags/example_latest_only.py took 0.369 seconds
[2024-02-01T17:11:48.210+0100] {processor.py:161} INFO - Started process (PID=43592) to work on /home/ubuntu/.local/lib/python3.10/site-packages/airflow/example_dags/example_latest_only.py
[2024-02-01T17:11:48.213+0100] {processor.py:830} INFO - Processing file /home/ubuntu/.local/lib/python3.10/site-packages/airflow/example_dags/example_latest_only.py for tasks to queue
[2024-02-01T17:11:48.214+0100] {logging_mixin.py:188} INFO - [2024-02-01T17:11:48.214+0100] {dagbag.py:538} INFO - Filling up the DagBag from /home/ubuntu/.local/lib/python3.10/site-packages/airflow/example_dags/example_latest_only.py
[2024-02-01T17:11:48.230+0100] {processor.py:840} INFO - DAG(s) 'latest_only' retrieved from /home/ubuntu/.local/lib/python3.10/site-packages/airflow/example_dags/example_latest_only.py
[2024-02-01T17:11:48.256+0100] {logging_mixin.py:188} INFO - [2024-02-01T17:11:48.256+0100] {dag.py:3033} INFO - Sync 1 DAGs
[2024-02-01T17:11:48.395+0100] {logging_mixin.py:188} INFO - [2024-02-01T17:11:48.395+0100] {dag.py:3820} INFO - Setting next_dagrun for latest_only to 2024-02-01T12:00:00+00:00, run_after=2024-02-01T16:00:00+00:00
[2024-02-01T17:11:48.425+0100] {processor.py:183} INFO - Processing /home/ubuntu/.local/lib/python3.10/site-packages/airflow/example_dags/example_latest_only.py took 0.223 seconds
[2024-02-01T17:13:13.818+0100] {processor.py:161} INFO - Started process (PID=43676) to work on /home/ubuntu/.local/lib/python3.10/site-packages/airflow/example_dags/example_latest_only.py
[2024-02-01T17:13:13.821+0100] {processor.py:830} INFO - Processing file /home/ubuntu/.local/lib/python3.10/site-packages/airflow/example_dags/example_latest_only.py for tasks to queue
[2024-02-01T17:13:13.823+0100] {logging_mixin.py:188} INFO - [2024-02-01T17:13:13.822+0100] {dagbag.py:538} INFO - Filling up the DagBag from /home/ubuntu/.local/lib/python3.10/site-packages/airflow/example_dags/example_latest_only.py
[2024-02-01T17:13:13.837+0100] {processor.py:840} INFO - DAG(s) 'latest_only' retrieved from /home/ubuntu/.local/lib/python3.10/site-packages/airflow/example_dags/example_latest_only.py
[2024-02-01T17:13:13.867+0100] {logging_mixin.py:188} INFO - [2024-02-01T17:13:13.867+0100] {dag.py:3033} INFO - Sync 1 DAGs
[2024-02-01T17:13:13.889+0100] {logging_mixin.py:188} INFO - [2024-02-01T17:13:13.889+0100] {dag.py:3820} INFO - Setting next_dagrun for latest_only to 2024-02-01T12:00:00+00:00, run_after=2024-02-01T16:00:00+00:00
[2024-02-01T17:13:13.922+0100] {processor.py:183} INFO - Processing /home/ubuntu/.local/lib/python3.10/site-packages/airflow/example_dags/example_latest_only.py took 0.110 seconds
[2024-02-01T17:14:12.695+0100] {processor.py:161} INFO - Started process (PID=43764) to work on /home/ubuntu/.local/lib/python3.10/site-packages/airflow/example_dags/example_latest_only.py
[2024-02-01T17:14:12.699+0100] {processor.py:830} INFO - Processing file /home/ubuntu/.local/lib/python3.10/site-packages/airflow/example_dags/example_latest_only.py for tasks to queue
[2024-02-01T17:14:12.701+0100] {logging_mixin.py:188} INFO - [2024-02-01T17:14:12.700+0100] {dagbag.py:538} INFO - Filling up the DagBag from /home/ubuntu/.local/lib/python3.10/site-packages/airflow/example_dags/example_latest_only.py
[2024-02-01T17:14:12.721+0100] {processor.py:840} INFO - DAG(s) 'latest_only' retrieved from /home/ubuntu/.local/lib/python3.10/site-packages/airflow/example_dags/example_latest_only.py
[2024-02-01T17:14:12.741+0100] {logging_mixin.py:188} INFO - [2024-02-01T17:14:12.741+0100] {dag.py:3033} INFO - Sync 1 DAGs
[2024-02-01T17:14:12.764+0100] {logging_mixin.py:188} INFO - [2024-02-01T17:14:12.764+0100] {dag.py:3820} INFO - Setting next_dagrun for latest_only to 2024-02-01T12:00:00+00:00, run_after=2024-02-01T16:00:00+00:00
[2024-02-01T17:14:12.809+0100] {processor.py:183} INFO - Processing /home/ubuntu/.local/lib/python3.10/site-packages/airflow/example_dags/example_latest_only.py took 0.123 seconds
