[2024-02-01T17:07:14.122+0100] {processor.py:161} INFO - Started process (PID=43366) to work on /home/ubuntu/.local/lib/python3.10/site-packages/airflow/example_dags/example_python_operator.py
[2024-02-01T17:07:14.124+0100] {processor.py:830} INFO - Processing file /home/ubuntu/.local/lib/python3.10/site-packages/airflow/example_dags/example_python_operator.py for tasks to queue
[2024-02-01T17:07:14.125+0100] {logging_mixin.py:188} INFO - [2024-02-01T17:07:14.125+0100] {dagbag.py:538} INFO - Filling up the DagBag from /home/ubuntu/.local/lib/python3.10/site-packages/airflow/example_dags/example_python_operator.py
[2024-02-01T17:07:14.147+0100] {processor.py:840} INFO - DAG(s) 'example_python_operator' retrieved from /home/ubuntu/.local/lib/python3.10/site-packages/airflow/example_dags/example_python_operator.py
[2024-02-01T17:07:14.246+0100] {logging_mixin.py:188} INFO - [2024-02-01T17:07:14.245+0100] {dag.py:3033} INFO - Sync 1 DAGs
[2024-02-01T17:07:14.253+0100] {logging_mixin.py:188} INFO - [2024-02-01T17:07:14.253+0100] {dag.py:3820} INFO - Setting next_dagrun for example_python_operator to None, run_after=None
[2024-02-01T17:07:14.292+0100] {processor.py:183} INFO - Processing /home/ubuntu/.local/lib/python3.10/site-packages/airflow/example_dags/example_python_operator.py took 0.176 seconds
[2024-02-01T17:08:50.737+0100] {processor.py:161} INFO - Started process (PID=43442) to work on /home/ubuntu/.local/lib/python3.10/site-packages/airflow/example_dags/example_python_operator.py
[2024-02-01T17:08:50.742+0100] {processor.py:830} INFO - Processing file /home/ubuntu/.local/lib/python3.10/site-packages/airflow/example_dags/example_python_operator.py for tasks to queue
[2024-02-01T17:08:50.744+0100] {logging_mixin.py:188} INFO - [2024-02-01T17:08:50.743+0100] {dagbag.py:538} INFO - Filling up the DagBag from /home/ubuntu/.local/lib/python3.10/site-packages/airflow/example_dags/example_python_operator.py
[2024-02-01T17:08:50.809+0100] {processor.py:840} INFO - DAG(s) 'example_python_operator' retrieved from /home/ubuntu/.local/lib/python3.10/site-packages/airflow/example_dags/example_python_operator.py
[2024-02-01T17:08:50.852+0100] {logging_mixin.py:188} INFO - [2024-02-01T17:08:50.852+0100] {dag.py:3033} INFO - Sync 1 DAGs
[2024-02-01T17:08:50.874+0100] {logging_mixin.py:188} INFO - [2024-02-01T17:08:50.874+0100] {dag.py:3820} INFO - Setting next_dagrun for example_python_operator to None, run_after=None
[2024-02-01T17:08:51.015+0100] {processor.py:183} INFO - Processing /home/ubuntu/.local/lib/python3.10/site-packages/airflow/example_dags/example_python_operator.py took 0.285 seconds
[2024-02-01T17:10:21.853+0100] {processor.py:161} INFO - Started process (PID=43519) to work on /home/ubuntu/.local/lib/python3.10/site-packages/airflow/example_dags/example_python_operator.py
[2024-02-01T17:10:21.855+0100] {processor.py:830} INFO - Processing file /home/ubuntu/.local/lib/python3.10/site-packages/airflow/example_dags/example_python_operator.py for tasks to queue
[2024-02-01T17:10:21.857+0100] {logging_mixin.py:188} INFO - [2024-02-01T17:10:21.856+0100] {dagbag.py:538} INFO - Filling up the DagBag from /home/ubuntu/.local/lib/python3.10/site-packages/airflow/example_dags/example_python_operator.py
[2024-02-01T17:10:21.884+0100] {processor.py:840} INFO - DAG(s) 'example_python_operator' retrieved from /home/ubuntu/.local/lib/python3.10/site-packages/airflow/example_dags/example_python_operator.py
[2024-02-01T17:10:21.970+0100] {logging_mixin.py:188} INFO - [2024-02-01T17:10:21.970+0100] {dag.py:3033} INFO - Sync 1 DAGs
[2024-02-01T17:10:22.017+0100] {logging_mixin.py:188} INFO - [2024-02-01T17:10:22.017+0100] {dag.py:3820} INFO - Setting next_dagrun for example_python_operator to None, run_after=None
[2024-02-01T17:10:22.184+0100] {processor.py:183} INFO - Processing /home/ubuntu/.local/lib/python3.10/site-packages/airflow/example_dags/example_python_operator.py took 0.336 seconds
[2024-02-01T17:11:55.872+0100] {processor.py:161} INFO - Started process (PID=43598) to work on /home/ubuntu/.local/lib/python3.10/site-packages/airflow/example_dags/example_python_operator.py
[2024-02-01T17:11:55.878+0100] {processor.py:830} INFO - Processing file /home/ubuntu/.local/lib/python3.10/site-packages/airflow/example_dags/example_python_operator.py for tasks to queue
[2024-02-01T17:11:55.880+0100] {logging_mixin.py:188} INFO - [2024-02-01T17:11:55.879+0100] {dagbag.py:538} INFO - Filling up the DagBag from /home/ubuntu/.local/lib/python3.10/site-packages/airflow/example_dags/example_python_operator.py
[2024-02-01T17:11:55.909+0100] {processor.py:840} INFO - DAG(s) 'example_python_operator' retrieved from /home/ubuntu/.local/lib/python3.10/site-packages/airflow/example_dags/example_python_operator.py
[2024-02-01T17:11:56.258+0100] {logging_mixin.py:188} INFO - [2024-02-01T17:11:56.257+0100] {dag.py:3033} INFO - Sync 1 DAGs
[2024-02-01T17:11:56.309+0100] {logging_mixin.py:188} INFO - [2024-02-01T17:11:56.309+0100] {dag.py:3820} INFO - Setting next_dagrun for example_python_operator to None, run_after=None
[2024-02-01T17:11:56.677+0100] {processor.py:183} INFO - Processing /home/ubuntu/.local/lib/python3.10/site-packages/airflow/example_dags/example_python_operator.py took 0.807 seconds
[2024-02-01T17:13:17.873+0100] {processor.py:161} INFO - Started process (PID=43680) to work on /home/ubuntu/.local/lib/python3.10/site-packages/airflow/example_dags/example_python_operator.py
[2024-02-01T17:13:17.875+0100] {processor.py:830} INFO - Processing file /home/ubuntu/.local/lib/python3.10/site-packages/airflow/example_dags/example_python_operator.py for tasks to queue
[2024-02-01T17:13:17.876+0100] {logging_mixin.py:188} INFO - [2024-02-01T17:13:17.875+0100] {dagbag.py:538} INFO - Filling up the DagBag from /home/ubuntu/.local/lib/python3.10/site-packages/airflow/example_dags/example_python_operator.py
[2024-02-01T17:13:17.890+0100] {processor.py:840} INFO - DAG(s) 'example_python_operator' retrieved from /home/ubuntu/.local/lib/python3.10/site-packages/airflow/example_dags/example_python_operator.py
[2024-02-01T17:13:17.910+0100] {logging_mixin.py:188} INFO - [2024-02-01T17:13:17.910+0100] {dag.py:3033} INFO - Sync 1 DAGs
[2024-02-01T17:13:17.924+0100] {logging_mixin.py:188} INFO - [2024-02-01T17:13:17.924+0100] {dag.py:3820} INFO - Setting next_dagrun for example_python_operator to None, run_after=None
[2024-02-01T17:13:18.014+0100] {processor.py:183} INFO - Processing /home/ubuntu/.local/lib/python3.10/site-packages/airflow/example_dags/example_python_operator.py took 0.146 seconds
[2024-02-01T17:14:17.551+0100] {processor.py:161} INFO - Started process (PID=43768) to work on /home/ubuntu/.local/lib/python3.10/site-packages/airflow/example_dags/example_python_operator.py
[2024-02-01T17:14:17.554+0100] {processor.py:830} INFO - Processing file /home/ubuntu/.local/lib/python3.10/site-packages/airflow/example_dags/example_python_operator.py for tasks to queue
[2024-02-01T17:14:17.555+0100] {logging_mixin.py:188} INFO - [2024-02-01T17:14:17.554+0100] {dagbag.py:538} INFO - Filling up the DagBag from /home/ubuntu/.local/lib/python3.10/site-packages/airflow/example_dags/example_python_operator.py
[2024-02-01T17:14:17.574+0100] {processor.py:840} INFO - DAG(s) 'example_python_operator' retrieved from /home/ubuntu/.local/lib/python3.10/site-packages/airflow/example_dags/example_python_operator.py
[2024-02-01T17:14:17.600+0100] {logging_mixin.py:188} INFO - [2024-02-01T17:14:17.600+0100] {dag.py:3033} INFO - Sync 1 DAGs
[2024-02-01T17:14:17.617+0100] {logging_mixin.py:188} INFO - [2024-02-01T17:14:17.617+0100] {dag.py:3820} INFO - Setting next_dagrun for example_python_operator to None, run_after=None
[2024-02-01T17:14:17.663+0100] {processor.py:183} INFO - Processing /home/ubuntu/.local/lib/python3.10/site-packages/airflow/example_dags/example_python_operator.py took 0.117 seconds
