[2024-02-01T17:06:27.012+0100] {processor.py:161} INFO - Started process (PID=43340) to work on /home/ubuntu/.local/lib/python3.10/site-packages/airflow/example_dags/example_branch_python_dop_operator_3.py
[2024-02-01T17:06:27.014+0100] {processor.py:830} INFO - Processing file /home/ubuntu/.local/lib/python3.10/site-packages/airflow/example_dags/example_branch_python_dop_operator_3.py for tasks to queue
[2024-02-01T17:06:27.025+0100] {logging_mixin.py:188} INFO - [2024-02-01T17:06:27.025+0100] {dagbag.py:538} INFO - Filling up the DagBag from /home/ubuntu/.local/lib/python3.10/site-packages/airflow/example_dags/example_branch_python_dop_operator_3.py
[2024-02-01T17:06:27.059+0100] {processor.py:840} INFO - DAG(s) 'example_branch_dop_operator_v3' retrieved from /home/ubuntu/.local/lib/python3.10/site-packages/airflow/example_dags/example_branch_python_dop_operator_3.py
[2024-02-01T17:06:27.366+0100] {logging_mixin.py:188} INFO - [2024-02-01T17:06:27.365+0100] {dag.py:3033} INFO - Sync 1 DAGs
[2024-02-01T17:06:27.412+0100] {logging_mixin.py:188} INFO - [2024-02-01T17:06:27.411+0100] {dag.py:3820} INFO - Setting next_dagrun for example_branch_dop_operator_v3 to 2024-02-01T16:05:00+00:00, run_after=2024-02-01T16:06:00+00:00
[2024-02-01T17:06:27.594+0100] {processor.py:183} INFO - Processing /home/ubuntu/.local/lib/python3.10/site-packages/airflow/example_dags/example_branch_python_dop_operator_3.py took 0.613 seconds
[2024-02-01T17:07:47.822+0100] {processor.py:161} INFO - Started process (PID=43398) to work on /home/ubuntu/.local/lib/python3.10/site-packages/airflow/example_dags/example_branch_python_dop_operator_3.py
[2024-02-01T17:07:47.828+0100] {processor.py:830} INFO - Processing file /home/ubuntu/.local/lib/python3.10/site-packages/airflow/example_dags/example_branch_python_dop_operator_3.py for tasks to queue
[2024-02-01T17:07:47.831+0100] {logging_mixin.py:188} INFO - [2024-02-01T17:07:47.830+0100] {dagbag.py:538} INFO - Filling up the DagBag from /home/ubuntu/.local/lib/python3.10/site-packages/airflow/example_dags/example_branch_python_dop_operator_3.py
[2024-02-01T17:07:47.859+0100] {processor.py:840} INFO - DAG(s) 'example_branch_dop_operator_v3' retrieved from /home/ubuntu/.local/lib/python3.10/site-packages/airflow/example_dags/example_branch_python_dop_operator_3.py
[2024-02-01T17:07:47.904+0100] {logging_mixin.py:188} INFO - [2024-02-01T17:07:47.904+0100] {dag.py:3033} INFO - Sync 1 DAGs
[2024-02-01T17:07:47.966+0100] {logging_mixin.py:188} INFO - [2024-02-01T17:07:47.966+0100] {dag.py:3820} INFO - Setting next_dagrun for example_branch_dop_operator_v3 to 2024-02-01T16:06:00+00:00, run_after=2024-02-01T16:07:00+00:00
[2024-02-01T17:07:48.025+0100] {processor.py:183} INFO - Processing /home/ubuntu/.local/lib/python3.10/site-packages/airflow/example_dags/example_branch_python_dop_operator_3.py took 0.215 seconds
[2024-02-01T17:09:24.496+0100] {processor.py:161} INFO - Started process (PID=43477) to work on /home/ubuntu/.local/lib/python3.10/site-packages/airflow/example_dags/example_branch_python_dop_operator_3.py
[2024-02-01T17:09:24.511+0100] {processor.py:830} INFO - Processing file /home/ubuntu/.local/lib/python3.10/site-packages/airflow/example_dags/example_branch_python_dop_operator_3.py for tasks to queue
[2024-02-01T17:09:24.514+0100] {logging_mixin.py:188} INFO - [2024-02-01T17:09:24.512+0100] {dagbag.py:538} INFO - Filling up the DagBag from /home/ubuntu/.local/lib/python3.10/site-packages/airflow/example_dags/example_branch_python_dop_operator_3.py
[2024-02-01T17:09:24.539+0100] {processor.py:840} INFO - DAG(s) 'example_branch_dop_operator_v3' retrieved from /home/ubuntu/.local/lib/python3.10/site-packages/airflow/example_dags/example_branch_python_dop_operator_3.py
[2024-02-01T17:09:24.585+0100] {logging_mixin.py:188} INFO - [2024-02-01T17:09:24.585+0100] {dag.py:3033} INFO - Sync 1 DAGs
[2024-02-01T17:09:24.654+0100] {logging_mixin.py:188} INFO - [2024-02-01T17:09:24.651+0100] {dag.py:3820} INFO - Setting next_dagrun for example_branch_dop_operator_v3 to 2024-02-01T16:08:00+00:00, run_after=2024-02-01T16:09:00+00:00
[2024-02-01T17:09:24.748+0100] {processor.py:183} INFO - Processing /home/ubuntu/.local/lib/python3.10/site-packages/airflow/example_dags/example_branch_python_dop_operator_3.py took 0.262 seconds
[2024-02-01T17:10:53.024+0100] {processor.py:161} INFO - Started process (PID=43553) to work on /home/ubuntu/.local/lib/python3.10/site-packages/airflow/example_dags/example_branch_python_dop_operator_3.py
[2024-02-01T17:10:53.062+0100] {processor.py:830} INFO - Processing file /home/ubuntu/.local/lib/python3.10/site-packages/airflow/example_dags/example_branch_python_dop_operator_3.py for tasks to queue
[2024-02-01T17:10:53.070+0100] {logging_mixin.py:188} INFO - [2024-02-01T17:10:53.066+0100] {dagbag.py:538} INFO - Filling up the DagBag from /home/ubuntu/.local/lib/python3.10/site-packages/airflow/example_dags/example_branch_python_dop_operator_3.py
[2024-02-01T17:10:53.108+0100] {processor.py:840} INFO - DAG(s) 'example_branch_dop_operator_v3' retrieved from /home/ubuntu/.local/lib/python3.10/site-packages/airflow/example_dags/example_branch_python_dop_operator_3.py
[2024-02-01T17:10:53.147+0100] {logging_mixin.py:188} INFO - [2024-02-01T17:10:53.143+0100] {dag.py:3033} INFO - Sync 1 DAGs
[2024-02-01T17:10:53.229+0100] {logging_mixin.py:188} INFO - [2024-02-01T17:10:53.229+0100] {dag.py:3820} INFO - Setting next_dagrun for example_branch_dop_operator_v3 to 2024-02-01T16:09:00+00:00, run_after=2024-02-01T16:10:00+00:00
[2024-02-01T17:10:53.377+0100] {processor.py:183} INFO - Processing /home/ubuntu/.local/lib/python3.10/site-packages/airflow/example_dags/example_branch_python_dop_operator_3.py took 0.361 seconds
[2024-02-01T17:12:38.031+0100] {processor.py:161} INFO - Started process (PID=43628) to work on /home/ubuntu/.local/lib/python3.10/site-packages/airflow/example_dags/example_branch_python_dop_operator_3.py
[2024-02-01T17:12:38.037+0100] {processor.py:830} INFO - Processing file /home/ubuntu/.local/lib/python3.10/site-packages/airflow/example_dags/example_branch_python_dop_operator_3.py for tasks to queue
[2024-02-01T17:12:38.039+0100] {logging_mixin.py:188} INFO - [2024-02-01T17:12:38.038+0100] {dagbag.py:538} INFO - Filling up the DagBag from /home/ubuntu/.local/lib/python3.10/site-packages/airflow/example_dags/example_branch_python_dop_operator_3.py
[2024-02-01T17:12:38.057+0100] {processor.py:840} INFO - DAG(s) 'example_branch_dop_operator_v3' retrieved from /home/ubuntu/.local/lib/python3.10/site-packages/airflow/example_dags/example_branch_python_dop_operator_3.py
[2024-02-01T17:12:38.098+0100] {logging_mixin.py:188} INFO - [2024-02-01T17:12:38.097+0100] {dag.py:3033} INFO - Sync 1 DAGs
[2024-02-01T17:12:38.131+0100] {logging_mixin.py:188} INFO - [2024-02-01T17:12:38.130+0100] {dag.py:3820} INFO - Setting next_dagrun for example_branch_dop_operator_v3 to 2024-02-01T16:11:00+00:00, run_after=2024-02-01T16:12:00+00:00
[2024-02-01T17:12:38.157+0100] {processor.py:183} INFO - Processing /home/ubuntu/.local/lib/python3.10/site-packages/airflow/example_dags/example_branch_python_dop_operator_3.py took 0.131 seconds
[2024-02-01T17:13:38.890+0100] {processor.py:161} INFO - Started process (PID=43701) to work on /home/ubuntu/.local/lib/python3.10/site-packages/airflow/example_dags/example_branch_python_dop_operator_3.py
[2024-02-01T17:13:38.902+0100] {processor.py:830} INFO - Processing file /home/ubuntu/.local/lib/python3.10/site-packages/airflow/example_dags/example_branch_python_dop_operator_3.py for tasks to queue
[2024-02-01T17:13:38.903+0100] {logging_mixin.py:188} INFO - [2024-02-01T17:13:38.902+0100] {dagbag.py:538} INFO - Filling up the DagBag from /home/ubuntu/.local/lib/python3.10/site-packages/airflow/example_dags/example_branch_python_dop_operator_3.py
[2024-02-01T17:13:38.910+0100] {processor.py:840} INFO - DAG(s) 'example_branch_dop_operator_v3' retrieved from /home/ubuntu/.local/lib/python3.10/site-packages/airflow/example_dags/example_branch_python_dop_operator_3.py
[2024-02-01T17:13:38.932+0100] {logging_mixin.py:188} INFO - [2024-02-01T17:13:38.932+0100] {dag.py:3033} INFO - Sync 1 DAGs
[2024-02-01T17:13:38.955+0100] {logging_mixin.py:188} INFO - [2024-02-01T17:13:38.955+0100] {dag.py:3820} INFO - Setting next_dagrun for example_branch_dop_operator_v3 to 2024-02-01T16:12:00+00:00, run_after=2024-02-01T16:13:00+00:00
[2024-02-01T17:13:38.997+0100] {processor.py:183} INFO - Processing /home/ubuntu/.local/lib/python3.10/site-packages/airflow/example_dags/example_branch_python_dop_operator_3.py took 0.111 seconds
[2024-02-01T17:14:34.786+0100] {processor.py:161} INFO - Started process (PID=43786) to work on /home/ubuntu/.local/lib/python3.10/site-packages/airflow/example_dags/example_branch_python_dop_operator_3.py
[2024-02-01T17:14:34.798+0100] {processor.py:830} INFO - Processing file /home/ubuntu/.local/lib/python3.10/site-packages/airflow/example_dags/example_branch_python_dop_operator_3.py for tasks to queue
[2024-02-01T17:14:34.801+0100] {logging_mixin.py:188} INFO - [2024-02-01T17:14:34.801+0100] {dagbag.py:538} INFO - Filling up the DagBag from /home/ubuntu/.local/lib/python3.10/site-packages/airflow/example_dags/example_branch_python_dop_operator_3.py
[2024-02-01T17:14:34.809+0100] {processor.py:840} INFO - DAG(s) 'example_branch_dop_operator_v3' retrieved from /home/ubuntu/.local/lib/python3.10/site-packages/airflow/example_dags/example_branch_python_dop_operator_3.py
[2024-02-01T17:14:34.830+0100] {logging_mixin.py:188} INFO - [2024-02-01T17:14:34.830+0100] {dag.py:3033} INFO - Sync 1 DAGs
[2024-02-01T17:14:34.855+0100] {logging_mixin.py:188} INFO - [2024-02-01T17:14:34.855+0100] {dag.py:3820} INFO - Setting next_dagrun for example_branch_dop_operator_v3 to 2024-02-01T16:13:00+00:00, run_after=2024-02-01T16:14:00+00:00
[2024-02-01T17:14:34.880+0100] {processor.py:183} INFO - Processing /home/ubuntu/.local/lib/python3.10/site-packages/airflow/example_dags/example_branch_python_dop_operator_3.py took 0.098 seconds
