[2024-02-01T17:05:53.347+0100] {processor.py:161} INFO - Started process (PID=43315) to work on /home/ubuntu/.local/lib/python3.10/site-packages/airflow/example_dags/tutorial_taskflow_api_virtualenv.py
[2024-02-01T17:05:53.348+0100] {processor.py:830} INFO - Processing file /home/ubuntu/.local/lib/python3.10/site-packages/airflow/example_dags/tutorial_taskflow_api_virtualenv.py for tasks to queue
[2024-02-01T17:05:53.353+0100] {logging_mixin.py:188} INFO - [2024-02-01T17:05:53.352+0100] {dagbag.py:538} INFO - Filling up the DagBag from /home/ubuntu/.local/lib/python3.10/site-packages/airflow/example_dags/tutorial_taskflow_api_virtualenv.py
[2024-02-01T17:05:53.419+0100] {processor.py:840} INFO - DAG(s) 'tutorial_taskflow_api_virtualenv' retrieved from /home/ubuntu/.local/lib/python3.10/site-packages/airflow/example_dags/tutorial_taskflow_api_virtualenv.py
[2024-02-01T17:05:53.778+0100] {logging_mixin.py:188} INFO - [2024-02-01T17:05:53.775+0100] {dag.py:3033} INFO - Sync 1 DAGs
[2024-02-01T17:05:53.873+0100] {logging_mixin.py:188} INFO - [2024-02-01T17:05:53.873+0100] {dag.py:3820} INFO - Setting next_dagrun for tutorial_taskflow_api_virtualenv to None, run_after=None
[2024-02-01T17:05:54.034+0100] {processor.py:183} INFO - Processing /home/ubuntu/.local/lib/python3.10/site-packages/airflow/example_dags/tutorial_taskflow_api_virtualenv.py took 0.708 seconds
[2024-02-01T17:07:26.287+0100] {processor.py:161} INFO - Started process (PID=43375) to work on /home/ubuntu/.local/lib/python3.10/site-packages/airflow/example_dags/tutorial_taskflow_api_virtualenv.py
[2024-02-01T17:07:26.291+0100] {processor.py:830} INFO - Processing file /home/ubuntu/.local/lib/python3.10/site-packages/airflow/example_dags/tutorial_taskflow_api_virtualenv.py for tasks to queue
[2024-02-01T17:07:26.292+0100] {logging_mixin.py:188} INFO - [2024-02-01T17:07:26.292+0100] {dagbag.py:538} INFO - Filling up the DagBag from /home/ubuntu/.local/lib/python3.10/site-packages/airflow/example_dags/tutorial_taskflow_api_virtualenv.py
[2024-02-01T17:07:26.331+0100] {processor.py:840} INFO - DAG(s) 'tutorial_taskflow_api_virtualenv' retrieved from /home/ubuntu/.local/lib/python3.10/site-packages/airflow/example_dags/tutorial_taskflow_api_virtualenv.py
[2024-02-01T17:07:26.373+0100] {logging_mixin.py:188} INFO - [2024-02-01T17:07:26.372+0100] {dag.py:3033} INFO - Sync 1 DAGs
[2024-02-01T17:07:26.413+0100] {logging_mixin.py:188} INFO - [2024-02-01T17:07:26.413+0100] {dag.py:3820} INFO - Setting next_dagrun for tutorial_taskflow_api_virtualenv to None, run_after=None
[2024-02-01T17:07:26.550+0100] {processor.py:183} INFO - Processing /home/ubuntu/.local/lib/python3.10/site-packages/airflow/example_dags/tutorial_taskflow_api_virtualenv.py took 0.269 seconds
[2024-02-01T17:08:17.863+0100] {processor.py:161} INFO - Started process (PID=43419) to work on /home/ubuntu/.local/lib/python3.10/site-packages/airflow/example_dags/tutorial_taskflow_api_virtualenv.py
[2024-02-01T17:08:17.867+0100] {processor.py:830} INFO - Processing file /home/ubuntu/.local/lib/python3.10/site-packages/airflow/example_dags/tutorial_taskflow_api_virtualenv.py for tasks to queue
[2024-02-01T17:08:17.868+0100] {logging_mixin.py:188} INFO - [2024-02-01T17:08:17.868+0100] {dagbag.py:538} INFO - Filling up the DagBag from /home/ubuntu/.local/lib/python3.10/site-packages/airflow/example_dags/tutorial_taskflow_api_virtualenv.py
[2024-02-01T17:08:17.882+0100] {processor.py:840} INFO - DAG(s) 'tutorial_taskflow_api_virtualenv' retrieved from /home/ubuntu/.local/lib/python3.10/site-packages/airflow/example_dags/tutorial_taskflow_api_virtualenv.py
[2024-02-01T17:08:17.922+0100] {logging_mixin.py:188} INFO - [2024-02-01T17:08:17.922+0100] {dag.py:3033} INFO - Sync 1 DAGs
[2024-02-01T17:08:17.979+0100] {logging_mixin.py:188} INFO - [2024-02-01T17:08:17.979+0100] {dag.py:3820} INFO - Setting next_dagrun for tutorial_taskflow_api_virtualenv to None, run_after=None
[2024-02-01T17:08:18.061+0100] {processor.py:183} INFO - Processing /home/ubuntu/.local/lib/python3.10/site-packages/airflow/example_dags/tutorial_taskflow_api_virtualenv.py took 0.224 seconds
[2024-02-01T17:09:04.463+0100] {processor.py:161} INFO - Started process (PID=43455) to work on /home/ubuntu/.local/lib/python3.10/site-packages/airflow/example_dags/tutorial_taskflow_api_virtualenv.py
[2024-02-01T17:09:04.466+0100] {processor.py:830} INFO - Processing file /home/ubuntu/.local/lib/python3.10/site-packages/airflow/example_dags/tutorial_taskflow_api_virtualenv.py for tasks to queue
[2024-02-01T17:09:04.468+0100] {logging_mixin.py:188} INFO - [2024-02-01T17:09:04.467+0100] {dagbag.py:538} INFO - Filling up the DagBag from /home/ubuntu/.local/lib/python3.10/site-packages/airflow/example_dags/tutorial_taskflow_api_virtualenv.py
[2024-02-01T17:09:04.482+0100] {processor.py:840} INFO - DAG(s) 'tutorial_taskflow_api_virtualenv' retrieved from /home/ubuntu/.local/lib/python3.10/site-packages/airflow/example_dags/tutorial_taskflow_api_virtualenv.py
[2024-02-01T17:09:04.508+0100] {logging_mixin.py:188} INFO - [2024-02-01T17:09:04.508+0100] {dag.py:3033} INFO - Sync 1 DAGs
[2024-02-01T17:09:04.526+0100] {logging_mixin.py:188} INFO - [2024-02-01T17:09:04.525+0100] {dag.py:3820} INFO - Setting next_dagrun for tutorial_taskflow_api_virtualenv to None, run_after=None
[2024-02-01T17:09:04.615+0100] {processor.py:183} INFO - Processing /home/ubuntu/.local/lib/python3.10/site-packages/airflow/example_dags/tutorial_taskflow_api_virtualenv.py took 0.157 seconds
[2024-02-01T17:09:50.968+0100] {processor.py:161} INFO - Started process (PID=43494) to work on /home/ubuntu/.local/lib/python3.10/site-packages/airflow/example_dags/tutorial_taskflow_api_virtualenv.py
[2024-02-01T17:09:50.981+0100] {processor.py:830} INFO - Processing file /home/ubuntu/.local/lib/python3.10/site-packages/airflow/example_dags/tutorial_taskflow_api_virtualenv.py for tasks to queue
[2024-02-01T17:09:50.982+0100] {logging_mixin.py:188} INFO - [2024-02-01T17:09:50.982+0100] {dagbag.py:538} INFO - Filling up the DagBag from /home/ubuntu/.local/lib/python3.10/site-packages/airflow/example_dags/tutorial_taskflow_api_virtualenv.py
[2024-02-01T17:09:50.997+0100] {processor.py:840} INFO - DAG(s) 'tutorial_taskflow_api_virtualenv' retrieved from /home/ubuntu/.local/lib/python3.10/site-packages/airflow/example_dags/tutorial_taskflow_api_virtualenv.py
[2024-02-01T17:09:51.024+0100] {logging_mixin.py:188} INFO - [2024-02-01T17:09:51.024+0100] {dag.py:3033} INFO - Sync 1 DAGs
[2024-02-01T17:09:51.083+0100] {logging_mixin.py:188} INFO - [2024-02-01T17:09:51.083+0100] {dag.py:3820} INFO - Setting next_dagrun for tutorial_taskflow_api_virtualenv to None, run_after=None
[2024-02-01T17:09:51.259+0100] {processor.py:183} INFO - Processing /home/ubuntu/.local/lib/python3.10/site-packages/airflow/example_dags/tutorial_taskflow_api_virtualenv.py took 0.295 seconds
[2024-02-01T17:10:33.087+0100] {processor.py:161} INFO - Started process (PID=43529) to work on /home/ubuntu/.local/lib/python3.10/site-packages/airflow/example_dags/tutorial_taskflow_api_virtualenv.py
[2024-02-01T17:10:33.090+0100] {processor.py:830} INFO - Processing file /home/ubuntu/.local/lib/python3.10/site-packages/airflow/example_dags/tutorial_taskflow_api_virtualenv.py for tasks to queue
[2024-02-01T17:10:33.098+0100] {logging_mixin.py:188} INFO - [2024-02-01T17:10:33.091+0100] {dagbag.py:538} INFO - Filling up the DagBag from /home/ubuntu/.local/lib/python3.10/site-packages/airflow/example_dags/tutorial_taskflow_api_virtualenv.py
[2024-02-01T17:10:33.137+0100] {processor.py:840} INFO - DAG(s) 'tutorial_taskflow_api_virtualenv' retrieved from /home/ubuntu/.local/lib/python3.10/site-packages/airflow/example_dags/tutorial_taskflow_api_virtualenv.py
[2024-02-01T17:10:33.206+0100] {logging_mixin.py:188} INFO - [2024-02-01T17:10:33.206+0100] {dag.py:3033} INFO - Sync 1 DAGs
[2024-02-01T17:10:33.230+0100] {logging_mixin.py:188} INFO - [2024-02-01T17:10:33.230+0100] {dag.py:3820} INFO - Setting next_dagrun for tutorial_taskflow_api_virtualenv to None, run_after=None
[2024-02-01T17:10:33.344+0100] {processor.py:183} INFO - Processing /home/ubuntu/.local/lib/python3.10/site-packages/airflow/example_dags/tutorial_taskflow_api_virtualenv.py took 0.266 seconds
[2024-02-01T17:11:20.381+0100] {processor.py:161} INFO - Started process (PID=43572) to work on /home/ubuntu/.local/lib/python3.10/site-packages/airflow/example_dags/tutorial_taskflow_api_virtualenv.py
[2024-02-01T17:11:20.432+0100] {processor.py:830} INFO - Processing file /home/ubuntu/.local/lib/python3.10/site-packages/airflow/example_dags/tutorial_taskflow_api_virtualenv.py for tasks to queue
[2024-02-01T17:11:20.436+0100] {logging_mixin.py:188} INFO - [2024-02-01T17:11:20.435+0100] {dagbag.py:538} INFO - Filling up the DagBag from /home/ubuntu/.local/lib/python3.10/site-packages/airflow/example_dags/tutorial_taskflow_api_virtualenv.py
[2024-02-01T17:11:20.477+0100] {processor.py:840} INFO - DAG(s) 'tutorial_taskflow_api_virtualenv' retrieved from /home/ubuntu/.local/lib/python3.10/site-packages/airflow/example_dags/tutorial_taskflow_api_virtualenv.py
[2024-02-01T17:11:20.531+0100] {logging_mixin.py:188} INFO - [2024-02-01T17:11:20.530+0100] {dag.py:3033} INFO - Sync 1 DAGs
[2024-02-01T17:11:20.575+0100] {logging_mixin.py:188} INFO - [2024-02-01T17:11:20.575+0100] {dag.py:3820} INFO - Setting next_dagrun for tutorial_taskflow_api_virtualenv to None, run_after=None
[2024-02-01T17:11:20.940+0100] {processor.py:183} INFO - Processing /home/ubuntu/.local/lib/python3.10/site-packages/airflow/example_dags/tutorial_taskflow_api_virtualenv.py took 0.574 seconds
[2024-02-01T17:12:10.886+0100] {processor.py:161} INFO - Started process (PID=43608) to work on /home/ubuntu/.local/lib/python3.10/site-packages/airflow/example_dags/tutorial_taskflow_api_virtualenv.py
[2024-02-01T17:12:10.890+0100] {processor.py:830} INFO - Processing file /home/ubuntu/.local/lib/python3.10/site-packages/airflow/example_dags/tutorial_taskflow_api_virtualenv.py for tasks to queue
[2024-02-01T17:12:10.893+0100] {logging_mixin.py:188} INFO - [2024-02-01T17:12:10.892+0100] {dagbag.py:538} INFO - Filling up the DagBag from /home/ubuntu/.local/lib/python3.10/site-packages/airflow/example_dags/tutorial_taskflow_api_virtualenv.py
[2024-02-01T17:12:10.908+0100] {processor.py:840} INFO - DAG(s) 'tutorial_taskflow_api_virtualenv' retrieved from /home/ubuntu/.local/lib/python3.10/site-packages/airflow/example_dags/tutorial_taskflow_api_virtualenv.py
[2024-02-01T17:12:11.281+0100] {logging_mixin.py:188} INFO - [2024-02-01T17:12:11.280+0100] {dag.py:3033} INFO - Sync 1 DAGs
[2024-02-01T17:12:11.317+0100] {logging_mixin.py:188} INFO - [2024-02-01T17:12:11.316+0100] {dag.py:3820} INFO - Setting next_dagrun for tutorial_taskflow_api_virtualenv to None, run_after=None
[2024-02-01T17:12:11.393+0100] {processor.py:183} INFO - Processing /home/ubuntu/.local/lib/python3.10/site-packages/airflow/example_dags/tutorial_taskflow_api_virtualenv.py took 0.514 seconds
[2024-02-01T17:12:55.631+0100] {processor.py:161} INFO - Started process (PID=43647) to work on /home/ubuntu/.local/lib/python3.10/site-packages/airflow/example_dags/tutorial_taskflow_api_virtualenv.py
[2024-02-01T17:12:55.634+0100] {processor.py:830} INFO - Processing file /home/ubuntu/.local/lib/python3.10/site-packages/airflow/example_dags/tutorial_taskflow_api_virtualenv.py for tasks to queue
[2024-02-01T17:12:55.637+0100] {logging_mixin.py:188} INFO - [2024-02-01T17:12:55.635+0100] {dagbag.py:538} INFO - Filling up the DagBag from /home/ubuntu/.local/lib/python3.10/site-packages/airflow/example_dags/tutorial_taskflow_api_virtualenv.py
[2024-02-01T17:12:55.687+0100] {processor.py:840} INFO - DAG(s) 'tutorial_taskflow_api_virtualenv' retrieved from /home/ubuntu/.local/lib/python3.10/site-packages/airflow/example_dags/tutorial_taskflow_api_virtualenv.py
[2024-02-01T17:12:55.720+0100] {logging_mixin.py:188} INFO - [2024-02-01T17:12:55.720+0100] {dag.py:3033} INFO - Sync 1 DAGs
[2024-02-01T17:12:55.750+0100] {logging_mixin.py:188} INFO - [2024-02-01T17:12:55.750+0100] {dag.py:3820} INFO - Setting next_dagrun for tutorial_taskflow_api_virtualenv to None, run_after=None
[2024-02-01T17:12:55.876+0100] {processor.py:183} INFO - Processing /home/ubuntu/.local/lib/python3.10/site-packages/airflow/example_dags/tutorial_taskflow_api_virtualenv.py took 0.256 seconds
[2024-02-01T17:13:52.952+0100] {processor.py:161} INFO - Started process (PID=43718) to work on /home/ubuntu/.local/lib/python3.10/site-packages/airflow/example_dags/tutorial_taskflow_api_virtualenv.py
[2024-02-01T17:13:52.955+0100] {processor.py:830} INFO - Processing file /home/ubuntu/.local/lib/python3.10/site-packages/airflow/example_dags/tutorial_taskflow_api_virtualenv.py for tasks to queue
[2024-02-01T17:13:52.959+0100] {logging_mixin.py:188} INFO - [2024-02-01T17:13:52.957+0100] {dagbag.py:538} INFO - Filling up the DagBag from /home/ubuntu/.local/lib/python3.10/site-packages/airflow/example_dags/tutorial_taskflow_api_virtualenv.py
[2024-02-01T17:13:52.976+0100] {processor.py:840} INFO - DAG(s) 'tutorial_taskflow_api_virtualenv' retrieved from /home/ubuntu/.local/lib/python3.10/site-packages/airflow/example_dags/tutorial_taskflow_api_virtualenv.py
[2024-02-01T17:13:53.003+0100] {logging_mixin.py:188} INFO - [2024-02-01T17:13:53.003+0100] {dag.py:3033} INFO - Sync 1 DAGs
[2024-02-01T17:13:53.020+0100] {logging_mixin.py:188} INFO - [2024-02-01T17:13:53.020+0100] {dag.py:3820} INFO - Setting next_dagrun for tutorial_taskflow_api_virtualenv to None, run_after=None
[2024-02-01T17:13:53.057+0100] {processor.py:183} INFO - Processing /home/ubuntu/.local/lib/python3.10/site-packages/airflow/example_dags/tutorial_taskflow_api_virtualenv.py took 0.113 seconds
