[[34m2024-01-18T17:05:44.678+0100[0m] {[34mtask_context_logger.py:[0m63} INFO[0m - Task context logging is enabled[0m
[[34m2024-01-18T17:05:44.695+0100[0m] {[34mexecutor_loader.py:[0m115} INFO[0m - Loaded executor: SequentialExecutor[0m
[[34m2024-01-18T17:05:44.752+0100[0m] {[34mscheduler_job_runner.py:[0m808} INFO[0m - Starting the scheduler[0m
[[34m2024-01-18T17:05:44.753+0100[0m] {[34mscheduler_job_runner.py:[0m815} INFO[0m - Processing each file at most -1 times[0m
[[34m2024-01-18T17:05:44.762+0100[0m] {[34mmanager.py:[0m169} INFO[0m - Launched DagFileProcessorManager with pid: 5252[0m
[[34m2024-01-18T17:05:44.765+0100[0m] {[34mscheduler_job_runner.py:[0m1619} INFO[0m - Adopting or resetting orphaned tasks for active dag runs[0m
[[34m2024-01-18T17:05:44.769+0100[0m] {[34msettings.py:[0m61} INFO[0m - Configured default timezone Timezone('UTC')[0m
[2024-01-18T17:05:44.839+0100] {manager.py:392} WARNING - Because we cannot use more than 1 thread (parsing_processes = 2) when using sqlite. So we set parallelism to 1.
[2024-01-18T17:05:44.924+0100] {processor.py:376} WARNING - Error when trying to pre-import module 'airflow.providers.elasticsearch.operators.elasticsearch_api' found in /home/ubuntu/airflow/dags/CoinMarketCap.py: No module named 'airflow.providers.elasticsearch.operators'
[2024-01-18T17:05:44.926+0100] {processor.py:376} WARNING - Error when trying to pre-import module 'airflow.hooks.hdfs_hook' found in /home/ubuntu/airflow/dags/CoinMarketCap.py: No module named 'airflow.hooks.hdfs_hook'
[2024-01-18T17:06:54.183+0100] {processor.py:376} WARNING - Error when trying to pre-import module 'airflow.providers.elasticsearch.operators.elasticsearch_api' found in /home/ubuntu/airflow/dags/CoinMarketCap.py: No module named 'airflow.providers.elasticsearch.operators'
[2024-01-18T17:06:54.184+0100] {processor.py:376} WARNING - Error when trying to pre-import module 'airflow.hooks.hdfs_hook' found in /home/ubuntu/airflow/dags/CoinMarketCap.py: No module named 'airflow.hooks.hdfs_hook'
[2024-01-18T17:07:31.702+0100] {processor.py:376} WARNING - Error when trying to pre-import module 'airflow.providers.elasticsearch.operators.elasticsearch_api' found in /home/ubuntu/airflow/dags/CoinMarketCap.py: No module named 'airflow.providers.elasticsearch.operators'
[2024-01-18T17:07:31.703+0100] {processor.py:376} WARNING - Error when trying to pre-import module 'airflow.hooks.hdfs_hook' found in /home/ubuntu/airflow/dags/CoinMarketCap.py: No module named 'airflow.hooks.hdfs_hook'
[2024-01-18T17:08:04.027+0100] {processor.py:376} WARNING - Error when trying to pre-import module 'airflow.providers.elasticsearch.operators.elasticsearch_api' found in /home/ubuntu/airflow/dags/CoinMarketCap.py: No module named 'airflow.providers.elasticsearch.operators'
[2024-01-18T17:08:04.032+0100] {processor.py:376} WARNING - Error when trying to pre-import module 'airflow.hooks.hdfs_hook' found in /home/ubuntu/airflow/dags/CoinMarketCap.py: No module named 'airflow.hooks.hdfs_hook'
[2024-01-18T17:08:38.578+0100] {processor.py:376} WARNING - Error when trying to pre-import module 'airflow.providers.elasticsearch.operators.elasticsearch_api' found in /home/ubuntu/airflow/dags/CoinMarketCap.py: No module named 'airflow.providers.elasticsearch.operators'
[2024-01-18T17:08:38.580+0100] {processor.py:376} WARNING - Error when trying to pre-import module 'airflow.hooks.hdfs_hook' found in /home/ubuntu/airflow/dags/CoinMarketCap.py: No module named 'airflow.hooks.hdfs_hook'
[2024-01-18T17:09:14.200+0100] {processor.py:376} WARNING - Error when trying to pre-import module 'airflow.providers.elasticsearch.operators.elasticsearch_api' found in /home/ubuntu/airflow/dags/CoinMarketCap.py: No module named 'airflow.providers.elasticsearch.operators'
[2024-01-18T17:09:14.201+0100] {processor.py:376} WARNING - Error when trying to pre-import module 'airflow.hooks.hdfs_hook' found in /home/ubuntu/airflow/dags/CoinMarketCap.py: No module named 'airflow.hooks.hdfs_hook'
[2024-01-18T17:09:53.644+0100] {processor.py:376} WARNING - Error when trying to pre-import module 'airflow.providers.elasticsearch.operators.elasticsearch_api' found in /home/ubuntu/airflow/dags/CoinMarketCap.py: No module named 'airflow.providers.elasticsearch.operators'
[2024-01-18T17:09:53.645+0100] {processor.py:376} WARNING - Error when trying to pre-import module 'airflow.hooks.hdfs_hook' found in /home/ubuntu/airflow/dags/CoinMarketCap.py: No module named 'airflow.hooks.hdfs_hook'
[2024-01-18T17:10:31.608+0100] {processor.py:376} WARNING - Error when trying to pre-import module 'airflow.providers.elasticsearch.operators.elasticsearch_api' found in /home/ubuntu/airflow/dags/CoinMarketCap.py: No module named 'airflow.providers.elasticsearch.operators'
[2024-01-18T17:10:31.609+0100] {processor.py:376} WARNING - Error when trying to pre-import module 'airflow.hooks.hdfs_hook' found in /home/ubuntu/airflow/dags/CoinMarketCap.py: No module named 'airflow.hooks.hdfs_hook'
[[34m2024-01-18T17:10:45.600+0100[0m] {[34mscheduler_job_runner.py:[0m1619} INFO[0m - Adopting or resetting orphaned tasks for active dag runs[0m
[2024-01-18T17:11:09.987+0100] {processor.py:376} WARNING - Error when trying to pre-import module 'airflow.contrib.operators.hdfs_to_gcs_operator' found in /home/ubuntu/airflow/dags/CoinMarketCap.py: No module named 'airflow.contrib.operators.hdfs_to_gcs_operator'
[2024-01-18T17:11:09.988+0100] {processor.py:376} WARNING - Error when trying to pre-import module 'airflow.providers.elasticsearch.operators.elasticsearch_api' found in /home/ubuntu/airflow/dags/CoinMarketCap.py: No module named 'airflow.providers.elasticsearch.operators'
[2024-01-18T17:11:09.988+0100] {processor.py:376} WARNING - Error when trying to pre-import module 'airflow.hooks.hdfs_hook' found in /home/ubuntu/airflow/dags/CoinMarketCap.py: No module named 'airflow.hooks.hdfs_hook'
[2024-01-18T17:11:40.475+0100] {processor.py:376} WARNING - Error when trying to pre-import module 'airflow.contrib.operators.hdfs_to_gcs_operator' found in /home/ubuntu/airflow/dags/CoinMarketCap.py: No module named 'airflow.contrib.operators.hdfs_to_gcs_operator'
[2024-01-18T17:11:40.476+0100] {processor.py:376} WARNING - Error when trying to pre-import module 'airflow.providers.elasticsearch.operators.elasticsearch_api' found in /home/ubuntu/airflow/dags/CoinMarketCap.py: No module named 'airflow.providers.elasticsearch.operators'
[2024-01-18T17:11:40.476+0100] {processor.py:376} WARNING - Error when trying to pre-import module 'airflow.hooks.hdfs_hook' found in /home/ubuntu/airflow/dags/CoinMarketCap.py: No module named 'airflow.hooks.hdfs_hook'
[2024-01-18T17:12:32.606+0100] {processor.py:376} WARNING - Error when trying to pre-import module 'airflow.contrib.operators.hdfs_to_gcs_operator' found in /home/ubuntu/airflow/dags/CoinMarketCap.py: No module named 'airflow.contrib.operators.hdfs_to_gcs_operator'
[2024-01-18T17:12:32.606+0100] {processor.py:376} WARNING - Error when trying to pre-import module 'airflow.providers.elasticsearch.operators.elasticsearch_api' found in /home/ubuntu/airflow/dags/CoinMarketCap.py: No module named 'airflow.providers.elasticsearch.operators'
[2024-01-18T17:12:32.607+0100] {processor.py:376} WARNING - Error when trying to pre-import module 'airflow.hooks.hdfs_hook' found in /home/ubuntu/airflow/dags/CoinMarketCap.py: No module named 'airflow.hooks.hdfs_hook'
[2024-01-18T17:13:31.008+0100] {processor.py:376} WARNING - Error when trying to pre-import module 'airflow.contrib.operators.hdfs_to_gcs_operator' found in /home/ubuntu/airflow/dags/CoinMarketCap.py: No module named 'airflow.contrib.operators.hdfs_to_gcs_operator'
[2024-01-18T17:13:31.009+0100] {processor.py:376} WARNING - Error when trying to pre-import module 'airflow.providers.elasticsearch.operators.elasticsearch_api' found in /home/ubuntu/airflow/dags/CoinMarketCap.py: No module named 'airflow.providers.elasticsearch.operators'
[2024-01-18T17:13:31.010+0100] {processor.py:376} WARNING - Error when trying to pre-import module 'airflow.hooks.hdfs_hook' found in /home/ubuntu/airflow/dags/CoinMarketCap.py: No module named 'airflow.hooks.hdfs_hook'
[2024-01-18T17:14:03.283+0100] {processor.py:376} WARNING - Error when trying to pre-import module 'airflow.contrib.operators.hdfs_to_gcs_operator' found in /home/ubuntu/airflow/dags/CoinMarketCap.py: No module named 'airflow.contrib.operators.hdfs_to_gcs_operator'
[2024-01-18T17:14:03.284+0100] {processor.py:376} WARNING - Error when trying to pre-import module 'airflow.providers.elasticsearch.operators.elasticsearch_api' found in /home/ubuntu/airflow/dags/CoinMarketCap.py: No module named 'airflow.providers.elasticsearch.operators'
[2024-01-18T17:14:03.285+0100] {processor.py:376} WARNING - Error when trying to pre-import module 'airflow.hooks.hdfs_hook' found in /home/ubuntu/airflow/dags/CoinMarketCap.py: No module named 'airflow.hooks.hdfs_hook'
[2024-01-18T17:14:36.100+0100] {processor.py:376} WARNING - Error when trying to pre-import module 'airflow.contrib.operators.hdfs_to_gcs_operator' found in /home/ubuntu/airflow/dags/CoinMarketCap.py: No module named 'airflow.contrib.operators.hdfs_to_gcs_operator'
[2024-01-18T17:14:36.101+0100] {processor.py:376} WARNING - Error when trying to pre-import module 'airflow.providers.elasticsearch.operators.elasticsearch_api' found in /home/ubuntu/airflow/dags/CoinMarketCap.py: No module named 'airflow.providers.elasticsearch.operators'
[2024-01-18T17:14:36.102+0100] {processor.py:376} WARNING - Error when trying to pre-import module 'airflow.hooks.hdfs_hook' found in /home/ubuntu/airflow/dags/CoinMarketCap.py: No module named 'airflow.hooks.hdfs_hook'
[2024-01-18T17:15:08.457+0100] {processor.py:376} WARNING - Error when trying to pre-import module 'airflow.contrib.operators.hdfs_to_gcs_operator' found in /home/ubuntu/airflow/dags/CoinMarketCap.py: No module named 'airflow.contrib.operators.hdfs_to_gcs_operator'
[2024-01-18T17:15:08.464+0100] {processor.py:376} WARNING - Error when trying to pre-import module 'airflow.providers.elasticsearch.operators.elasticsearch_api' found in /home/ubuntu/airflow/dags/CoinMarketCap.py: No module named 'airflow.providers.elasticsearch.operators'
[2024-01-18T17:15:08.466+0100] {processor.py:376} WARNING - Error when trying to pre-import module 'airflow.hooks.hdfs_hook' found in /home/ubuntu/airflow/dags/CoinMarketCap.py: No module named 'airflow.hooks.hdfs_hook'
[[34m2024-01-18T17:15:47.565+0100[0m] {[34mscheduler_job_runner.py:[0m1619} INFO[0m - Adopting or resetting orphaned tasks for active dag runs[0m
[2024-01-18T17:15:47.948+0100] {processor.py:376} WARNING - Error when trying to pre-import module 'airflow.contrib.operators.hdfs_to_gcs_operator' found in /home/ubuntu/airflow/dags/CoinMarketCap.py: No module named 'airflow.contrib.operators.hdfs_to_gcs_operator'
[2024-01-18T17:15:47.949+0100] {processor.py:376} WARNING - Error when trying to pre-import module 'airflow.providers.elasticsearch.operators.elasticsearch_api' found in /home/ubuntu/airflow/dags/CoinMarketCap.py: No module named 'airflow.providers.elasticsearch.operators'
[2024-01-18T17:15:47.949+0100] {processor.py:376} WARNING - Error when trying to pre-import module 'airflow.hooks.hdfs_hook' found in /home/ubuntu/airflow/dags/CoinMarketCap.py: No module named 'airflow.hooks.hdfs_hook'
[2024-01-18T17:16:26.398+0100] {processor.py:376} WARNING - Error when trying to pre-import module 'airflow.providers.elasticsearch.operators.elasticsearch_api' found in /home/ubuntu/airflow/dags/CoinMarketCap.py: No module named 'airflow.providers.elasticsearch.operators'
[2024-01-18T17:16:26.400+0100] {processor.py:376} WARNING - Error when trying to pre-import module 'airflow.providers.google.transfers.hdfs_to_gcs' found in /home/ubuntu/airflow/dags/CoinMarketCap.py: No module named 'airflow.providers.google.transfers'
[2024-01-18T17:16:26.400+0100] {processor.py:376} WARNING - Error when trying to pre-import module 'airflow.hooks.hdfs_hook' found in /home/ubuntu/airflow/dags/CoinMarketCap.py: No module named 'airflow.hooks.hdfs_hook'
[2024-01-18T17:16:59.194+0100] {processor.py:376} WARNING - Error when trying to pre-import module 'airflow.providers.elasticsearch.operators.elasticsearch_api' found in /home/ubuntu/airflow/dags/CoinMarketCap.py: No module named 'airflow.providers.elasticsearch.operators'
[2024-01-18T17:16:59.194+0100] {processor.py:376} WARNING - Error when trying to pre-import module 'airflow.providers.google.transfers.hdfs_to_gcs' found in /home/ubuntu/airflow/dags/CoinMarketCap.py: No module named 'airflow.providers.google.transfers'
[2024-01-18T17:16:59.195+0100] {processor.py:376} WARNING - Error when trying to pre-import module 'airflow.hooks.hdfs_hook' found in /home/ubuntu/airflow/dags/CoinMarketCap.py: No module named 'airflow.hooks.hdfs_hook'
[2024-01-18T17:17:32.339+0100] {processor.py:376} WARNING - Error when trying to pre-import module 'airflow.providers.elasticsearch.operators.elasticsearch_api' found in /home/ubuntu/airflow/dags/CoinMarketCap.py: No module named 'airflow.providers.elasticsearch.operators'
[2024-01-18T17:17:32.341+0100] {processor.py:376} WARNING - Error when trying to pre-import module 'airflow.providers.google.transfers.hdfs_to_gcs' found in /home/ubuntu/airflow/dags/CoinMarketCap.py: No module named 'airflow.providers.google.transfers'
[2024-01-18T17:17:32.342+0100] {processor.py:376} WARNING - Error when trying to pre-import module 'airflow.hooks.hdfs_hook' found in /home/ubuntu/airflow/dags/CoinMarketCap.py: No module named 'airflow.hooks.hdfs_hook'
[2024-01-18T17:18:11.401+0100] {processor.py:376} WARNING - Error when trying to pre-import module 'airflow.providers.elasticsearch.operators.elasticsearch_api' found in /home/ubuntu/airflow/dags/CoinMarketCap.py: No module named 'airflow.providers.elasticsearch.operators'
[2024-01-18T17:18:11.401+0100] {processor.py:376} WARNING - Error when trying to pre-import module 'airflow.providers.google.transfers.hdfs_to_gcs' found in /home/ubuntu/airflow/dags/CoinMarketCap.py: No module named 'airflow.providers.google.transfers'
[2024-01-18T17:18:11.402+0100] {processor.py:376} WARNING - Error when trying to pre-import module 'airflow.hooks.hdfs_hook' found in /home/ubuntu/airflow/dags/CoinMarketCap.py: No module named 'airflow.hooks.hdfs_hook'
[2024-01-18T17:18:45.349+0100] {processor.py:376} WARNING - Error when trying to pre-import module 'airflow.providers.google.transfers.hdfs_to_gcs' found in /home/ubuntu/airflow/dags/CoinMarketCap.py: No module named 'airflow.providers.google.transfers'
[2024-01-18T17:18:45.349+0100] {processor.py:376} WARNING - Error when trying to pre-import module 'airflow.hooks.hdfs_hook' found in /home/ubuntu/airflow/dags/CoinMarketCap.py: No module named 'airflow.hooks.hdfs_hook'
[2024-01-18T17:19:16.966+0100] {processor.py:376} WARNING - Error when trying to pre-import module 'airflow.providers.google.transfers.hdfs_to_gcs' found in /home/ubuntu/airflow/dags/CoinMarketCap.py: No module named 'airflow.providers.google.transfers'
[2024-01-18T17:19:16.967+0100] {processor.py:376} WARNING - Error when trying to pre-import module 'airflow.hooks.hdfs_hook' found in /home/ubuntu/airflow/dags/CoinMarketCap.py: No module named 'airflow.hooks.hdfs_hook'
[2024-01-18T17:19:53.411+0100] {processor.py:376} WARNING - Error when trying to pre-import module 'airflow.providers.google.transfers.hdfs_to_gcs' found in /home/ubuntu/airflow/dags/CoinMarketCap.py: No module named 'airflow.providers.google.transfers'
[2024-01-18T17:19:53.412+0100] {processor.py:376} WARNING - Error when trying to pre-import module 'airflow.hooks.hdfs_hook' found in /home/ubuntu/airflow/dags/CoinMarketCap.py: No module named 'airflow.hooks.hdfs_hook'
[2024-01-18T17:20:38.084+0100] {processor.py:376} WARNING - Error when trying to pre-import module 'airflow.providers.google.transfers.hdfs_to_gcs' found in /home/ubuntu/airflow/dags/CoinMarketCap.py: No module named 'airflow.providers.google.transfers'
[2024-01-18T17:20:38.085+0100] {processor.py:376} WARNING - Error when trying to pre-import module 'airflow.hooks.hdfs_hook' found in /home/ubuntu/airflow/dags/CoinMarketCap.py: No module named 'airflow.hooks.hdfs_hook'
[[34m2024-01-18T17:20:47.836+0100[0m] {[34mscheduler_job_runner.py:[0m1619} INFO[0m - Adopting or resetting orphaned tasks for active dag runs[0m
[2024-01-18T17:21:16.175+0100] {processor.py:376} WARNING - Error when trying to pre-import module 'airflow.providers.google.transfers.hdfs_to_gcs' found in /home/ubuntu/airflow/dags/CoinMarketCap.py: No module named 'airflow.providers.google.transfers'
[2024-01-18T17:21:16.176+0100] {processor.py:376} WARNING - Error when trying to pre-import module 'airflow.hooks.hdfs_hook' found in /home/ubuntu/airflow/dags/CoinMarketCap.py: No module named 'airflow.hooks.hdfs_hook'
[2024-01-18T17:21:54.144+0100] {processor.py:376} WARNING - Error when trying to pre-import module 'airflow.providers.elasticsearch.operators.elasticsearch' found in /home/ubuntu/airflow/dags/CoinMarketCap.py: No module named 'airflow.providers.elasticsearch.operators'
[2024-01-18T17:21:54.145+0100] {processor.py:376} WARNING - Error when trying to pre-import module 'airflow.providers.google.transfers.hdfs_to_gcs' found in /home/ubuntu/airflow/dags/CoinMarketCap.py: No module named 'airflow.providers.google.transfers'
[2024-01-18T17:21:54.146+0100] {processor.py:376} WARNING - Error when trying to pre-import module 'airflow.hooks.hdfs_hook' found in /home/ubuntu/airflow/dags/CoinMarketCap.py: No module named 'airflow.hooks.hdfs_hook'
[2024-01-18T17:22:33.242+0100] {processor.py:376} WARNING - Error when trying to pre-import module 'airflow.providers.elasticsearch.operators.elasticsearch' found in /home/ubuntu/airflow/dags/CoinMarketCap.py: No module named 'airflow.providers.elasticsearch.operators'
[2024-01-18T17:22:33.242+0100] {processor.py:376} WARNING - Error when trying to pre-import module 'airflow.providers.google.transfers.hdfs_to_gcs' found in /home/ubuntu/airflow/dags/CoinMarketCap.py: No module named 'airflow.providers.google.transfers'
[2024-01-18T17:22:33.242+0100] {processor.py:376} WARNING - Error when trying to pre-import module 'airflow.hooks.hdfs_hook' found in /home/ubuntu/airflow/dags/CoinMarketCap.py: No module named 'airflow.hooks.hdfs_hook'
[2024-01-18T17:23:05.768+0100] {processor.py:376} WARNING - Error when trying to pre-import module 'airflow.providers.elasticsearch.operators.elasticsearch' found in /home/ubuntu/airflow/dags/CoinMarketCap.py: No module named 'airflow.providers.elasticsearch.operators'
[2024-01-18T17:23:05.769+0100] {processor.py:376} WARNING - Error when trying to pre-import module 'airflow.providers.google.transfers.hdfs_to_gcs' found in /home/ubuntu/airflow/dags/CoinMarketCap.py: No module named 'airflow.providers.google.transfers'
[2024-01-18T17:23:05.769+0100] {processor.py:376} WARNING - Error when trying to pre-import module 'airflow.hooks.hdfs_hook' found in /home/ubuntu/airflow/dags/CoinMarketCap.py: No module named 'airflow.hooks.hdfs_hook'
[2024-01-18T17:24:03.786+0100] {processor.py:376} WARNING - Error when trying to pre-import module 'airflow.providers.elasticsearch.operators.elasticsearch' found in /home/ubuntu/airflow/dags/CoinMarketCap.py: No module named 'airflow.providers.elasticsearch.operators'
[2024-01-18T17:24:03.787+0100] {processor.py:376} WARNING - Error when trying to pre-import module 'airflow.providers.google.transfers.hdfs_to_gcs' found in /home/ubuntu/airflow/dags/CoinMarketCap.py: No module named 'airflow.providers.google.transfers'
[2024-01-18T17:24:03.787+0100] {processor.py:376} WARNING - Error when trying to pre-import module 'airflow.hooks.hdfs_hook' found in /home/ubuntu/airflow/dags/CoinMarketCap.py: No module named 'airflow.hooks.hdfs_hook'
[2024-01-18T17:24:53.394+0100] {processor.py:376} WARNING - Error when trying to pre-import module 'airflow.providers.elasticsearch.operators.elasticsearch' found in /home/ubuntu/airflow/dags/CoinMarketCap.py: No module named 'airflow.providers.elasticsearch.operators'
[2024-01-18T17:24:53.395+0100] {processor.py:376} WARNING - Error when trying to pre-import module 'airflow.providers.google.transfers.hdfs_to_gcs' found in /home/ubuntu/airflow/dags/CoinMarketCap.py: No module named 'airflow.providers.google.transfers'
[2024-01-18T17:24:53.395+0100] {processor.py:376} WARNING - Error when trying to pre-import module 'airflow.hooks.hdfs_hook' found in /home/ubuntu/airflow/dags/CoinMarketCap.py: No module named 'airflow.hooks.hdfs_hook'
[2024-01-18T17:25:41.952+0100] {processor.py:376} WARNING - Error when trying to pre-import module 'airflow.providers.elasticsearch.operators.elasticsearch' found in /home/ubuntu/airflow/dags/CoinMarketCap.py: No module named 'airflow.providers.elasticsearch.operators'
[2024-01-18T17:25:41.952+0100] {processor.py:376} WARNING - Error when trying to pre-import module 'airflow.providers.google.transfers.hdfs_to_gcs' found in /home/ubuntu/airflow/dags/CoinMarketCap.py: No module named 'airflow.providers.google.transfers'
[2024-01-18T17:25:41.953+0100] {processor.py:376} WARNING - Error when trying to pre-import module 'airflow.hooks.hdfs_hook' found in /home/ubuntu/airflow/dags/CoinMarketCap.py: No module named 'airflow.hooks.hdfs_hook'
[[34m2024-01-18T17:25:47.999+0100[0m] {[34mscheduler_job_runner.py:[0m1619} INFO[0m - Adopting or resetting orphaned tasks for active dag runs[0m
[2024-01-18T17:26:30.687+0100] {processor.py:376} WARNING - Error when trying to pre-import module 'airflow.providers.elasticsearch.operators.elasticsearch' found in /home/ubuntu/airflow/dags/CoinMarketCap.py: No module named 'airflow.providers.elasticsearch.operators'
[2024-01-18T17:26:30.693+0100] {processor.py:376} WARNING - Error when trying to pre-import module 'airflow.providers.google.transfers.hdfs_to_gcs' found in /home/ubuntu/airflow/dags/CoinMarketCap.py: No module named 'airflow.providers.google.transfers'
[2024-01-18T17:26:30.693+0100] {processor.py:376} WARNING - Error when trying to pre-import module 'airflow.hooks.hdfs_hook' found in /home/ubuntu/airflow/dags/CoinMarketCap.py: No module named 'airflow.hooks.hdfs_hook'
[2024-01-18T17:27:22.213+0100] {processor.py:376} WARNING - Error when trying to pre-import module 'airflow.providers.elasticsearch.operators.elasticsearch' found in /home/ubuntu/airflow/dags/CoinMarketCap.py: No module named 'airflow.providers.elasticsearch.operators'
[2024-01-18T17:27:22.214+0100] {processor.py:376} WARNING - Error when trying to pre-import module 'airflow.providers.google.transfers.hdfs_to_gcs' found in /home/ubuntu/airflow/dags/CoinMarketCap.py: No module named 'airflow.providers.google.transfers'
[2024-01-18T17:27:22.215+0100] {processor.py:376} WARNING - Error when trying to pre-import module 'airflow.hooks.hdfs_hook' found in /home/ubuntu/airflow/dags/CoinMarketCap.py: No module named 'airflow.hooks.hdfs_hook'
[2024-01-18T17:28:07.462+0100] {processor.py:376} WARNING - Error when trying to pre-import module 'airflow.providers.elasticsearch.operators.elasticsearch' found in /home/ubuntu/airflow/dags/CoinMarketCap.py: No module named 'airflow.providers.elasticsearch.operators'
[2024-01-18T17:28:07.463+0100] {processor.py:376} WARNING - Error when trying to pre-import module 'airflow.providers.google.transfers.hdfs_to_gcs' found in /home/ubuntu/airflow/dags/CoinMarketCap.py: No module named 'airflow.providers.google.transfers'
[2024-01-18T17:28:07.463+0100] {processor.py:376} WARNING - Error when trying to pre-import module 'airflow.hooks.hdfs_hook' found in /home/ubuntu/airflow/dags/CoinMarketCap.py: No module named 'airflow.hooks.hdfs_hook'
[2024-01-18T17:28:58.289+0100] {processor.py:376} WARNING - Error when trying to pre-import module 'airflow.providers.elasticsearch.operators.elasticsearch' found in /home/ubuntu/airflow/dags/CoinMarketCap.py: No module named 'airflow.providers.elasticsearch.operators'
[2024-01-18T17:28:58.289+0100] {processor.py:376} WARNING - Error when trying to pre-import module 'airflow.providers.google.transfers.hdfs_to_gcs' found in /home/ubuntu/airflow/dags/CoinMarketCap.py: No module named 'airflow.providers.google.transfers'
[2024-01-18T17:28:58.289+0100] {processor.py:376} WARNING - Error when trying to pre-import module 'airflow.hooks.hdfs_hook' found in /home/ubuntu/airflow/dags/CoinMarketCap.py: No module named 'airflow.hooks.hdfs_hook'
[2024-01-18T17:29:55.123+0100] {processor.py:376} WARNING - Error when trying to pre-import module 'airflow.providers.elasticsearch.operators.elasticsearch' found in /home/ubuntu/airflow/dags/CoinMarketCap.py: No module named 'airflow.providers.elasticsearch.operators'
[2024-01-18T17:29:55.124+0100] {processor.py:376} WARNING - Error when trying to pre-import module 'airflow.providers.google.transfers.hdfs_to_gcs' found in /home/ubuntu/airflow/dags/CoinMarketCap.py: No module named 'airflow.providers.google.transfers'
[2024-01-18T17:29:55.125+0100] {processor.py:376} WARNING - Error when trying to pre-import module 'airflow.hooks.hdfs_hook' found in /home/ubuntu/airflow/dags/CoinMarketCap.py: No module named 'airflow.hooks.hdfs_hook'
[[34m2024-01-18T17:30:48.142+0100[0m] {[34mscheduler_job_runner.py:[0m1619} INFO[0m - Adopting or resetting orphaned tasks for active dag runs[0m
[2024-01-18T17:30:52.170+0100] {processor.py:376} WARNING - Error when trying to pre-import module 'airflow.providers.elasticsearch.operators.elasticsearch' found in /home/ubuntu/airflow/dags/CoinMarketCap.py: No module named 'airflow.providers.elasticsearch.operators'
[2024-01-18T17:30:52.170+0100] {processor.py:376} WARNING - Error when trying to pre-import module 'airflow.providers.google.transfers.hdfs_to_gcs' found in /home/ubuntu/airflow/dags/CoinMarketCap.py: No module named 'airflow.providers.google.transfers'
[2024-01-18T17:30:52.171+0100] {processor.py:376} WARNING - Error when trying to pre-import module 'airflow.hooks.hdfs_hook' found in /home/ubuntu/airflow/dags/CoinMarketCap.py: No module named 'airflow.hooks.hdfs_hook'
[2024-01-18T17:31:42.684+0100] {processor.py:376} WARNING - Error when trying to pre-import module 'airflow.providers.elasticsearch.operators.elasticsearch' found in /home/ubuntu/airflow/dags/CoinMarketCap.py: No module named 'airflow.providers.elasticsearch.operators'
[2024-01-18T17:31:42.685+0100] {processor.py:376} WARNING - Error when trying to pre-import module 'airflow.providers.google.transfers.hdfs_to_gcs' found in /home/ubuntu/airflow/dags/CoinMarketCap.py: No module named 'airflow.providers.google.transfers'
[2024-01-18T17:31:42.685+0100] {processor.py:376} WARNING - Error when trying to pre-import module 'airflow.hooks.hdfs_hook' found in /home/ubuntu/airflow/dags/CoinMarketCap.py: No module named 'airflow.hooks.hdfs_hook'
[2024-01-18T17:32:33.074+0100] {processor.py:376} WARNING - Error when trying to pre-import module 'airflow.providers.elasticsearch.operators.elasticsearch' found in /home/ubuntu/airflow/dags/CoinMarketCap.py: No module named 'airflow.providers.elasticsearch.operators'
[2024-01-18T17:32:33.075+0100] {processor.py:376} WARNING - Error when trying to pre-import module 'airflow.providers.google.transfers.hdfs_to_gcs' found in /home/ubuntu/airflow/dags/CoinMarketCap.py: No module named 'airflow.providers.google.transfers'
[2024-01-18T17:32:33.075+0100] {processor.py:376} WARNING - Error when trying to pre-import module 'airflow.hooks.hdfs_hook' found in /home/ubuntu/airflow/dags/CoinMarketCap.py: No module named 'airflow.hooks.hdfs_hook'
[2024-01-18T17:33:06.758+0100] {processor.py:376} WARNING - Error when trying to pre-import module 'airflow.providers.elasticsearch.operators.elasticsearch' found in /home/ubuntu/airflow/dags/CoinMarketCap.py: No module named 'airflow.providers.elasticsearch.operators'
[2024-01-18T17:33:06.758+0100] {processor.py:376} WARNING - Error when trying to pre-import module 'airflow.providers.google.transfers.hdfs_to_gcs' found in /home/ubuntu/airflow/dags/CoinMarketCap.py: No module named 'airflow.providers.google.transfers'
[2024-01-18T17:33:06.758+0100] {processor.py:376} WARNING - Error when trying to pre-import module 'airflow.hooks.hdfs_hook' found in /home/ubuntu/airflow/dags/CoinMarketCap.py: No module named 'airflow.hooks.hdfs_hook'
[2024-01-18T17:33:38.847+0100] {processor.py:376} WARNING - Error when trying to pre-import module 'airflow.providers.elasticsearch.operators.elasticsearch' found in /home/ubuntu/airflow/dags/CoinMarketCap.py: No module named 'airflow.providers.elasticsearch.operators'
[2024-01-18T17:33:38.848+0100] {processor.py:376} WARNING - Error when trying to pre-import module 'airflow.providers.google.transfers.hdfs_to_gcs' found in /home/ubuntu/airflow/dags/CoinMarketCap.py: No module named 'airflow.providers.google.transfers'
[2024-01-18T17:33:38.848+0100] {processor.py:376} WARNING - Error when trying to pre-import module 'airflow.hooks.hdfs_hook' found in /home/ubuntu/airflow/dags/CoinMarketCap.py: No module named 'airflow.hooks.hdfs_hook'
[2024-01-18T17:34:10.397+0100] {processor.py:376} WARNING - Error when trying to pre-import module 'airflow.providers.elasticsearch.operators.elasticsearch' found in /home/ubuntu/airflow/dags/CoinMarketCap.py: No module named 'airflow.providers.elasticsearch.operators'
[2024-01-18T17:34:10.402+0100] {processor.py:376} WARNING - Error when trying to pre-import module 'airflow.providers.google.transfers.hdfs_to_gcs' found in /home/ubuntu/airflow/dags/CoinMarketCap.py: No module named 'airflow.providers.google.transfers'
[2024-01-18T17:34:10.402+0100] {processor.py:376} WARNING - Error when trying to pre-import module 'airflow.hooks.hdfs_hook' found in /home/ubuntu/airflow/dags/CoinMarketCap.py: No module named 'airflow.hooks.hdfs_hook'
[2024-01-18T17:34:47.148+0100] {processor.py:376} WARNING - Error when trying to pre-import module 'airflow.providers.elasticsearch.operators.elasticsearch' found in /home/ubuntu/airflow/dags/CoinMarketCap.py: No module named 'airflow.providers.elasticsearch.operators'
[2024-01-18T17:34:47.149+0100] {processor.py:376} WARNING - Error when trying to pre-import module 'airflow.providers.google.transfers.hdfs_to_gcs' found in /home/ubuntu/airflow/dags/CoinMarketCap.py: No module named 'airflow.providers.google.transfers'
[2024-01-18T17:34:47.150+0100] {processor.py:376} WARNING - Error when trying to pre-import module 'airflow.hooks.hdfs_hook' found in /home/ubuntu/airflow/dags/CoinMarketCap.py: No module named 'airflow.hooks.hdfs_hook'
[2024-01-18T17:35:25.067+0100] {processor.py:376} WARNING - Error when trying to pre-import module 'airflow.providers.google.transfers.hdfs_to_gcs' found in /home/ubuntu/airflow/dags/CoinMarketCap.py: No module named 'airflow.providers.google.transfers'
[2024-01-18T17:35:25.068+0100] {processor.py:376} WARNING - Error when trying to pre-import module 'airflow.hooks.hdfs_hook' found in /home/ubuntu/airflow/dags/CoinMarketCap.py: No module named 'airflow.hooks.hdfs_hook'
[[34m2024-01-18T17:35:48.381+0100[0m] {[34mscheduler_job_runner.py:[0m1619} INFO[0m - Adopting or resetting orphaned tasks for active dag runs[0m
[2024-01-18T17:36:03.250+0100] {processor.py:376} WARNING - Error when trying to pre-import module 'airflow.providers.google.transfers.hdfs_to_gcs' found in /home/ubuntu/airflow/dags/CoinMarketCap.py: No module named 'airflow.providers.google.transfers'
[2024-01-18T17:36:03.252+0100] {processor.py:376} WARNING - Error when trying to pre-import module 'airflow.hooks.hdfs_hook' found in /home/ubuntu/airflow/dags/CoinMarketCap.py: No module named 'airflow.hooks.hdfs_hook'
[2024-01-18T17:36:49.723+0100] {processor.py:376} WARNING - Error when trying to pre-import module 'airflow.providers.google.transfers.hdfs_to_gcs' found in /home/ubuntu/airflow/dags/CoinMarketCap.py: No module named 'airflow.providers.google.transfers'
[2024-01-18T17:36:49.744+0100] {processor.py:376} WARNING - Error when trying to pre-import module 'airflow.hooks.hdfs_hook' found in /home/ubuntu/airflow/dags/CoinMarketCap.py: No module named 'airflow.hooks.hdfs_hook'
[2024-01-18T17:37:39.764+0100] {processor.py:376} WARNING - Error when trying to pre-import module 'airflow.providers.google.transfers.hdfs_to_gcs' found in /home/ubuntu/airflow/dags/CoinMarketCap.py: No module named 'airflow.providers.google.transfers'
[2024-01-18T17:37:39.784+0100] {processor.py:376} WARNING - Error when trying to pre-import module 'airflow.hooks.hdfs_hook' found in /home/ubuntu/airflow/dags/CoinMarketCap.py: No module named 'airflow.hooks.hdfs_hook'
[2024-01-18T17:38:27.954+0100] {processor.py:376} WARNING - Error when trying to pre-import module 'airflow.providers.google.transfers.hdfs_to_gcs' found in /home/ubuntu/airflow/dags/CoinMarketCap.py: No module named 'airflow.providers.google.transfers'
[2024-01-18T17:38:27.975+0100] {processor.py:376} WARNING - Error when trying to pre-import module 'airflow.hooks.hdfs_hook' found in /home/ubuntu/airflow/dags/CoinMarketCap.py: No module named 'airflow.hooks.hdfs_hook'
[2024-01-18T17:39:06.055+0100] {processor.py:376} WARNING - Error when trying to pre-import module 'airflow.providers.google.transfers.hdfs_to_gcs' found in /home/ubuntu/airflow/dags/CoinMarketCap.py: No module named 'airflow.providers.google.transfers'
[2024-01-18T17:39:06.055+0100] {processor.py:376} WARNING - Error when trying to pre-import module 'airflow.hooks.hdfs_hook' found in /home/ubuntu/airflow/dags/CoinMarketCap.py: No module named 'airflow.hooks.hdfs_hook'
[2024-01-18T17:39:40.641+0100] {processor.py:376} WARNING - Error when trying to pre-import module 'airflow.providers.google.transfers.hdfs_to_gcs' found in /home/ubuntu/airflow/dags/CoinMarketCap.py: No module named 'airflow.providers.google.transfers'
[2024-01-18T17:39:40.641+0100] {processor.py:376} WARNING - Error when trying to pre-import module 'airflow.hooks.hdfs_hook' found in /home/ubuntu/airflow/dags/CoinMarketCap.py: No module named 'airflow.hooks.hdfs_hook'
[2024-01-18T17:40:14.307+0100] {processor.py:376} WARNING - Error when trying to pre-import module 'airflow.providers.google.transfers.hdfs_to_gcs' found in /home/ubuntu/airflow/dags/CoinMarketCap.py: No module named 'airflow.providers.google.transfers'
[2024-01-18T17:40:14.308+0100] {processor.py:376} WARNING - Error when trying to pre-import module 'airflow.hooks.hdfs_hook' found in /home/ubuntu/airflow/dags/CoinMarketCap.py: No module named 'airflow.hooks.hdfs_hook'
[[34m2024-01-18T17:40:48.672+0100[0m] {[34mscheduler_job_runner.py:[0m1619} INFO[0m - Adopting or resetting orphaned tasks for active dag runs[0m
[2024-01-18T17:40:49.755+0100] {processor.py:376} WARNING - Error when trying to pre-import module 'airflow.providers.google.transfers.hdfs_to_gcs' found in /home/ubuntu/airflow/dags/CoinMarketCap.py: No module named 'airflow.providers.google.transfers'
[2024-01-18T17:40:49.756+0100] {processor.py:376} WARNING - Error when trying to pre-import module 'airflow.hooks.hdfs_hook' found in /home/ubuntu/airflow/dags/CoinMarketCap.py: No module named 'airflow.hooks.hdfs_hook'
[2024-01-18T17:41:23.005+0100] {processor.py:376} WARNING - Error when trying to pre-import module 'airflow.providers.google.transfers.hdfs_to_gcs' found in /home/ubuntu/airflow/dags/CoinMarketCap.py: No module named 'airflow.providers.google.transfers'
[2024-01-18T17:41:23.006+0100] {processor.py:376} WARNING - Error when trying to pre-import module 'airflow.hooks.hdfs_hook' found in /home/ubuntu/airflow/dags/CoinMarketCap.py: No module named 'airflow.hooks.hdfs_hook'
[2024-01-18T17:42:06.484+0100] {processor.py:376} WARNING - Error when trying to pre-import module 'airflow.providers.google.transfers.hdfs_to_gcs' found in /home/ubuntu/airflow/dags/CoinMarketCap.py: No module named 'airflow.providers.google.transfers'
[2024-01-18T17:42:06.486+0100] {processor.py:376} WARNING - Error when trying to pre-import module 'airflow.hooks.hdfs_hook' found in /home/ubuntu/airflow/dags/CoinMarketCap.py: No module named 'airflow.hooks.hdfs_hook'
[2024-01-18T17:42:46.436+0100] {processor.py:376} WARNING - Error when trying to pre-import module 'airflow.providers.google.transfers.hdfs_to_gcs' found in /home/ubuntu/airflow/dags/CoinMarketCap.py: No module named 'airflow.providers.google.transfers'
[2024-01-18T17:42:46.437+0100] {processor.py:376} WARNING - Error when trying to pre-import module 'airflow.hooks.hdfs_hook' found in /home/ubuntu/airflow/dags/CoinMarketCap.py: No module named 'airflow.hooks.hdfs_hook'
[2024-01-18T17:43:24.719+0100] {processor.py:376} WARNING - Error when trying to pre-import module 'airflow.providers.google.transfers.hdfs_to_gcs' found in /home/ubuntu/airflow/dags/CoinMarketCap.py: No module named 'airflow.providers.google.transfers'
[2024-01-18T17:43:24.729+0100] {processor.py:376} WARNING - Error when trying to pre-import module 'airflow.hooks.hdfs_hook' found in /home/ubuntu/airflow/dags/CoinMarketCap.py: No module named 'airflow.hooks.hdfs_hook'
[2024-01-18T17:44:07.827+0100] {processor.py:376} WARNING - Error when trying to pre-import module 'airflow.providers.google.transfers.hdfs_to_gcs' found in /home/ubuntu/airflow/dags/CoinMarketCap.py: No module named 'airflow.providers.google.transfers'
[2024-01-18T17:44:07.830+0100] {processor.py:376} WARNING - Error when trying to pre-import module 'airflow.hooks.hdfs_hook' found in /home/ubuntu/airflow/dags/CoinMarketCap.py: No module named 'airflow.hooks.hdfs_hook'
[2024-01-18T17:44:44.488+0100] {processor.py:376} WARNING - Error when trying to pre-import module 'airflow.providers.google.transfers.hdfs_to_gcs' found in /home/ubuntu/airflow/dags/CoinMarketCap.py: No module named 'airflow.providers.google.transfers'
[2024-01-18T17:44:44.489+0100] {processor.py:376} WARNING - Error when trying to pre-import module 'airflow.hooks.hdfs_hook' found in /home/ubuntu/airflow/dags/CoinMarketCap.py: No module named 'airflow.hooks.hdfs_hook'
[2024-01-18T17:45:15.362+0100] {processor.py:376} WARNING - Error when trying to pre-import module 'airflow.providers.google.transfers.hdfs_to_gcs' found in /home/ubuntu/airflow/dags/CoinMarketCap.py: No module named 'airflow.providers.google.transfers'
[2024-01-18T17:45:15.363+0100] {processor.py:376} WARNING - Error when trying to pre-import module 'airflow.hooks.hdfs_hook' found in /home/ubuntu/airflow/dags/CoinMarketCap.py: No module named 'airflow.hooks.hdfs_hook'
[2024-01-18T17:45:15.363+0100] {processor.py:376} WARNING - Error when trying to pre-import module 'airflow.providers.google.transfers.local_to_gcs' found in /home/ubuntu/airflow/dags/CoinMarketCap.py: No module named 'airflow.providers.google.transfers'
[[34m2024-01-18T17:45:49.712+0100[0m] {[34mscheduler_job_runner.py:[0m1619} INFO[0m - Adopting or resetting orphaned tasks for active dag runs[0m
[2024-01-18T17:45:59.760+0100] {processor.py:376} WARNING - Error when trying to pre-import module 'airflow.providers.google.transfers.hdfs_to_gcs' found in /home/ubuntu/airflow/dags/CoinMarketCap.py: No module named 'airflow.providers.google.transfers'
[2024-01-18T17:45:59.761+0100] {processor.py:376} WARNING - Error when trying to pre-import module 'airflow.hooks.hdfs_hook' found in /home/ubuntu/airflow/dags/CoinMarketCap.py: No module named 'airflow.hooks.hdfs_hook'
[2024-01-18T17:45:59.761+0100] {processor.py:376} WARNING - Error when trying to pre-import module 'airflow.providers.google.transfers.local_to_gcs' found in /home/ubuntu/airflow/dags/CoinMarketCap.py: No module named 'airflow.providers.google.transfers'
[2024-01-18T17:46:49.360+0100] {processor.py:376} WARNING - Error when trying to pre-import module 'airflow.providers.google.transfers.hdfs_to_gcs' found in /home/ubuntu/airflow/dags/CoinMarketCap.py: No module named 'airflow.providers.google.transfers'
[2024-01-18T17:46:49.361+0100] {processor.py:376} WARNING - Error when trying to pre-import module 'airflow.hooks.hdfs_hook' found in /home/ubuntu/airflow/dags/CoinMarketCap.py: No module named 'airflow.hooks.hdfs_hook'
[2024-01-18T17:46:49.361+0100] {processor.py:376} WARNING - Error when trying to pre-import module 'airflow.providers.google.transfers.local_to_gcs' found in /home/ubuntu/airflow/dags/CoinMarketCap.py: No module named 'airflow.providers.google.transfers'
[2024-01-18T17:47:28.013+0100] {processor.py:376} WARNING - Error when trying to pre-import module 'airflow.providers.google.transfers.hdfs_to_gcs' found in /home/ubuntu/airflow/dags/CoinMarketCap.py: No module named 'airflow.providers.google.transfers'
[2024-01-18T17:47:28.014+0100] {processor.py:376} WARNING - Error when trying to pre-import module 'airflow.hooks.hdfs_hook' found in /home/ubuntu/airflow/dags/CoinMarketCap.py: No module named 'airflow.hooks.hdfs_hook'
[2024-01-18T17:47:28.015+0100] {processor.py:376} WARNING - Error when trying to pre-import module 'airflow.providers.google.transfers.local_to_gcs' found in /home/ubuntu/airflow/dags/CoinMarketCap.py: No module named 'airflow.providers.google.transfers'
[2024-01-18T17:48:12.378+0100] {processor.py:376} WARNING - Error when trying to pre-import module 'airflow.providers.google.transfers.hdfs_to_gcs' found in /home/ubuntu/airflow/dags/CoinMarketCap.py: No module named 'airflow.providers.google.transfers'
[2024-01-18T17:48:12.378+0100] {processor.py:376} WARNING - Error when trying to pre-import module 'airflow.hooks.hdfs_hook' found in /home/ubuntu/airflow/dags/CoinMarketCap.py: No module named 'airflow.hooks.hdfs_hook'
[2024-01-18T17:48:12.378+0100] {processor.py:376} WARNING - Error when trying to pre-import module 'airflow.providers.google.transfers.local_to_gcs' found in /home/ubuntu/airflow/dags/CoinMarketCap.py: No module named 'airflow.providers.google.transfers'
[2024-01-18T17:48:47.105+0100] {processor.py:376} WARNING - Error when trying to pre-import module 'airflow.providers.google.transfers.hdfs_to_gcs' found in /home/ubuntu/airflow/dags/CoinMarketCap.py: No module named 'airflow.providers.google.transfers'
[2024-01-18T17:48:47.106+0100] {processor.py:376} WARNING - Error when trying to pre-import module 'airflow.hooks.hdfs_hook' found in /home/ubuntu/airflow/dags/CoinMarketCap.py: No module named 'airflow.hooks.hdfs_hook'
[2024-01-18T17:48:47.106+0100] {processor.py:376} WARNING - Error when trying to pre-import module 'airflow.providers.google.transfers.local_to_gcs' found in /home/ubuntu/airflow/dags/CoinMarketCap.py: No module named 'airflow.providers.google.transfers'
[2024-01-18T17:49:19.900+0100] {processor.py:376} WARNING - Error when trying to pre-import module 'airflow.providers.google.transfers.hdfs_to_gcs' found in /home/ubuntu/airflow/dags/CoinMarketCap.py: No module named 'airflow.providers.google.transfers'
[2024-01-18T17:49:19.900+0100] {processor.py:376} WARNING - Error when trying to pre-import module 'airflow.hooks.hdfs_hook' found in /home/ubuntu/airflow/dags/CoinMarketCap.py: No module named 'airflow.hooks.hdfs_hook'
[2024-01-18T17:49:19.901+0100] {processor.py:376} WARNING - Error when trying to pre-import module 'airflow.providers.google.transfers.local_to_gcs' found in /home/ubuntu/airflow/dags/CoinMarketCap.py: No module named 'airflow.providers.google.transfers'
[2024-01-18T17:49:53.199+0100] {processor.py:376} WARNING - Error when trying to pre-import module 'airflow.providers.google.transfers.hdfs_to_gcs' found in /home/ubuntu/airflow/dags/CoinMarketCap.py: No module named 'airflow.providers.google.transfers'
[2024-01-18T17:49:53.200+0100] {processor.py:376} WARNING - Error when trying to pre-import module 'airflow.hooks.hdfs_hook' found in /home/ubuntu/airflow/dags/CoinMarketCap.py: No module named 'airflow.hooks.hdfs_hook'
[2024-01-18T17:49:53.201+0100] {processor.py:376} WARNING - Error when trying to pre-import module 'airflow.providers.google.transfers.local_to_gcs' found in /home/ubuntu/airflow/dags/CoinMarketCap.py: No module named 'airflow.providers.google.transfers'
[2024-01-18T17:50:24.296+0100] {processor.py:376} WARNING - Error when trying to pre-import module 'airflow.providers.google.transfers.hdfs_to_gcs' found in /home/ubuntu/airflow/dags/CoinMarketCap.py: No module named 'airflow.providers.google.transfers'
[2024-01-18T17:50:24.297+0100] {processor.py:376} WARNING - Error when trying to pre-import module 'airflow.hooks.hdfs_hook' found in /home/ubuntu/airflow/dags/CoinMarketCap.py: No module named 'airflow.hooks.hdfs_hook'
[2024-01-18T17:50:24.297+0100] {processor.py:376} WARNING - Error when trying to pre-import module 'airflow.providers.google.transfers.local_to_gcs' found in /home/ubuntu/airflow/dags/CoinMarketCap.py: No module named 'airflow.providers.google.transfers'
[[34m2024-01-18T17:50:50.585+0100[0m] {[34mscheduler_job_runner.py:[0m1619} INFO[0m - Adopting or resetting orphaned tasks for active dag runs[0m
[2024-01-18T17:51:25.689+0100] {processor.py:376} WARNING - Error when trying to pre-import module 'airflow.providers.google.transfers.hdfs_to_gcs' found in /home/ubuntu/airflow/dags/CoinMarketCap.py: No module named 'airflow.providers.google.transfers'
[2024-01-18T17:51:25.689+0100] {processor.py:376} WARNING - Error when trying to pre-import module 'airflow.hooks.hdfs_hook' found in /home/ubuntu/airflow/dags/CoinMarketCap.py: No module named 'airflow.hooks.hdfs_hook'
[2024-01-18T17:51:25.690+0100] {processor.py:376} WARNING - Error when trying to pre-import module 'airflow.providers.google.transfers.local_to_gcs' found in /home/ubuntu/airflow/dags/CoinMarketCap.py: No module named 'airflow.providers.google.transfers'
[2024-01-18T17:51:59.998+0100] {processor.py:376} WARNING - Error when trying to pre-import module 'airflow.providers.google.transfers.hdfs_to_gcs' found in /home/ubuntu/airflow/dags/CoinMarketCap.py: No module named 'airflow.providers.google.transfers'
[2024-01-18T17:52:00.000+0100] {processor.py:376} WARNING - Error when trying to pre-import module 'airflow.hooks.hdfs_hook' found in /home/ubuntu/airflow/dags/CoinMarketCap.py: No module named 'airflow.hooks.hdfs_hook'
[2024-01-18T17:52:00.000+0100] {processor.py:376} WARNING - Error when trying to pre-import module 'airflow.providers.google.transfers.local_to_gcs' found in /home/ubuntu/airflow/dags/CoinMarketCap.py: No module named 'airflow.providers.google.transfers'
[2024-01-18T17:52:36.937+0100] {processor.py:376} WARNING - Error when trying to pre-import module 'airflow.providers.google.transfers.hdfs_to_gcs' found in /home/ubuntu/airflow/dags/CoinMarketCap.py: No module named 'airflow.providers.google.transfers'
[2024-01-18T17:52:36.939+0100] {processor.py:376} WARNING - Error when trying to pre-import module 'airflow.hooks.hdfs_hook' found in /home/ubuntu/airflow/dags/CoinMarketCap.py: No module named 'airflow.hooks.hdfs_hook'
[2024-01-18T17:52:36.940+0100] {processor.py:376} WARNING - Error when trying to pre-import module 'airflow.providers.google.transfers.local_to_gcs' found in /home/ubuntu/airflow/dags/CoinMarketCap.py: No module named 'airflow.providers.google.transfers'
[2024-01-18T17:53:18.476+0100] {processor.py:376} WARNING - Error when trying to pre-import module 'airflow.providers.google.transfers.hdfs_to_gcs' found in /home/ubuntu/airflow/dags/CoinMarketCap.py: No module named 'airflow.providers.google.transfers'
[2024-01-18T17:53:18.477+0100] {processor.py:376} WARNING - Error when trying to pre-import module 'airflow.hooks.hdfs_hook' found in /home/ubuntu/airflow/dags/CoinMarketCap.py: No module named 'airflow.hooks.hdfs_hook'
[2024-01-18T17:53:18.477+0100] {processor.py:376} WARNING - Error when trying to pre-import module 'airflow.providers.google.transfers.local_to_gcs' found in /home/ubuntu/airflow/dags/CoinMarketCap.py: No module named 'airflow.providers.google.transfers'
[2024-01-18T17:54:09.003+0100] {processor.py:376} WARNING - Error when trying to pre-import module 'airflow.providers.google.transfers.hdfs_to_gcs' found in /home/ubuntu/airflow/dags/CoinMarketCap.py: No module named 'airflow.providers.google.transfers'
[2024-01-18T17:54:09.003+0100] {processor.py:376} WARNING - Error when trying to pre-import module 'airflow.hooks.hdfs_hook' found in /home/ubuntu/airflow/dags/CoinMarketCap.py: No module named 'airflow.hooks.hdfs_hook'
[2024-01-18T17:54:09.003+0100] {processor.py:376} WARNING - Error when trying to pre-import module 'airflow.providers.google.transfers.local_to_gcs' found in /home/ubuntu/airflow/dags/CoinMarketCap.py: No module named 'airflow.providers.google.transfers'
[2024-01-18T17:54:56.022+0100] {processor.py:376} WARNING - Error when trying to pre-import module 'airflow.providers.google.transfers.hdfs_to_gcs' found in /home/ubuntu/airflow/dags/CoinMarketCap.py: No module named 'airflow.providers.google.transfers'
[2024-01-18T17:54:56.023+0100] {processor.py:376} WARNING - Error when trying to pre-import module 'airflow.hooks.hdfs_hook' found in /home/ubuntu/airflow/dags/CoinMarketCap.py: No module named 'airflow.hooks.hdfs_hook'
[2024-01-18T17:54:56.024+0100] {processor.py:376} WARNING - Error when trying to pre-import module 'airflow.providers.google.transfers.local_to_gcs' found in /home/ubuntu/airflow/dags/CoinMarketCap.py: No module named 'airflow.providers.google.transfers'
[[34m2024-01-18T17:55:51.846+0100[0m] {[34mscheduler_job_runner.py:[0m1619} INFO[0m - Adopting or resetting orphaned tasks for active dag runs[0m
[2024-01-18T17:55:53.304+0100] {processor.py:376} WARNING - Error when trying to pre-import module 'airflow.providers.google.transfers.hdfs_to_gcs' found in /home/ubuntu/airflow/dags/CoinMarketCap.py: No module named 'airflow.providers.google.transfers'
[2024-01-18T17:55:53.305+0100] {processor.py:376} WARNING - Error when trying to pre-import module 'airflow.hooks.hdfs_hook' found in /home/ubuntu/airflow/dags/CoinMarketCap.py: No module named 'airflow.hooks.hdfs_hook'
[2024-01-18T17:55:53.305+0100] {processor.py:376} WARNING - Error when trying to pre-import module 'airflow.providers.google.transfers.local_to_gcs' found in /home/ubuntu/airflow/dags/CoinMarketCap.py: No module named 'airflow.providers.google.transfers'
[2024-01-18T17:56:45.064+0100] {processor.py:376} WARNING - Error when trying to pre-import module 'airflow.providers.google.transfers.hdfs_to_gcs' found in /home/ubuntu/airflow/dags/CoinMarketCap.py: No module named 'airflow.providers.google.transfers'
[2024-01-18T17:56:45.065+0100] {processor.py:376} WARNING - Error when trying to pre-import module 'airflow.hooks.hdfs_hook' found in /home/ubuntu/airflow/dags/CoinMarketCap.py: No module named 'airflow.hooks.hdfs_hook'
[2024-01-18T17:56:45.065+0100] {processor.py:376} WARNING - Error when trying to pre-import module 'airflow.providers.google.transfers.local_to_gcs' found in /home/ubuntu/airflow/dags/CoinMarketCap.py: No module named 'airflow.providers.google.transfers'
[2024-01-18T17:57:19.959+0100] {processor.py:376} WARNING - Error when trying to pre-import module 'airflow.providers.google.transfers.hdfs_to_gcs' found in /home/ubuntu/airflow/dags/CoinMarketCap.py: No module named 'airflow.providers.google.transfers'
[2024-01-18T17:57:19.959+0100] {processor.py:376} WARNING - Error when trying to pre-import module 'airflow.hooks.hdfs_hook' found in /home/ubuntu/airflow/dags/CoinMarketCap.py: No module named 'airflow.hooks.hdfs_hook'
[2024-01-18T17:57:19.960+0100] {processor.py:376} WARNING - Error when trying to pre-import module 'airflow.providers.google.transfers.local_to_gcs' found in /home/ubuntu/airflow/dags/CoinMarketCap.py: No module named 'airflow.providers.google.transfers'
[2024-01-18T17:57:56.888+0100] {processor.py:376} WARNING - Error when trying to pre-import module 'airflow.providers.google.transfers.hdfs_to_gcs' found in /home/ubuntu/airflow/dags/CoinMarketCap.py: No module named 'airflow.providers.google.transfers'
[2024-01-18T17:57:56.888+0100] {processor.py:376} WARNING - Error when trying to pre-import module 'airflow.hooks.hdfs_hook' found in /home/ubuntu/airflow/dags/CoinMarketCap.py: No module named 'airflow.hooks.hdfs_hook'
[2024-01-18T17:57:56.889+0100] {processor.py:376} WARNING - Error when trying to pre-import module 'airflow.providers.google.transfers.local_to_gcs' found in /home/ubuntu/airflow/dags/CoinMarketCap.py: No module named 'airflow.providers.google.transfers'
[2024-01-18T17:58:33.286+0100] {processor.py:376} WARNING - Error when trying to pre-import module 'airflow.providers.google.transfers.hdfs_to_gcs' found in /home/ubuntu/airflow/dags/CoinMarketCap.py: No module named 'airflow.providers.google.transfers'
[2024-01-18T17:58:33.287+0100] {processor.py:376} WARNING - Error when trying to pre-import module 'airflow.hooks.hdfs_hook' found in /home/ubuntu/airflow/dags/CoinMarketCap.py: No module named 'airflow.hooks.hdfs_hook'
[2024-01-18T17:58:33.288+0100] {processor.py:376} WARNING - Error when trying to pre-import module 'airflow.providers.google.transfers.local_to_gcs' found in /home/ubuntu/airflow/dags/CoinMarketCap.py: No module named 'airflow.providers.google.transfers'
[2024-01-18T17:59:31.185+0100] {processor.py:376} WARNING - Error when trying to pre-import module 'airflow.providers.google.transfers.hdfs_to_gcs' found in /home/ubuntu/airflow/dags/CoinMarketCap.py: No module named 'airflow.providers.google.transfers'
[2024-01-18T17:59:31.188+0100] {processor.py:376} WARNING - Error when trying to pre-import module 'airflow.hooks.hdfs_hook' found in /home/ubuntu/airflow/dags/CoinMarketCap.py: No module named 'airflow.hooks.hdfs_hook'
[2024-01-18T17:59:31.189+0100] {processor.py:376} WARNING - Error when trying to pre-import module 'airflow.providers.google.transfers.local_to_gcs' found in /home/ubuntu/airflow/dags/CoinMarketCap.py: No module named 'airflow.providers.google.transfers'
[2024-01-18T18:00:04.205+0100] {processor.py:376} WARNING - Error when trying to pre-import module 'airflow.providers.google.transfers.hdfs_to_gcs' found in /home/ubuntu/airflow/dags/CoinMarketCap.py: No module named 'airflow.providers.google.transfers'
[2024-01-18T18:00:04.207+0100] {processor.py:376} WARNING - Error when trying to pre-import module 'airflow.hooks.hdfs_hook' found in /home/ubuntu/airflow/dags/CoinMarketCap.py: No module named 'airflow.hooks.hdfs_hook'
[2024-01-18T18:00:04.209+0100] {processor.py:376} WARNING - Error when trying to pre-import module 'airflow.providers.google.transfers.local_to_gcs' found in /home/ubuntu/airflow/dags/CoinMarketCap.py: No module named 'airflow.providers.google.transfers'
[[34m2024-01-18T18:00:53.754+0100[0m] {[34mscheduler_job_runner.py:[0m1619} INFO[0m - Adopting or resetting orphaned tasks for active dag runs[0m
[2024-01-18T18:01:03.716+0100] {processor.py:376} WARNING - Error when trying to pre-import module 'airflow.providers.google.transfers.hdfs_to_gcs' found in /home/ubuntu/airflow/dags/CoinMarketCap.py: No module named 'airflow.providers.google.transfers'
[2024-01-18T18:01:03.718+0100] {processor.py:376} WARNING - Error when trying to pre-import module 'airflow.hooks.hdfs_hook' found in /home/ubuntu/airflow/dags/CoinMarketCap.py: No module named 'airflow.hooks.hdfs_hook'
[2024-01-18T18:01:03.719+0100] {processor.py:376} WARNING - Error when trying to pre-import module 'airflow.providers.google.transfers.local_to_gcs' found in /home/ubuntu/airflow/dags/CoinMarketCap.py: No module named 'airflow.providers.google.transfers'
[2024-01-18T18:01:53.286+0100] {processor.py:376} WARNING - Error when trying to pre-import module 'airflow.providers.google.transfers.hdfs_to_gcs' found in /home/ubuntu/airflow/dags/CoinMarketCap.py: No module named 'airflow.providers.google.transfers'
[2024-01-18T18:01:53.287+0100] {processor.py:376} WARNING - Error when trying to pre-import module 'airflow.hooks.hdfs_hook' found in /home/ubuntu/airflow/dags/CoinMarketCap.py: No module named 'airflow.hooks.hdfs_hook'
[2024-01-18T18:01:53.289+0100] {processor.py:376} WARNING - Error when trying to pre-import module 'airflow.providers.google.transfers.local_to_gcs' found in /home/ubuntu/airflow/dags/CoinMarketCap.py: No module named 'airflow.providers.google.transfers'
[2024-01-18T18:02:47.820+0100] {processor.py:376} WARNING - Error when trying to pre-import module 'airflow.providers.google.transfers.hdfs_to_gcs' found in /home/ubuntu/airflow/dags/CoinMarketCap.py: No module named 'airflow.providers.google.transfers'
[2024-01-18T18:02:47.833+0100] {processor.py:376} WARNING - Error when trying to pre-import module 'airflow.hooks.hdfs_hook' found in /home/ubuntu/airflow/dags/CoinMarketCap.py: No module named 'airflow.hooks.hdfs_hook'
[2024-01-18T18:02:47.833+0100] {processor.py:376} WARNING - Error when trying to pre-import module 'airflow.providers.google.transfers.local_to_gcs' found in /home/ubuntu/airflow/dags/CoinMarketCap.py: No module named 'airflow.providers.google.transfers'
[2024-01-18T18:03:43.354+0100] {processor.py:376} WARNING - Error when trying to pre-import module 'airflow.providers.google.transfers.hdfs_to_gcs' found in /home/ubuntu/airflow/dags/CoinMarketCap.py: No module named 'airflow.providers.google.transfers'
[2024-01-18T18:03:43.356+0100] {processor.py:376} WARNING - Error when trying to pre-import module 'airflow.hooks.hdfs_hook' found in /home/ubuntu/airflow/dags/CoinMarketCap.py: No module named 'airflow.hooks.hdfs_hook'
[2024-01-18T18:03:43.363+0100] {processor.py:376} WARNING - Error when trying to pre-import module 'airflow.providers.google.transfers.local_to_gcs' found in /home/ubuntu/airflow/dags/CoinMarketCap.py: No module named 'airflow.providers.google.transfers'
[2024-01-18T18:04:16.393+0100] {processor.py:376} WARNING - Error when trying to pre-import module 'airflow.providers.google.transfers.hdfs_to_gcs' found in /home/ubuntu/airflow/dags/CoinMarketCap.py: No module named 'airflow.providers.google.transfers'
[2024-01-18T18:04:16.393+0100] {processor.py:376} WARNING - Error when trying to pre-import module 'airflow.hooks.hdfs_hook' found in /home/ubuntu/airflow/dags/CoinMarketCap.py: No module named 'airflow.hooks.hdfs_hook'
[2024-01-18T18:04:16.394+0100] {processor.py:376} WARNING - Error when trying to pre-import module 'airflow.providers.google.transfers.local_to_gcs' found in /home/ubuntu/airflow/dags/CoinMarketCap.py: No module named 'airflow.providers.google.transfers'
[2024-01-18T18:05:31.654+0100] {processor.py:376} WARNING - Error when trying to pre-import module 'airflow.providers.google.transfers.hdfs_to_gcs' found in /home/ubuntu/airflow/dags/CoinMarketCap.py: No module named 'airflow.providers.google.transfers'
[2024-01-18T18:05:31.668+0100] {processor.py:376} WARNING - Error when trying to pre-import module 'airflow.hooks.hdfs_hook' found in /home/ubuntu/airflow/dags/CoinMarketCap.py: No module named 'airflow.hooks.hdfs_hook'
[2024-01-18T18:05:31.669+0100] {processor.py:376} WARNING - Error when trying to pre-import module 'airflow.providers.google.transfers.local_to_gcs' found in /home/ubuntu/airflow/dags/CoinMarketCap.py: No module named 'airflow.providers.google.transfers'
[[34m2024-01-18T18:05:53.972+0100[0m] {[34mscheduler_job_runner.py:[0m1619} INFO[0m - Adopting or resetting orphaned tasks for active dag runs[0m
[2024-01-18T18:06:21.657+0100] {processor.py:376} WARNING - Error when trying to pre-import module 'airflow.providers.google.transfers.hdfs_to_gcs' found in /home/ubuntu/airflow/dags/CoinMarketCap.py: No module named 'airflow.providers.google.transfers'
[2024-01-18T18:06:21.657+0100] {processor.py:376} WARNING - Error when trying to pre-import module 'airflow.hooks.hdfs_hook' found in /home/ubuntu/airflow/dags/CoinMarketCap.py: No module named 'airflow.hooks.hdfs_hook'
[2024-01-18T18:06:21.658+0100] {processor.py:376} WARNING - Error when trying to pre-import module 'airflow.providers.google.transfers.local_to_gcs' found in /home/ubuntu/airflow/dags/CoinMarketCap.py: No module named 'airflow.providers.google.transfers'
[2024-01-18T18:06:56.936+0100] {processor.py:376} WARNING - Error when trying to pre-import module 'airflow.providers.google.transfers.hdfs_to_gcs' found in /home/ubuntu/airflow/dags/CoinMarketCap.py: No module named 'airflow.providers.google.transfers'
[2024-01-18T18:06:56.937+0100] {processor.py:376} WARNING - Error when trying to pre-import module 'airflow.hooks.hdfs_hook' found in /home/ubuntu/airflow/dags/CoinMarketCap.py: No module named 'airflow.hooks.hdfs_hook'
[2024-01-18T18:06:56.937+0100] {processor.py:376} WARNING - Error when trying to pre-import module 'airflow.providers.google.transfers.local_to_gcs' found in /home/ubuntu/airflow/dags/CoinMarketCap.py: No module named 'airflow.providers.google.transfers'
[2024-01-18T18:07:33.740+0100] {processor.py:376} WARNING - Error when trying to pre-import module 'airflow.providers.google.transfers.hdfs_to_gcs' found in /home/ubuntu/airflow/dags/CoinMarketCap.py: No module named 'airflow.providers.google.transfers'
[2024-01-18T18:07:33.747+0100] {processor.py:376} WARNING - Error when trying to pre-import module 'airflow.hooks.hdfs_hook' found in /home/ubuntu/airflow/dags/CoinMarketCap.py: No module named 'airflow.hooks.hdfs_hook'
[2024-01-18T18:07:33.751+0100] {processor.py:376} WARNING - Error when trying to pre-import module 'airflow.providers.google.transfers.local_to_gcs' found in /home/ubuntu/airflow/dags/CoinMarketCap.py: No module named 'airflow.providers.google.transfers'
[2024-01-18T18:08:05.744+0100] {processor.py:376} WARNING - Error when trying to pre-import module 'airflow.providers.google.transfers.hdfs_to_gcs' found in /home/ubuntu/airflow/dags/CoinMarketCap.py: No module named 'airflow.providers.google.transfers'
[2024-01-18T18:08:05.744+0100] {processor.py:376} WARNING - Error when trying to pre-import module 'airflow.hooks.hdfs_hook' found in /home/ubuntu/airflow/dags/CoinMarketCap.py: No module named 'airflow.hooks.hdfs_hook'
[2024-01-18T18:08:05.745+0100] {processor.py:376} WARNING - Error when trying to pre-import module 'airflow.providers.google.transfers.local_to_gcs' found in /home/ubuntu/airflow/dags/CoinMarketCap.py: No module named 'airflow.providers.google.transfers'
[2024-01-18T18:08:53.923+0100] {processor.py:376} WARNING - Error when trying to pre-import module 'airflow.providers.google.transfers.hdfs_to_gcs' found in /home/ubuntu/airflow/dags/CoinMarketCap.py: No module named 'airflow.providers.google.transfers'
[2024-01-18T18:08:53.926+0100] {processor.py:376} WARNING - Error when trying to pre-import module 'airflow.hooks.hdfs_hook' found in /home/ubuntu/airflow/dags/CoinMarketCap.py: No module named 'airflow.hooks.hdfs_hook'
[2024-01-18T18:08:53.927+0100] {processor.py:376} WARNING - Error when trying to pre-import module 'airflow.providers.google.transfers.local_to_gcs' found in /home/ubuntu/airflow/dags/CoinMarketCap.py: No module named 'airflow.providers.google.transfers'
[2024-01-18T18:09:34.509+0100] {processor.py:376} WARNING - Error when trying to pre-import module 'airflow.providers.google.transfers.hdfs_to_gcs' found in /home/ubuntu/airflow/dags/CoinMarketCap.py: No module named 'airflow.providers.google.transfers'
[2024-01-18T18:09:34.511+0100] {processor.py:376} WARNING - Error when trying to pre-import module 'airflow.hooks.hdfs_hook' found in /home/ubuntu/airflow/dags/CoinMarketCap.py: No module named 'airflow.hooks.hdfs_hook'
[2024-01-18T18:09:34.511+0100] {processor.py:376} WARNING - Error when trying to pre-import module 'airflow.providers.google.transfers.local_to_gcs' found in /home/ubuntu/airflow/dags/CoinMarketCap.py: No module named 'airflow.providers.google.transfers'
[2024-01-18T18:10:22.266+0100] {processor.py:376} WARNING - Error when trying to pre-import module 'airflow.providers.google.transfers.hdfs_to_gcs' found in /home/ubuntu/airflow/dags/CoinMarketCap.py: No module named 'airflow.providers.google.transfers'
[2024-01-18T18:10:22.267+0100] {processor.py:376} WARNING - Error when trying to pre-import module 'airflow.hooks.hdfs_hook' found in /home/ubuntu/airflow/dags/CoinMarketCap.py: No module named 'airflow.hooks.hdfs_hook'
[2024-01-18T18:10:22.269+0100] {processor.py:376} WARNING - Error when trying to pre-import module 'airflow.providers.google.transfers.local_to_gcs' found in /home/ubuntu/airflow/dags/CoinMarketCap.py: No module named 'airflow.providers.google.transfers'
[2024-01-18T18:10:54.075+0100] {processor.py:376} WARNING - Error when trying to pre-import module 'airflow.providers.google.transfers.hdfs_to_gcs' found in /home/ubuntu/airflow/dags/CoinMarketCap.py: No module named 'airflow.providers.google.transfers'
[2024-01-18T18:10:54.076+0100] {processor.py:376} WARNING - Error when trying to pre-import module 'airflow.hooks.hdfs_hook' found in /home/ubuntu/airflow/dags/CoinMarketCap.py: No module named 'airflow.hooks.hdfs_hook'
[2024-01-18T18:10:54.080+0100] {processor.py:376} WARNING - Error when trying to pre-import module 'airflow.providers.google.transfers.local_to_gcs' found in /home/ubuntu/airflow/dags/CoinMarketCap.py: No module named 'airflow.providers.google.transfers'
[[34m2024-01-18T18:10:54.505+0100[0m] {[34mscheduler_job_runner.py:[0m1619} INFO[0m - Adopting or resetting orphaned tasks for active dag runs[0m
[2024-01-18T18:11:33.169+0100] {processor.py:376} WARNING - Error when trying to pre-import module 'airflow.providers.google.transfers.hdfs_to_gcs' found in /home/ubuntu/airflow/dags/CoinMarketCap.py: No module named 'airflow.providers.google.transfers'
[2024-01-18T18:11:33.170+0100] {processor.py:376} WARNING - Error when trying to pre-import module 'airflow.hooks.hdfs_hook' found in /home/ubuntu/airflow/dags/CoinMarketCap.py: No module named 'airflow.hooks.hdfs_hook'
[2024-01-18T18:11:33.194+0100] {processor.py:376} WARNING - Error when trying to pre-import module 'airflow.providers.google.transfers.local_to_gcs' found in /home/ubuntu/airflow/dags/CoinMarketCap.py: No module named 'airflow.providers.google.transfers'
[2024-01-18T18:12:10.760+0100] {processor.py:376} WARNING - Error when trying to pre-import module 'airflow.providers.google.transfers.hdfs_to_gcs' found in /home/ubuntu/airflow/dags/CoinMarketCap.py: No module named 'airflow.providers.google.transfers'
[2024-01-18T18:12:10.761+0100] {processor.py:376} WARNING - Error when trying to pre-import module 'airflow.hooks.hdfs_hook' found in /home/ubuntu/airflow/dags/CoinMarketCap.py: No module named 'airflow.hooks.hdfs_hook'
[2024-01-18T18:12:10.761+0100] {processor.py:376} WARNING - Error when trying to pre-import module 'airflow.providers.google.transfers.local_to_gcs' found in /home/ubuntu/airflow/dags/CoinMarketCap.py: No module named 'airflow.providers.google.transfers'
[2024-01-18T18:12:10.761+0100] {processor.py:376} WARNING - Error when trying to pre-import module 'airflow.providers.google.operators.hdfs_to_gcs' found in /home/ubuntu/airflow/dags/CoinMarketCap.py: No module named 'airflow.providers.google.operators'
[2024-01-18T18:12:47.270+0100] {processor.py:376} WARNING - Error when trying to pre-import module 'airflow.providers.google.transfers.hdfs_to_gcs' found in /home/ubuntu/airflow/dags/CoinMarketCap.py: No module named 'airflow.providers.google.transfers'
[2024-01-18T18:12:47.271+0100] {processor.py:376} WARNING - Error when trying to pre-import module 'airflow.hooks.hdfs_hook' found in /home/ubuntu/airflow/dags/CoinMarketCap.py: No module named 'airflow.hooks.hdfs_hook'
[2024-01-18T18:12:47.271+0100] {processor.py:376} WARNING - Error when trying to pre-import module 'airflow.providers.google.transfers.local_to_gcs' found in /home/ubuntu/airflow/dags/CoinMarketCap.py: No module named 'airflow.providers.google.transfers'
[2024-01-18T18:12:47.271+0100] {processor.py:376} WARNING - Error when trying to pre-import module 'airflow.providers.google.operators.hdfs_to_gcs' found in /home/ubuntu/airflow/dags/CoinMarketCap.py: No module named 'airflow.providers.google.operators'
[2024-01-18T18:13:23.279+0100] {processor.py:376} WARNING - Error when trying to pre-import module 'airflow.providers.google.transfers.hdfs_to_gcs' found in /home/ubuntu/airflow/dags/CoinMarketCap.py: No module named 'airflow.providers.google.transfers'
[2024-01-18T18:13:23.309+0100] {processor.py:376} WARNING - Error when trying to pre-import module 'airflow.hooks.hdfs_hook' found in /home/ubuntu/airflow/dags/CoinMarketCap.py: No module named 'airflow.hooks.hdfs_hook'
[2024-01-18T18:13:23.310+0100] {processor.py:376} WARNING - Error when trying to pre-import module 'airflow.providers.google.transfers.local_to_gcs' found in /home/ubuntu/airflow/dags/CoinMarketCap.py: No module named 'airflow.providers.google.transfers'
[2024-01-18T18:13:23.310+0100] {processor.py:376} WARNING - Error when trying to pre-import module 'airflow.providers.google.operators.hdfs_to_gcs' found in /home/ubuntu/airflow/dags/CoinMarketCap.py: No module named 'airflow.providers.google.operators'
[2024-01-18T18:14:05.165+0100] {processor.py:376} WARNING - Error when trying to pre-import module 'airflow.providers.google.transfers.hdfs_to_gcs' found in /home/ubuntu/airflow/dags/CoinMarketCap.py: No module named 'airflow.providers.google.transfers'
[2024-01-18T18:14:05.166+0100] {processor.py:376} WARNING - Error when trying to pre-import module 'airflow.hooks.hdfs_hook' found in /home/ubuntu/airflow/dags/CoinMarketCap.py: No module named 'airflow.hooks.hdfs_hook'
[2024-01-18T18:14:05.166+0100] {processor.py:376} WARNING - Error when trying to pre-import module 'airflow.providers.google.transfers.local_to_gcs' found in /home/ubuntu/airflow/dags/CoinMarketCap.py: No module named 'airflow.providers.google.transfers'
[2024-01-18T18:14:05.167+0100] {processor.py:376} WARNING - Error when trying to pre-import module 'airflow.providers.google.operators.hdfs_to_gcs' found in /home/ubuntu/airflow/dags/CoinMarketCap.py: No module named 'airflow.providers.google.operators'
[2024-01-18T18:14:44.054+0100] {processor.py:376} WARNING - Error when trying to pre-import module 'airflow.hooks.hdfs_hook' found in /home/ubuntu/airflow/dags/CoinMarketCap.py: No module named 'airflow.hooks.hdfs_hook'
[2024-01-18T18:14:44.054+0100] {processor.py:376} WARNING - Error when trying to pre-import module 'airflow.providers.google.operators.local_to_gcs' found in /home/ubuntu/airflow/dags/CoinMarketCap.py: No module named 'airflow.providers.google.operators'
[2024-01-18T18:14:44.055+0100] {processor.py:376} WARNING - Error when trying to pre-import module 'airflow.providers.google.transfers.hdfs_to_gcs' found in /home/ubuntu/airflow/dags/CoinMarketCap.py: No module named 'airflow.providers.google.transfers'
[2024-01-18T18:15:15.199+0100] {processor.py:376} WARNING - Error when trying to pre-import module 'airflow.hooks.hdfs_hook' found in /home/ubuntu/airflow/dags/CoinMarketCap.py: No module named 'airflow.hooks.hdfs_hook'
[2024-01-18T18:15:15.200+0100] {processor.py:376} WARNING - Error when trying to pre-import module 'airflow.providers.google.operators.local_to_gcs' found in /home/ubuntu/airflow/dags/CoinMarketCap.py: No module named 'airflow.providers.google.operators'
[2024-01-18T18:15:15.200+0100] {processor.py:376} WARNING - Error when trying to pre-import module 'airflow.providers.google.transfers.hdfs_to_gcs' found in /home/ubuntu/airflow/dags/CoinMarketCap.py: No module named 'airflow.providers.google.transfers'
