[2024-02-01T17:06:09.921+0100] {processor.py:161} INFO - Started process (PID=43328) to work on /home/ubuntu/.local/lib/python3.10/site-packages/airflow/example_dags/subdags/subdag.py
[2024-02-01T17:06:09.923+0100] {processor.py:830} INFO - Processing file /home/ubuntu/.local/lib/python3.10/site-packages/airflow/example_dags/subdags/subdag.py for tasks to queue
[2024-02-01T17:06:09.924+0100] {logging_mixin.py:188} INFO - [2024-02-01T17:06:09.923+0100] {dagbag.py:538} INFO - Filling up the DagBag from /home/ubuntu/.local/lib/python3.10/site-packages/airflow/example_dags/subdags/subdag.py
[2024-02-01T17:06:09.929+0100] {processor.py:842} WARNING - No viable dags retrieved from /home/ubuntu/.local/lib/python3.10/site-packages/airflow/example_dags/subdags/subdag.py
[2024-02-01T17:06:09.969+0100] {processor.py:183} INFO - Processing /home/ubuntu/.local/lib/python3.10/site-packages/airflow/example_dags/subdags/subdag.py took 0.064 seconds
[2024-02-01T17:07:36.893+0100] {processor.py:161} INFO - Started process (PID=43385) to work on /home/ubuntu/.local/lib/python3.10/site-packages/airflow/example_dags/subdags/subdag.py
[2024-02-01T17:07:36.907+0100] {processor.py:830} INFO - Processing file /home/ubuntu/.local/lib/python3.10/site-packages/airflow/example_dags/subdags/subdag.py for tasks to queue
[2024-02-01T17:07:36.909+0100] {logging_mixin.py:188} INFO - [2024-02-01T17:07:36.908+0100] {dagbag.py:538} INFO - Filling up the DagBag from /home/ubuntu/.local/lib/python3.10/site-packages/airflow/example_dags/subdags/subdag.py
[2024-02-01T17:07:36.912+0100] {processor.py:842} WARNING - No viable dags retrieved from /home/ubuntu/.local/lib/python3.10/site-packages/airflow/example_dags/subdags/subdag.py
[2024-02-01T17:07:36.930+0100] {processor.py:183} INFO - Processing /home/ubuntu/.local/lib/python3.10/site-packages/airflow/example_dags/subdags/subdag.py took 0.045 seconds
[2024-02-01T17:09:11.763+0100] {processor.py:161} INFO - Started process (PID=43464) to work on /home/ubuntu/.local/lib/python3.10/site-packages/airflow/example_dags/subdags/subdag.py
[2024-02-01T17:09:11.814+0100] {processor.py:830} INFO - Processing file /home/ubuntu/.local/lib/python3.10/site-packages/airflow/example_dags/subdags/subdag.py for tasks to queue
[2024-02-01T17:09:11.836+0100] {logging_mixin.py:188} INFO - [2024-02-01T17:09:11.836+0100] {dagbag.py:538} INFO - Filling up the DagBag from /home/ubuntu/.local/lib/python3.10/site-packages/airflow/example_dags/subdags/subdag.py
[2024-02-01T17:09:11.844+0100] {processor.py:842} WARNING - No viable dags retrieved from /home/ubuntu/.local/lib/python3.10/site-packages/airflow/example_dags/subdags/subdag.py
[2024-02-01T17:09:11.884+0100] {processor.py:183} INFO - Processing /home/ubuntu/.local/lib/python3.10/site-packages/airflow/example_dags/subdags/subdag.py took 0.133 seconds
[2024-02-01T17:10:39.861+0100] {processor.py:161} INFO - Started process (PID=43535) to work on /home/ubuntu/.local/lib/python3.10/site-packages/airflow/example_dags/subdags/subdag.py
[2024-02-01T17:10:39.902+0100] {processor.py:830} INFO - Processing file /home/ubuntu/.local/lib/python3.10/site-packages/airflow/example_dags/subdags/subdag.py for tasks to queue
[2024-02-01T17:10:39.904+0100] {logging_mixin.py:188} INFO - [2024-02-01T17:10:39.903+0100] {dagbag.py:538} INFO - Filling up the DagBag from /home/ubuntu/.local/lib/python3.10/site-packages/airflow/example_dags/subdags/subdag.py
[2024-02-01T17:10:39.964+0100] {processor.py:842} WARNING - No viable dags retrieved from /home/ubuntu/.local/lib/python3.10/site-packages/airflow/example_dags/subdags/subdag.py
[2024-02-01T17:10:40.011+0100] {processor.py:183} INFO - Processing /home/ubuntu/.local/lib/python3.10/site-packages/airflow/example_dags/subdags/subdag.py took 0.169 seconds
[2024-02-01T17:12:23.505+0100] {processor.py:161} INFO - Started process (PID=43616) to work on /home/ubuntu/.local/lib/python3.10/site-packages/airflow/example_dags/subdags/subdag.py
[2024-02-01T17:12:23.509+0100] {processor.py:830} INFO - Processing file /home/ubuntu/.local/lib/python3.10/site-packages/airflow/example_dags/subdags/subdag.py for tasks to queue
[2024-02-01T17:12:23.511+0100] {logging_mixin.py:188} INFO - [2024-02-01T17:12:23.510+0100] {dagbag.py:538} INFO - Filling up the DagBag from /home/ubuntu/.local/lib/python3.10/site-packages/airflow/example_dags/subdags/subdag.py
[2024-02-01T17:12:23.517+0100] {processor.py:842} WARNING - No viable dags retrieved from /home/ubuntu/.local/lib/python3.10/site-packages/airflow/example_dags/subdags/subdag.py
[2024-02-01T17:12:23.861+0100] {processor.py:183} INFO - Processing /home/ubuntu/.local/lib/python3.10/site-packages/airflow/example_dags/subdags/subdag.py took 0.366 seconds
[2024-02-01T17:13:28.451+0100] {processor.py:161} INFO - Started process (PID=43689) to work on /home/ubuntu/.local/lib/python3.10/site-packages/airflow/example_dags/subdags/subdag.py
[2024-02-01T17:13:28.474+0100] {processor.py:830} INFO - Processing file /home/ubuntu/.local/lib/python3.10/site-packages/airflow/example_dags/subdags/subdag.py for tasks to queue
[2024-02-01T17:13:28.475+0100] {logging_mixin.py:188} INFO - [2024-02-01T17:13:28.474+0100] {dagbag.py:538} INFO - Filling up the DagBag from /home/ubuntu/.local/lib/python3.10/site-packages/airflow/example_dags/subdags/subdag.py
[2024-02-01T17:13:28.497+0100] {processor.py:842} WARNING - No viable dags retrieved from /home/ubuntu/.local/lib/python3.10/site-packages/airflow/example_dags/subdags/subdag.py
[2024-02-01T17:13:28.556+0100] {processor.py:183} INFO - Processing /home/ubuntu/.local/lib/python3.10/site-packages/airflow/example_dags/subdags/subdag.py took 0.129 seconds
[2024-02-01T17:14:24.219+0100] {processor.py:161} INFO - Started process (PID=43774) to work on /home/ubuntu/.local/lib/python3.10/site-packages/airflow/example_dags/subdags/subdag.py
[2024-02-01T17:14:24.250+0100] {processor.py:830} INFO - Processing file /home/ubuntu/.local/lib/python3.10/site-packages/airflow/example_dags/subdags/subdag.py for tasks to queue
[2024-02-01T17:14:24.253+0100] {logging_mixin.py:188} INFO - [2024-02-01T17:14:24.250+0100] {dagbag.py:538} INFO - Filling up the DagBag from /home/ubuntu/.local/lib/python3.10/site-packages/airflow/example_dags/subdags/subdag.py
[2024-02-01T17:14:24.258+0100] {processor.py:842} WARNING - No viable dags retrieved from /home/ubuntu/.local/lib/python3.10/site-packages/airflow/example_dags/subdags/subdag.py
[2024-02-01T17:14:24.315+0100] {processor.py:183} INFO - Processing /home/ubuntu/.local/lib/python3.10/site-packages/airflow/example_dags/subdags/subdag.py took 0.114 seconds
